20785 [main] INFO   o.s.boot.StartupInfoLogger.logStarting 50  - Starting App on Oluwasakins-MacBook-Pro.local with PID 25979 (/Users/oluwasakinoluwatobi/eclipse-workspace/homeFellowship/target/classes started by oluwasakinoluwatobi in /Users/oluwasakinoluwatobi/eclipse-workspace/homeFellowship)
20789 [main] DEBUG  o.s.boot.StartupInfoLogger.logStarting 53  - Running with Spring Boot v2.0.2.RELEASE, Spring v5.0.6.RELEASE
20792 [main] INFO   o.s.boot.SpringApplication.logStartupProfileInfo 659  - No active profile set, falling back to default profiles: default
22008 [main] INFO   com.portal.homeFellowship.App$1.customizeConnector 56  - Set MaxSwallowSize 50000000
22023 [main] DEBUG  o.s.b.w.servlet.server.DocumentRoot.getArchiveFileDocumentRoot 82  - Code archive: /Users/oluwasakinoluwatobi/.m2/repository/org/springframework/boot/spring-boot/2.0.2.RELEASE/spring-boot-2.0.2.RELEASE.jar
22023 [main] DEBUG  o.s.b.w.servlet.server.DocumentRoot.getExplodedWarFileDocumentRoot 126  - Code archive: /Users/oluwasakinoluwatobi/.m2/repository/org/springframework/boot/spring-boot/2.0.2.RELEASE/spring-boot-2.0.2.RELEASE.jar
22024 [main] DEBUG  o.s.b.w.servlet.server.DocumentRoot.getValidDirectory 70  - Document root: /Users/oluwasakinoluwatobi/eclipse-workspace/homeFellowship/src/main/webapp
22804 [localhost-startStop-1] INFO   c.p.h.c.MyRequestContextListener.startup 19  - ***************************REQUEST CONTEXT LISTENER STARTED******************************
22867 [main] INFO   c.p.h.c.JdbcConfiguration.startup 29  - ***************************APPLICATION CONTEXT STARTED******************************
24264 [main] INFO   o.s.boot.StartupInfoLogger.logStarted 59  - Started App in 23.79 seconds (JVM running for 24.602)
33744 [http-nio-1100-exec-2] INFO   c.p.homeFellowship.WelcomeController.loginPage 127  - login here
52338 [http-nio-1100-exec-1] INFO   c.p.h.s.CustomUserDetailsService.authenticate 56  - ********** User top : OOLUWASAKIN *************
52338 [http-nio-1100-exec-1] INFO   c.p.h.s.CustomUserDetailsService.authenticate 57  - ********** IP Address : 0:0:0:0:0:0:0:1 *************
52339 [http-nio-1100-exec-1] INFO   c.p.h.s.CustomUserDetailsService.authenticate 61  - **********credentials KJ *************
52370 [http-nio-1100-exec-1] INFO   c.p.h.service.UserAdminServiceImpl.performBasicADAuthentication 49  - ********** The user is:OOLUWASAKIN *********
52371 [http-nio-1100-exec-1] INFO   c.p.h.service.UserAdminServiceImpl.performBasicADAuthentication 62  - ********** isAuthenticated? true *********
57901 [http-nio-1100-exec-1] INFO   c.p.h.service.UserAdminServiceImpl.performBasicADAuthentication 82  - ********Is user Validated: true *********
57902 [http-nio-1100-exec-1] INFO   c.p.h.service.UserAdminServiceImpl.performBasicADAuthentication 90  - ********got here *********
57927 [http-nio-1100-exec-1] INFO   c.p.h.service.UserAdminServiceImpl.performBasicADAuthentication 102  - ********Is user Edited: false *********
57927 [http-nio-1100-exec-1] INFO   c.p.h.service.UserAdminServiceImpl.performBasicADAuthentication 112  - ********Is user Edited: false *********
57927 [http-nio-1100-exec-1] INFO   c.p.h.service.UserAdminServiceImpl.performBasicADAuthentication 123  - ********userprofile ==> User1 [userID=573, affiliateID=0, userTransactionLimit=0, active=true, userRoles=ADMIN, operationUser=true, userFullName=Oluwasakin Tobi, userEmailAdd=ooluwasakin@ecobank.com, userBranch=325, passwordExpiryPolicy=password unique to user, authorisedUserFlag=true, userName=ooluwasakin, serverIP=null, serviceClient=null, affiliateCode=ENG, userProfiles=[], tokenGroup=null, createdBy=null, deleteFlag=null, dateCreated=null, editedFlag=false, editedRoleFlag=false]    *********
57928 [http-nio-1100-exec-1] INFO   c.p.h.service.UserAdminServiceImpl.performBasicADAuthentication 150  - ***********userinfo***************User [userID=573, affiliate=ENG, limitAmount=0, active=true, userRolesStr=ADMIN, operationUser=true, fullName=Oluwasakin Tobi, firstName=Oluwasakin, lastName=Tobi, email=ooluwasakin@ecobank.com, branchCode=325, passwordExpiryPolicy=password unique to user, authorised=false, adUsername=ooluwasakin, password=null, userProfiles=[], currentLoginIPAddress=0:0:0:0:0:0:0:1, userFullName=null, customActivities=[], dateCreated=null, editedFlag=false, editedRoleFlag=false]
57930 [http-nio-1100-exec-1] INFO   c.p.h.s.CustomUserDetailsService.authenticate 86  - XXXX User before Adding ==> User [userID=573, affiliate=ENG, limitAmount=0, active=true, userRolesStr=ADMIN, operationUser=true, fullName=Oluwasakin Tobi, firstName=Oluwasakin, lastName=Tobi, email=ooluwasakin@ecobank.com, branchCode=325, passwordExpiryPolicy=password unique to user, authorised=false, adUsername=ooluwasakin, password=null, userProfiles=[UserProfileAdmin [roleID=1, type=ADMIN]], currentLoginIPAddress=0:0:0:0:0:0:0:1, userFullName=null, customActivities=[], dateCreated=null, editedFlag=false, editedRoleFlag=false] XXXX
57930 [http-nio-1100-exec-1] INFO   c.p.h.s.CustomUserDetailsService.getGrantedAuthorities 106  - ************ UserProfile : UserProfileAdmin [roleID=1, type=ADMIN] *************
57930 [http-nio-1100-exec-1] INFO   c.p.h.s.CustomUserDetailsService.getGrantedAuthorities 110  - ************ authorities : [ROLE_ADMIN] **************
57939 [http-nio-1100-exec-10] INFO   c.p.homeFellowship.WelcomeController.listUsers 1043  - +++ DASHBOARD ==> 
57983 [http-nio-1100-exec-10] INFO   c.p.h.dao.InquiryDaoImpl.get_user_step_position 204  - returningResultSet user position{r_user_step_position=[]}
57984 [http-nio-1100-exec-10] INFO   c.p.homeFellowship.WelcomeController.listUsers 1047  - responseStepUserStepPositionResp [stepPosition=0, stepid=0, stepName=null]
69591 [http-nio-1100-exec-9] INFO   c.p.h.service.InquiryServiceImpl.getroles 93  - logg
143601 [http-nio-1100-exec-7] INFO   c.p.h.service.InquiryServiceImpl.getroles 93  - logg
885449 [Thread-3] INFO   c.p.h.c.JdbcConfiguration.destroy 85  - **********************Application Destroyed...**********************
20578 [main] INFO   o.s.boot.StartupInfoLogger.logStarting 50  - Starting App on Oluwasakins-MacBook-Pro.local with PID 26004 (/Users/oluwasakinoluwatobi/eclipse-workspace/homeFellowship/target/classes started by oluwasakinoluwatobi in /Users/oluwasakinoluwatobi/eclipse-workspace/homeFellowship)
20581 [main] DEBUG  o.s.boot.StartupInfoLogger.logStarting 53  - Running with Spring Boot v2.0.2.RELEASE, Spring v5.0.6.RELEASE
20583 [main] INFO   o.s.boot.SpringApplication.logStartupProfileInfo 659  - No active profile set, falling back to default profiles: default
21614 [main] INFO   com.portal.homeFellowship.App$1.customizeConnector 56  - Set MaxSwallowSize 50000000
21625 [main] DEBUG  o.s.b.w.servlet.server.DocumentRoot.getArchiveFileDocumentRoot 82  - Code archive: /Users/oluwasakinoluwatobi/.m2/repository/org/springframework/boot/spring-boot/2.0.2.RELEASE/spring-boot-2.0.2.RELEASE.jar
21626 [main] DEBUG  o.s.b.w.servlet.server.DocumentRoot.getExplodedWarFileDocumentRoot 126  - Code archive: /Users/oluwasakinoluwatobi/.m2/repository/org/springframework/boot/spring-boot/2.0.2.RELEASE/spring-boot-2.0.2.RELEASE.jar
21626 [main] DEBUG  o.s.b.w.servlet.server.DocumentRoot.getValidDirectory 70  - Document root: /Users/oluwasakinoluwatobi/eclipse-workspace/homeFellowship/src/main/webapp
22147 [localhost-startStop-1] INFO   c.p.h.c.MyRequestContextListener.startup 19  - ***************************REQUEST CONTEXT LISTENER STARTED******************************
22198 [main] INFO   c.p.h.c.JdbcConfiguration.startup 29  - ***************************APPLICATION CONTEXT STARTED******************************
23391 [main] INFO   o.s.boot.StartupInfoLogger.logStarted 59  - Started App in 23.063 seconds (JVM running for 23.618)
220983 [http-nio-1100-exec-2] INFO   c.p.homeFellowship.WelcomeController.loginPage 127  - login here
231181 [http-nio-1100-exec-10] INFO   c.p.h.s.CustomUserDetailsService.authenticate 56  - ********** User top : ooluwasakin *************
231182 [http-nio-1100-exec-10] INFO   c.p.h.s.CustomUserDetailsService.authenticate 57  - ********** IP Address : 0:0:0:0:0:0:0:1 *************
231182 [http-nio-1100-exec-10] INFO   c.p.h.s.CustomUserDetailsService.authenticate 61  - **********credentials jh *************
231201 [http-nio-1100-exec-10] INFO   c.p.h.service.UserAdminServiceImpl.performBasicADAuthentication 49  - ********** The user is:ooluwasakin *********
231202 [http-nio-1100-exec-10] INFO   c.p.h.service.UserAdminServiceImpl.performBasicADAuthentication 62  - ********** isAuthenticated? true *********
236653 [http-nio-1100-exec-10] INFO   c.p.h.service.UserAdminServiceImpl.performBasicADAuthentication 82  - ********Is user Validated: true *********
236654 [http-nio-1100-exec-10] INFO   c.p.h.service.UserAdminServiceImpl.performBasicADAuthentication 90  - ********got here *********
236677 [http-nio-1100-exec-10] INFO   c.p.h.service.UserAdminServiceImpl.performBasicADAuthentication 102  - ********Is user Edited: false *********
236677 [http-nio-1100-exec-10] INFO   c.p.h.service.UserAdminServiceImpl.performBasicADAuthentication 112  - ********Is user Edited: false *********
236678 [http-nio-1100-exec-10] INFO   c.p.h.service.UserAdminServiceImpl.performBasicADAuthentication 123  - ********userprofile ==> User1 [userID=573, affiliateID=0, userTransactionLimit=0, active=true, userRoles=ADMIN, operationUser=true, userFullName=Oluwasakin Tobi, userEmailAdd=ooluwasakin@ecobank.com, userBranch=325, passwordExpiryPolicy=password unique to user, authorisedUserFlag=true, userName=ooluwasakin, serverIP=null, serviceClient=null, affiliateCode=ENG, userProfiles=[], tokenGroup=null, createdBy=null, deleteFlag=null, dateCreated=null, editedFlag=false, editedRoleFlag=false]    *********
236679 [http-nio-1100-exec-10] INFO   c.p.h.service.UserAdminServiceImpl.performBasicADAuthentication 150  - ***********userinfo***************User [userID=573, affiliate=ENG, limitAmount=0, active=true, userRolesStr=ADMIN, operationUser=true, fullName=Oluwasakin Tobi, firstName=Oluwasakin, lastName=Tobi, email=ooluwasakin@ecobank.com, branchCode=325, passwordExpiryPolicy=password unique to user, authorised=false, adUsername=ooluwasakin, password=null, userProfiles=[], currentLoginIPAddress=0:0:0:0:0:0:0:1, userFullName=null, customActivities=[], dateCreated=null, editedFlag=false, editedRoleFlag=false]
236680 [http-nio-1100-exec-10] INFO   c.p.h.s.CustomUserDetailsService.authenticate 86  - XXXX User before Adding ==> User [userID=573, affiliate=ENG, limitAmount=0, active=true, userRolesStr=ADMIN, operationUser=true, fullName=Oluwasakin Tobi, firstName=Oluwasakin, lastName=Tobi, email=ooluwasakin@ecobank.com, branchCode=325, passwordExpiryPolicy=password unique to user, authorised=false, adUsername=ooluwasakin, password=null, userProfiles=[UserProfileAdmin [roleID=1, type=ADMIN]], currentLoginIPAddress=0:0:0:0:0:0:0:1, userFullName=null, customActivities=[], dateCreated=null, editedFlag=false, editedRoleFlag=false] XXXX
236681 [http-nio-1100-exec-10] INFO   c.p.h.s.CustomUserDetailsService.getGrantedAuthorities 106  - ************ UserProfile : UserProfileAdmin [roleID=1, type=ADMIN] *************
236681 [http-nio-1100-exec-10] INFO   c.p.h.s.CustomUserDetailsService.getGrantedAuthorities 110  - ************ authorities : [ROLE_ADMIN] **************
236690 [http-nio-1100-exec-1] INFO   c.p.homeFellowship.WelcomeController.listUsers 1043  - +++ DASHBOARD ==> 
236738 [http-nio-1100-exec-1] INFO   c.p.h.dao.InquiryDaoImpl.get_user_step_position 204  - returningResultSet user position{r_user_step_position=[]}
236738 [http-nio-1100-exec-1] INFO   c.p.homeFellowship.WelcomeController.listUsers 1047  - responseStepUserStepPositionResp [stepPosition=0, stepid=0, stepName=null]
243904 [http-nio-1100-exec-10] INFO   c.p.h.service.InquiryServiceImpl.getroles 93  - logg
717882 [Thread-3] INFO   c.p.h.c.JdbcConfiguration.destroy 85  - **********************Application Destroyed...**********************
20560 [main] INFO   o.s.boot.StartupInfoLogger.logStarting 50  - Starting App on Oluwasakins-MacBook-Pro.local with PID 26045 (/Users/oluwasakinoluwatobi/eclipse-workspace/homeFellowship/target/classes started by oluwasakinoluwatobi in /Users/oluwasakinoluwatobi/eclipse-workspace/homeFellowship)
20563 [main] DEBUG  o.s.boot.StartupInfoLogger.logStarting 53  - Running with Spring Boot v2.0.2.RELEASE, Spring v5.0.6.RELEASE
20564 [main] INFO   o.s.boot.SpringApplication.logStartupProfileInfo 659  - No active profile set, falling back to default profiles: default
21568 [main] INFO   com.portal.homeFellowship.App$1.customizeConnector 56  - Set MaxSwallowSize 50000000
21579 [main] DEBUG  o.s.b.w.servlet.server.DocumentRoot.getArchiveFileDocumentRoot 82  - Code archive: /Users/oluwasakinoluwatobi/.m2/repository/org/springframework/boot/spring-boot/2.0.2.RELEASE/spring-boot-2.0.2.RELEASE.jar
21579 [main] DEBUG  o.s.b.w.servlet.server.DocumentRoot.getExplodedWarFileDocumentRoot 126  - Code archive: /Users/oluwasakinoluwatobi/.m2/repository/org/springframework/boot/spring-boot/2.0.2.RELEASE/spring-boot-2.0.2.RELEASE.jar
21579 [main] DEBUG  o.s.b.w.servlet.server.DocumentRoot.getValidDirectory 70  - Document root: /Users/oluwasakinoluwatobi/eclipse-workspace/homeFellowship/src/main/webapp
22078 [localhost-startStop-1] INFO   c.p.h.c.MyRequestContextListener.startup 19  - ***************************REQUEST CONTEXT LISTENER STARTED******************************
22129 [main] INFO   c.p.h.c.JdbcConfiguration.startup 29  - ***************************APPLICATION CONTEXT STARTED******************************
23270 [main] INFO   o.s.boot.StartupInfoLogger.logStarted 59  - Started App in 22.938 seconds (JVM running for 23.492)
78114 [http-nio-1100-exec-2] INFO   c.p.homeFellowship.WelcomeController.loginPage 127  - login here
84343 [http-nio-1100-exec-1] INFO   c.p.h.s.CustomUserDetailsService.authenticate 56  - ********** User top : ooluwasakin *************
84344 [http-nio-1100-exec-1] INFO   c.p.h.s.CustomUserDetailsService.authenticate 57  - ********** IP Address : 0:0:0:0:0:0:0:1 *************
84344 [http-nio-1100-exec-1] INFO   c.p.h.s.CustomUserDetailsService.authenticate 61  - **********credentials jh *************
84361 [http-nio-1100-exec-1] INFO   c.p.h.service.UserAdminServiceImpl.performBasicADAuthentication 49  - ********** The user is:ooluwasakin *********
84361 [http-nio-1100-exec-1] INFO   c.p.h.service.UserAdminServiceImpl.performBasicADAuthentication 62  - ********** isAuthenticated? true *********
89792 [http-nio-1100-exec-1] INFO   c.p.h.service.UserAdminServiceImpl.performBasicADAuthentication 82  - ********Is user Validated: true *********
89793 [http-nio-1100-exec-1] INFO   c.p.h.service.UserAdminServiceImpl.performBasicADAuthentication 90  - ********got here *********
89822 [http-nio-1100-exec-1] INFO   c.p.h.service.UserAdminServiceImpl.performBasicADAuthentication 102  - ********Is user Edited: false *********
89822 [http-nio-1100-exec-1] INFO   c.p.h.service.UserAdminServiceImpl.performBasicADAuthentication 112  - ********Is user Edited: false *********
89823 [http-nio-1100-exec-1] INFO   c.p.h.service.UserAdminServiceImpl.performBasicADAuthentication 123  - ********userprofile ==> User1 [userID=573, affiliateID=0, userTransactionLimit=0, active=true, userRoles=ADMIN, operationUser=true, userFullName=Oluwasakin Tobi, userEmailAdd=ooluwasakin@ecobank.com, userBranch=325, passwordExpiryPolicy=password unique to user, authorisedUserFlag=true, userName=ooluwasakin, serverIP=null, serviceClient=null, affiliateCode=ENG, userProfiles=[], tokenGroup=null, createdBy=null, deleteFlag=null, dateCreated=null, editedFlag=false, editedRoleFlag=false]    *********
89824 [http-nio-1100-exec-1] INFO   c.p.h.service.UserAdminServiceImpl.performBasicADAuthentication 150  - ***********userinfo***************User [userID=573, affiliate=ENG, limitAmount=0, active=true, userRolesStr=ADMIN, operationUser=true, fullName=Oluwasakin Tobi, firstName=Oluwasakin, lastName=Tobi, email=ooluwasakin@ecobank.com, branchCode=325, passwordExpiryPolicy=password unique to user, authorised=false, adUsername=ooluwasakin, password=null, userProfiles=[], currentLoginIPAddress=0:0:0:0:0:0:0:1, userFullName=null, customActivities=[], dateCreated=null, editedFlag=false, editedRoleFlag=false]
89825 [http-nio-1100-exec-1] INFO   c.p.h.s.CustomUserDetailsService.authenticate 86  - XXXX User before Adding ==> User [userID=573, affiliate=ENG, limitAmount=0, active=true, userRolesStr=ADMIN, operationUser=true, fullName=Oluwasakin Tobi, firstName=Oluwasakin, lastName=Tobi, email=ooluwasakin@ecobank.com, branchCode=325, passwordExpiryPolicy=password unique to user, authorised=false, adUsername=ooluwasakin, password=null, userProfiles=[UserProfileAdmin [roleID=1, type=ADMIN]], currentLoginIPAddress=0:0:0:0:0:0:0:1, userFullName=null, customActivities=[], dateCreated=null, editedFlag=false, editedRoleFlag=false] XXXX
89826 [http-nio-1100-exec-1] INFO   c.p.h.s.CustomUserDetailsService.getGrantedAuthorities 106  - ************ UserProfile : UserProfileAdmin [roleID=1, type=ADMIN] *************
89826 [http-nio-1100-exec-1] INFO   c.p.h.s.CustomUserDetailsService.getGrantedAuthorities 110  - ************ authorities : [ROLE_ADMIN] **************
89836 [http-nio-1100-exec-10] INFO   c.p.homeFellowship.WelcomeController.listUsers 1043  - +++ DASHBOARD ==> 
89885 [http-nio-1100-exec-10] INFO   c.p.h.dao.InquiryDaoImpl.get_user_step_position 204  - returningResultSet user position{r_user_step_position=[]}
89886 [http-nio-1100-exec-10] INFO   c.p.homeFellowship.WelcomeController.listUsers 1047  - responseStepUserStepPositionResp [stepPosition=0, stepid=0, stepName=null]
125180 [Thread-3] INFO   c.p.h.c.JdbcConfiguration.destroy 85  - **********************Application Destroyed...**********************
20572 [main] INFO   o.s.boot.StartupInfoLogger.logStarting 50  - Starting App on Oluwasakins-MacBook-Pro.local with PID 26048 (/Users/oluwasakinoluwatobi/eclipse-workspace/homeFellowship/target/classes started by oluwasakinoluwatobi in /Users/oluwasakinoluwatobi/eclipse-workspace/homeFellowship)
20575 [main] DEBUG  o.s.boot.StartupInfoLogger.logStarting 53  - Running with Spring Boot v2.0.2.RELEASE, Spring v5.0.6.RELEASE
20577 [main] INFO   o.s.boot.SpringApplication.logStartupProfileInfo 659  - No active profile set, falling back to default profiles: default
21640 [main] INFO   com.portal.homeFellowship.App$1.customizeConnector 56  - Set MaxSwallowSize 50000000
21655 [main] DEBUG  o.s.b.w.servlet.server.DocumentRoot.getArchiveFileDocumentRoot 82  - Code archive: /Users/oluwasakinoluwatobi/.m2/repository/org/springframework/boot/spring-boot/2.0.2.RELEASE/spring-boot-2.0.2.RELEASE.jar
21655 [main] DEBUG  o.s.b.w.servlet.server.DocumentRoot.getExplodedWarFileDocumentRoot 126  - Code archive: /Users/oluwasakinoluwatobi/.m2/repository/org/springframework/boot/spring-boot/2.0.2.RELEASE/spring-boot-2.0.2.RELEASE.jar
21655 [main] DEBUG  o.s.b.w.servlet.server.DocumentRoot.getValidDirectory 70  - Document root: /Users/oluwasakinoluwatobi/eclipse-workspace/homeFellowship/src/main/webapp
22165 [localhost-startStop-1] INFO   c.p.h.c.MyRequestContextListener.startup 19  - ***************************REQUEST CONTEXT LISTENER STARTED******************************
22222 [main] INFO   c.p.h.c.JdbcConfiguration.startup 29  - ***************************APPLICATION CONTEXT STARTED******************************
23454 [main] INFO   o.s.boot.StartupInfoLogger.logStarted 59  - Started App in 23.146 seconds (JVM running for 23.667)
38593 [Thread-3] INFO   c.p.h.c.JdbcConfiguration.destroy 85  - **********************Application Destroyed...**********************
20511 [main] INFO   o.s.boot.StartupInfoLogger.logStarting 50  - Starting App on Oluwasakins-MacBook-Pro.local with PID 26049 (/Users/oluwasakinoluwatobi/eclipse-workspace/homeFellowship/target/classes started by oluwasakinoluwatobi in /Users/oluwasakinoluwatobi/eclipse-workspace/homeFellowship)
20514 [main] DEBUG  o.s.boot.StartupInfoLogger.logStarting 53  - Running with Spring Boot v2.0.2.RELEASE, Spring v5.0.6.RELEASE
20516 [main] INFO   o.s.boot.SpringApplication.logStartupProfileInfo 659  - No active profile set, falling back to default profiles: default
21509 [main] INFO   com.portal.homeFellowship.App$1.customizeConnector 56  - Set MaxSwallowSize 50000000
21520 [main] DEBUG  o.s.b.w.servlet.server.DocumentRoot.getArchiveFileDocumentRoot 82  - Code archive: /Users/oluwasakinoluwatobi/.m2/repository/org/springframework/boot/spring-boot/2.0.2.RELEASE/spring-boot-2.0.2.RELEASE.jar
21520 [main] DEBUG  o.s.b.w.servlet.server.DocumentRoot.getExplodedWarFileDocumentRoot 126  - Code archive: /Users/oluwasakinoluwatobi/.m2/repository/org/springframework/boot/spring-boot/2.0.2.RELEASE/spring-boot-2.0.2.RELEASE.jar
21520 [main] DEBUG  o.s.b.w.servlet.server.DocumentRoot.getValidDirectory 70  - Document root: /Users/oluwasakinoluwatobi/eclipse-workspace/homeFellowship/src/main/webapp
21952 [localhost-startStop-1] INFO   c.p.h.c.MyRequestContextListener.startup 19  - ***************************REQUEST CONTEXT LISTENER STARTED******************************
22004 [main] INFO   c.p.h.c.JdbcConfiguration.startup 29  - ***************************APPLICATION CONTEXT STARTED******************************
23149 [main] INFO   o.s.boot.StartupInfoLogger.logStarted 59  - Started App in 22.855 seconds (JVM running for 23.363)
26463 [http-nio-1100-exec-2] INFO   c.p.homeFellowship.WelcomeController.loginPage 127  - login here
33378 [http-nio-1100-exec-2] INFO   c.p.h.s.CustomUserDetailsService.authenticate 56  - ********** User top : ooluwasakin *************
33378 [http-nio-1100-exec-2] INFO   c.p.h.s.CustomUserDetailsService.authenticate 57  - ********** IP Address : 0:0:0:0:0:0:0:1 *************
33378 [http-nio-1100-exec-2] INFO   c.p.h.s.CustomUserDetailsService.authenticate 61  - **********credentials ew *************
33395 [http-nio-1100-exec-2] INFO   c.p.h.service.UserAdminServiceImpl.performBasicADAuthentication 49  - ********** The user is:ooluwasakin *********
33396 [http-nio-1100-exec-2] INFO   c.p.h.service.UserAdminServiceImpl.performBasicADAuthentication 62  - ********** isAuthenticated? true *********
38801 [http-nio-1100-exec-2] INFO   c.p.h.service.UserAdminServiceImpl.performBasicADAuthentication 82  - ********Is user Validated: true *********
38801 [http-nio-1100-exec-2] INFO   c.p.h.service.UserAdminServiceImpl.performBasicADAuthentication 90  - ********got here *********
38820 [http-nio-1100-exec-2] INFO   c.p.h.service.UserAdminServiceImpl.performBasicADAuthentication 102  - ********Is user Edited: false *********
38821 [http-nio-1100-exec-2] INFO   c.p.h.service.UserAdminServiceImpl.performBasicADAuthentication 112  - ********Is user Edited: false *********
38821 [http-nio-1100-exec-2] INFO   c.p.h.service.UserAdminServiceImpl.performBasicADAuthentication 123  - ********userprofile ==> User1 [userID=573, affiliateID=0, userTransactionLimit=0, active=true, userRoles=ADMIN, operationUser=true, userFullName=Oluwasakin Tobi, userEmailAdd=ooluwasakin@ecobank.com, userBranch=325, passwordExpiryPolicy=password unique to user, authorisedUserFlag=true, userName=ooluwasakin, serverIP=null, serviceClient=null, affiliateCode=ENG, userProfiles=[], tokenGroup=null, createdBy=null, deleteFlag=null, dateCreated=null, editedFlag=false, editedRoleFlag=false]    *********
38822 [http-nio-1100-exec-2] INFO   c.p.h.service.UserAdminServiceImpl.performBasicADAuthentication 150  - ***********userinfo***************User [userID=573, affiliate=ENG, limitAmount=0, active=true, userRolesStr=ADMIN, operationUser=true, fullName=Oluwasakin Tobi, firstName=Oluwasakin, lastName=Tobi, email=ooluwasakin@ecobank.com, branchCode=325, passwordExpiryPolicy=password unique to user, authorised=false, adUsername=ooluwasakin, password=null, userProfiles=[], currentLoginIPAddress=0:0:0:0:0:0:0:1, userFullName=null, customActivities=[], dateCreated=null, editedFlag=false, editedRoleFlag=false]
38823 [http-nio-1100-exec-2] INFO   c.p.h.s.CustomUserDetailsService.authenticate 86  - XXXX User before Adding ==> User [userID=573, affiliate=ENG, limitAmount=0, active=true, userRolesStr=ADMIN, operationUser=true, fullName=Oluwasakin Tobi, firstName=Oluwasakin, lastName=Tobi, email=ooluwasakin@ecobank.com, branchCode=325, passwordExpiryPolicy=password unique to user, authorised=false, adUsername=ooluwasakin, password=null, userProfiles=[UserProfileAdmin [roleID=1, type=ADMIN]], currentLoginIPAddress=0:0:0:0:0:0:0:1, userFullName=null, customActivities=[], dateCreated=null, editedFlag=false, editedRoleFlag=false] XXXX
38824 [http-nio-1100-exec-2] INFO   c.p.h.s.CustomUserDetailsService.getGrantedAuthorities 106  - ************ UserProfile : UserProfileAdmin [roleID=1, type=ADMIN] *************
38824 [http-nio-1100-exec-2] INFO   c.p.h.s.CustomUserDetailsService.getGrantedAuthorities 110  - ************ authorities : [ROLE_ADMIN] **************
38831 [http-nio-1100-exec-10] INFO   c.p.homeFellowship.WelcomeController.listUsers 1043  - +++ DASHBOARD ==> 
38880 [http-nio-1100-exec-10] INFO   c.p.h.dao.InquiryDaoImpl.get_user_step_position 204  - returningResultSet user position{r_user_step_position=[]}
38881 [http-nio-1100-exec-10] INFO   c.p.homeFellowship.WelcomeController.listUsers 1047  - responseStepUserStepPositionResp [stepPosition=0, stepid=0, stepName=null]
61269 [http-nio-1100-exec-10] INFO   c.p.homeFellowship.WelcomeController.edituserdetails 827  - ++EditUserDetails ==> false
61269 [http-nio-1100-exec-10] INFO   c.p.homeFellowship.WelcomeController.edituserdetails 832  - +++ userID ==> 554
61350 [http-nio-1100-exec-10] INFO   c.p.homeFellowship.WelcomeController.edituserdetails 835  - +++ user ==> User [userID=554, affiliateID=0, userTransactionLimit=0, active=true, userRoles=ADMIN, operationUser=false, userFullName=Salam Hamed, userEmailAdd=hsalam@ecobank.com, userBranch=A01, passwordExpiryPolicy=password unique to user, authorisedUserFlag=true, userName=HSALAM, serverIP=null, serviceClient=null, affiliateCode=ENG, tokenGroup=null, createdBy=null, deleteFlag=0, dateCreated=null, editedFlag=false, editedRoleFlag=false]
61442 [http-nio-1100-exec-10] INFO   c.p.homeFellowship.WelcomeController.edituserdetails 851  - +++ userroles ==> [ADMIN]
61443 [http-nio-1100-exec-10] INFO   c.p.h.service.InquiryServiceImpl.getroles 93  - logg
478580 [Thread-3] INFO   c.p.h.c.JdbcConfiguration.destroy 85  - **********************Application Destroyed...**********************
20629 [main] INFO   o.s.boot.StartupInfoLogger.logStarting 50  - Starting App on Oluwasakins-MacBook-Pro.local with PID 26063 (/Users/oluwasakinoluwatobi/eclipse-workspace/homeFellowship/target/classes started by oluwasakinoluwatobi in /Users/oluwasakinoluwatobi/eclipse-workspace/homeFellowship)
20632 [main] DEBUG  o.s.boot.StartupInfoLogger.logStarting 53  - Running with Spring Boot v2.0.2.RELEASE, Spring v5.0.6.RELEASE
20634 [main] INFO   o.s.boot.SpringApplication.logStartupProfileInfo 659  - No active profile set, falling back to default profiles: default
21680 [main] INFO   com.portal.homeFellowship.App$1.customizeConnector 56  - Set MaxSwallowSize 50000000
21690 [main] DEBUG  o.s.b.w.servlet.server.DocumentRoot.getArchiveFileDocumentRoot 82  - Code archive: /Users/oluwasakinoluwatobi/.m2/repository/org/springframework/boot/spring-boot/2.0.2.RELEASE/spring-boot-2.0.2.RELEASE.jar
21691 [main] DEBUG  o.s.b.w.servlet.server.DocumentRoot.getExplodedWarFileDocumentRoot 126  - Code archive: /Users/oluwasakinoluwatobi/.m2/repository/org/springframework/boot/spring-boot/2.0.2.RELEASE/spring-boot-2.0.2.RELEASE.jar
21691 [main] DEBUG  o.s.b.w.servlet.server.DocumentRoot.getValidDirectory 70  - Document root: /Users/oluwasakinoluwatobi/eclipse-workspace/homeFellowship/src/main/webapp
22166 [localhost-startStop-1] INFO   c.p.h.c.MyRequestContextListener.startup 19  - ***************************REQUEST CONTEXT LISTENER STARTED******************************
22225 [main] INFO   c.p.h.c.JdbcConfiguration.startup 29  - ***************************APPLICATION CONTEXT STARTED******************************
23475 [main] INFO   o.s.boot.StartupInfoLogger.logStarted 59  - Started App in 23.106 seconds (JVM running for 23.707)
28571 [http-nio-1100-exec-2] INFO   c.p.homeFellowship.WelcomeController.loginPage 127  - login here
36243 [http-nio-1100-exec-1] INFO   c.p.h.s.CustomUserDetailsService.authenticate 56  - ********** User top : ooluwasakin *************
36243 [http-nio-1100-exec-1] INFO   c.p.h.s.CustomUserDetailsService.authenticate 57  - ********** IP Address : 0:0:0:0:0:0:0:1 *************
36244 [http-nio-1100-exec-1] INFO   c.p.h.s.CustomUserDetailsService.authenticate 61  - **********credentials jh *************
36279 [http-nio-1100-exec-1] INFO   c.p.h.service.UserAdminServiceImpl.performBasicADAuthentication 49  - ********** The user is:ooluwasakin *********
36280 [http-nio-1100-exec-1] INFO   c.p.h.service.UserAdminServiceImpl.performBasicADAuthentication 62  - ********** isAuthenticated? true *********
41745 [http-nio-1100-exec-1] INFO   c.p.h.service.UserAdminServiceImpl.performBasicADAuthentication 82  - ********Is user Validated: true *********
41746 [http-nio-1100-exec-1] INFO   c.p.h.service.UserAdminServiceImpl.performBasicADAuthentication 90  - ********got here *********
41771 [http-nio-1100-exec-1] INFO   c.p.h.service.UserAdminServiceImpl.performBasicADAuthentication 102  - ********Is user Edited: false *********
41772 [http-nio-1100-exec-1] INFO   c.p.h.service.UserAdminServiceImpl.performBasicADAuthentication 112  - ********Is user Edited: false *********
41772 [http-nio-1100-exec-1] INFO   c.p.h.service.UserAdminServiceImpl.performBasicADAuthentication 123  - ********userprofile ==> User1 [userID=573, affiliateID=0, userTransactionLimit=0, active=true, userRoles=ADMIN, operationUser=true, userFullName=Oluwasakin Tobi, userEmailAdd=ooluwasakin@ecobank.com, userBranch=325, passwordExpiryPolicy=password unique to user, authorisedUserFlag=true, userName=ooluwasakin, serverIP=null, serviceClient=null, affiliateCode=ENG, userProfiles=[], tokenGroup=null, createdBy=null, deleteFlag=null, dateCreated=null, editedFlag=false, editedRoleFlag=false]    *********
41774 [http-nio-1100-exec-1] INFO   c.p.h.service.UserAdminServiceImpl.performBasicADAuthentication 150  - ***********userinfo***************User [userID=573, affiliate=ENG, limitAmount=0, active=true, userRolesStr=ADMIN, operationUser=true, fullName=Oluwasakin Tobi, firstName=Oluwasakin, lastName=Tobi, email=ooluwasakin@ecobank.com, branchCode=325, passwordExpiryPolicy=password unique to user, authorised=false, adUsername=ooluwasakin, password=null, userProfiles=[], currentLoginIPAddress=0:0:0:0:0:0:0:1, userFullName=null, customActivities=[], dateCreated=null, editedFlag=false, editedRoleFlag=false]
41776 [http-nio-1100-exec-1] INFO   c.p.h.s.CustomUserDetailsService.authenticate 86  - XXXX User before Adding ==> User [userID=573, affiliate=ENG, limitAmount=0, active=true, userRolesStr=ADMIN, operationUser=true, fullName=Oluwasakin Tobi, firstName=Oluwasakin, lastName=Tobi, email=ooluwasakin@ecobank.com, branchCode=325, passwordExpiryPolicy=password unique to user, authorised=false, adUsername=ooluwasakin, password=null, userProfiles=[UserProfileAdmin [roleID=1, type=ADMIN]], currentLoginIPAddress=0:0:0:0:0:0:0:1, userFullName=null, customActivities=[], dateCreated=null, editedFlag=false, editedRoleFlag=false] XXXX
41777 [http-nio-1100-exec-1] INFO   c.p.h.s.CustomUserDetailsService.getGrantedAuthorities 106  - ************ UserProfile : UserProfileAdmin [roleID=1, type=ADMIN] *************
41777 [http-nio-1100-exec-1] INFO   c.p.h.s.CustomUserDetailsService.getGrantedAuthorities 110  - ************ authorities : [ROLE_ADMIN] **************
41790 [http-nio-1100-exec-10] INFO   c.p.homeFellowship.WelcomeController.listUsers 1022  - +++ DASHBOARD ==> 
41829 [http-nio-1100-exec-10] INFO   c.p.h.dao.InquiryDaoImpl.get_user_step_position 204  - returningResultSet user position{r_user_step_position=[]}
41830 [http-nio-1100-exec-10] INFO   c.p.homeFellowship.WelcomeController.listUsers 1026  - responseStepUserStepPositionResp [stepPosition=0, stepid=0, stepName=null]
159510 [http-nio-1100-exec-10] INFO   c.p.homeFellowship.WelcomeController.edituserdetails 827  - ++EditUserDetails ==> false
159511 [http-nio-1100-exec-10] INFO   c.p.homeFellowship.WelcomeController.edituserdetails 832  - +++ userID ==> 554
159585 [http-nio-1100-exec-10] INFO   c.p.homeFellowship.WelcomeController.edituserdetails 835  - +++ user ==> User [userID=554, affiliateID=0, userTransactionLimit=0, active=true, userRoles=ADMIN, operationUser=false, userFullName=Salam Hamed, userEmailAdd=hsalam@ecobank.com, userBranch=A01, passwordExpiryPolicy=password unique to user, authorisedUserFlag=true, userName=HSALAM, serverIP=null, serviceClient=null, affiliateCode=ENG, tokenGroup=null, createdBy=null, deleteFlag=0, dateCreated=null, editedFlag=false, editedRoleFlag=false]
159587 [http-nio-1100-exec-10] INFO   c.p.h.service.InquiryServiceImpl.getroles 93  - logg
