20602 [restartedMain] INFO   o.s.boot.StartupInfoLogger.logStarting 50  - Starting App on Oluwasakins-MacBook-Pro.local with PID 10039 (/Users/oluwasakinoluwatobi/eclipse-workspace/homeFellowship/target/classes started by oluwasakinoluwatobi in /Users/oluwasakinoluwatobi/eclipse-workspace/homeFellowship)
20606 [restartedMain] DEBUG  o.s.boot.StartupInfoLogger.logStarting 53  - Running with Spring Boot v2.0.2.RELEASE, Spring v5.0.6.RELEASE
20608 [restartedMain] INFO   o.s.boot.SpringApplication.logStartupProfileInfo 659  - No active profile set, falling back to default profiles: default
21972 [restartedMain] INFO   com.portal.homeFellowship.App$1.customizeConnector 56  - Set MaxSwallowSize 50000000
21981 [restartedMain] DEBUG  o.s.b.w.servlet.server.DocumentRoot.getArchiveFileDocumentRoot 82  - Code archive: /Users/oluwasakinoluwatobi/.m2/repository/org/springframework/boot/spring-boot/2.0.2.RELEASE/spring-boot-2.0.2.RELEASE.jar
21981 [restartedMain] DEBUG  o.s.b.w.servlet.server.DocumentRoot.getExplodedWarFileDocumentRoot 126  - Code archive: /Users/oluwasakinoluwatobi/.m2/repository/org/springframework/boot/spring-boot/2.0.2.RELEASE/spring-boot-2.0.2.RELEASE.jar
21982 [restartedMain] DEBUG  o.s.b.w.servlet.server.DocumentRoot.getValidDirectory 70  - Document root: /Users/oluwasakinoluwatobi/eclipse-workspace/homeFellowship/src/main/webapp
22592 [localhost-startStop-1] INFO   c.p.h.c.MyRequestContextListener.startup 19  - ***************************REQUEST CONTEXT LISTENER STARTED******************************
22678 [restartedMain] INFO   c.p.h.c.JdbcConfiguration.startup 29  - ***************************APPLICATION CONTEXT STARTED******************************
24241 [restartedMain] INFO   o.s.boot.StartupInfoLogger.logStarted 59  - Started App in 23.899 seconds (JVM running for 24.456)
168066 [Thread-9] INFO   c.p.h.c.JdbcConfiguration.destroy 85  - **********************Application Destroyed...**********************
20579 [restartedMain] INFO   o.s.boot.StartupInfoLogger.logStarting 50  - Starting App on Oluwasakins-MacBook-Pro.local with PID 10041 (/Users/oluwasakinoluwatobi/eclipse-workspace/homeFellowship/target/classes started by oluwasakinoluwatobi in /Users/oluwasakinoluwatobi/eclipse-workspace/homeFellowship)
20583 [restartedMain] DEBUG  o.s.boot.StartupInfoLogger.logStarting 53  - Running with Spring Boot v2.0.2.RELEASE, Spring v5.0.6.RELEASE
20585 [restartedMain] INFO   o.s.boot.SpringApplication.logStartupProfileInfo 659  - No active profile set, falling back to default profiles: default
21975 [restartedMain] INFO   com.portal.homeFellowship.App$1.customizeConnector 56  - Set MaxSwallowSize 50000000
21985 [restartedMain] DEBUG  o.s.b.w.servlet.server.DocumentRoot.getArchiveFileDocumentRoot 82  - Code archive: /Users/oluwasakinoluwatobi/.m2/repository/org/springframework/boot/spring-boot/2.0.2.RELEASE/spring-boot-2.0.2.RELEASE.jar
21985 [restartedMain] DEBUG  o.s.b.w.servlet.server.DocumentRoot.getExplodedWarFileDocumentRoot 126  - Code archive: /Users/oluwasakinoluwatobi/.m2/repository/org/springframework/boot/spring-boot/2.0.2.RELEASE/spring-boot-2.0.2.RELEASE.jar
21986 [restartedMain] DEBUG  o.s.b.w.servlet.server.DocumentRoot.getValidDirectory 70  - Document root: /Users/oluwasakinoluwatobi/eclipse-workspace/homeFellowship/src/main/webapp
22568 [localhost-startStop-1] INFO   c.p.h.c.MyRequestContextListener.startup 19  - ***************************REQUEST CONTEXT LISTENER STARTED******************************
22625 [restartedMain] INFO   c.p.h.c.JdbcConfiguration.startup 29  - ***************************APPLICATION CONTEXT STARTED******************************
24310 [restartedMain] INFO   o.s.boot.StartupInfoLogger.logStarted 59  - Started App in 23.976 seconds (JVM running for 24.535)
26895 [http-nio-1100-exec-2] INFO   c.p.homeFellowship.WelcomeController.loginPage 141  - login here
31473 [http-nio-1100-exec-1] INFO   c.p.h.s.CustomUserDetailsService.authenticate 56  - ********** User top : ooluwasakin *************
31474 [http-nio-1100-exec-1] INFO   c.p.h.s.CustomUserDetailsService.authenticate 57  - ********** IP Address : 0:0:0:0:0:0:0:1 *************
31475 [http-nio-1100-exec-1] INFO   c.p.h.s.CustomUserDetailsService.authenticate 61  - **********credentials kjh *************
31491 [http-nio-1100-exec-1] INFO   c.p.h.service.UserAdminServiceImpl.performBasicADAuthentication 49  - ********** The user is:ooluwasakin *********
31492 [http-nio-1100-exec-1] INFO   c.p.h.service.UserAdminServiceImpl.performBasicADAuthentication 62  - ********** isAuthenticated? true *********
37039 [http-nio-1100-exec-1] INFO   c.p.h.service.UserAdminServiceImpl.performBasicADAuthentication 82  - ********Is user Validated: true *********
37039 [http-nio-1100-exec-1] INFO   c.p.h.service.UserAdminServiceImpl.performBasicADAuthentication 90  - ********got here *********
37059 [http-nio-1100-exec-1] INFO   c.p.h.service.UserAdminServiceImpl.performBasicADAuthentication 102  - ********Is user Edited: false *********
37059 [http-nio-1100-exec-1] INFO   c.p.h.service.UserAdminServiceImpl.performBasicADAuthentication 112  - ********Is user Edited: false *********
37059 [http-nio-1100-exec-1] INFO   c.p.h.service.UserAdminServiceImpl.performBasicADAuthentication 123  - ********userprofile ==> User1 [userID=573, affiliateID=0, userTransactionLimit=0, active=true, userRoles=ADMIN, operationUser=true, userFullName=Oluwasakin Tobi, userEmailAdd=ooluwasakin@ecobank.com, userBranch=325, passwordExpiryPolicy=password unique to user, authorisedUserFlag=true, userName=ooluwasakin, serverIP=null, serviceClient=null, affiliateCode=ENG, userProfiles=[], tokenGroup=null, createdBy=null, deleteFlag=null, dateCreated=null, editedFlag=false, editedRoleFlag=false, password=null]    *********
37060 [http-nio-1100-exec-1] INFO   c.p.h.service.UserAdminServiceImpl.performBasicADAuthentication 150  - ***********userinfo***************User [userID=573, affiliate=ENG, limitAmount=0, active=true, userRolesStr=ADMIN, operationUser=true, fullName=Oluwasakin Tobi, firstName=Oluwasakin, lastName=Tobi, email=ooluwasakin@ecobank.com, branchCode=325, passwordExpiryPolicy=password unique to user, authorised=false, adUsername=ooluwasakin, password=null, userProfiles=[], currentLoginIPAddress=0:0:0:0:0:0:0:1, userFullName=null, customActivities=[], dateCreated=null, editedFlag=false, editedRoleFlag=false]
37062 [http-nio-1100-exec-1] INFO   c.p.h.s.CustomUserDetailsService.authenticate 86  - XXXX User before Adding ==> User [userID=573, affiliate=ENG, limitAmount=0, active=true, userRolesStr=ADMIN, operationUser=true, fullName=Oluwasakin Tobi, firstName=Oluwasakin, lastName=Tobi, email=ooluwasakin@ecobank.com, branchCode=325, passwordExpiryPolicy=password unique to user, authorised=false, adUsername=ooluwasakin, password=null, userProfiles=[UserProfileAdmin [roleID=1, type=ADMIN]], currentLoginIPAddress=0:0:0:0:0:0:0:1, userFullName=null, customActivities=[], dateCreated=null, editedFlag=false, editedRoleFlag=false] XXXX
37062 [http-nio-1100-exec-1] INFO   c.p.h.s.CustomUserDetailsService.getGrantedAuthorities 106  - ************ UserProfile : UserProfileAdmin [roleID=1, type=ADMIN] *************
37062 [http-nio-1100-exec-1] INFO   c.p.h.s.CustomUserDetailsService.getGrantedAuthorities 110  - ************ authorities : [ROLE_ADMIN] **************
37070 [http-nio-1100-exec-10] INFO   c.p.homeFellowship.WelcomeController.listUsers 1030  - +++ DASHBOARD ==> 
37128 [http-nio-1100-exec-10] INFO   c.p.h.dao.InquiryDaoImpl.get_user_step_position 204  - returningResultSet user position{r_user_step_position=[]}
37129 [http-nio-1100-exec-10] INFO   c.p.homeFellowship.WelcomeController.listUsers 1034  - responseStepUserStepPositionResp [stepPosition=0, stepid=0, stepName=null]
78794 [Thread-9] INFO   c.p.h.c.JdbcConfiguration.destroy 85  - **********************Application Destroyed...**********************
20560 [restartedMain] INFO   o.s.boot.StartupInfoLogger.logStarting 50  - Starting App on Oluwasakins-MacBook-Pro.local with PID 10042 (/Users/oluwasakinoluwatobi/eclipse-workspace/homeFellowship/target/classes started by oluwasakinoluwatobi in /Users/oluwasakinoluwatobi/eclipse-workspace/homeFellowship)
20564 [restartedMain] DEBUG  o.s.boot.StartupInfoLogger.logStarting 53  - Running with Spring Boot v2.0.2.RELEASE, Spring v5.0.6.RELEASE
20566 [restartedMain] INFO   o.s.boot.SpringApplication.logStartupProfileInfo 659  - No active profile set, falling back to default profiles: default
21927 [restartedMain] INFO   com.portal.homeFellowship.App$1.customizeConnector 56  - Set MaxSwallowSize 50000000
21937 [restartedMain] DEBUG  o.s.b.w.servlet.server.DocumentRoot.getArchiveFileDocumentRoot 82  - Code archive: /Users/oluwasakinoluwatobi/.m2/repository/org/springframework/boot/spring-boot/2.0.2.RELEASE/spring-boot-2.0.2.RELEASE.jar
21937 [restartedMain] DEBUG  o.s.b.w.servlet.server.DocumentRoot.getExplodedWarFileDocumentRoot 126  - Code archive: /Users/oluwasakinoluwatobi/.m2/repository/org/springframework/boot/spring-boot/2.0.2.RELEASE/spring-boot-2.0.2.RELEASE.jar
21937 [restartedMain] DEBUG  o.s.b.w.servlet.server.DocumentRoot.getValidDirectory 70  - Document root: /Users/oluwasakinoluwatobi/eclipse-workspace/homeFellowship/src/main/webapp
22437 [localhost-startStop-1] INFO   c.p.h.c.MyRequestContextListener.startup 19  - ***************************REQUEST CONTEXT LISTENER STARTED******************************
22521 [restartedMain] INFO   c.p.h.c.JdbcConfiguration.startup 29  - ***************************APPLICATION CONTEXT STARTED******************************
23979 [restartedMain] INFO   o.s.boot.StartupInfoLogger.logStarted 59  - Started App in 23.658 seconds (JVM running for 24.2)
28949 [http-nio-1100-exec-2] INFO   c.p.homeFellowship.WelcomeController.loginPage 141  - login here
33804 [http-nio-1100-exec-1] INFO   c.p.h.s.CustomUserDetailsService.authenticate 56  - ********** User top : ooluwasakin *************
33804 [http-nio-1100-exec-1] INFO   c.p.h.s.CustomUserDetailsService.authenticate 57  - ********** IP Address : 0:0:0:0:0:0:0:1 *************
33804 [http-nio-1100-exec-1] INFO   c.p.h.s.CustomUserDetailsService.authenticate 61  - **********credentials jkh *************
33821 [http-nio-1100-exec-1] INFO   c.p.h.service.UserAdminServiceImpl.performBasicADAuthentication 49  - ********** The user is:ooluwasakin *********
33821 [http-nio-1100-exec-1] INFO   c.p.h.service.UserAdminServiceImpl.performBasicADAuthentication 62  - ********** isAuthenticated? true *********
39348 [http-nio-1100-exec-1] INFO   c.p.h.service.UserAdminServiceImpl.performBasicADAuthentication 82  - ********Is user Validated: true *********
39349 [http-nio-1100-exec-1] INFO   c.p.h.service.UserAdminServiceImpl.performBasicADAuthentication 90  - ********got here *********
39375 [http-nio-1100-exec-1] INFO   c.p.h.service.UserAdminServiceImpl.performBasicADAuthentication 102  - ********Is user Edited: false *********
39375 [http-nio-1100-exec-1] INFO   c.p.h.service.UserAdminServiceImpl.performBasicADAuthentication 112  - ********Is user Edited: false *********
39376 [http-nio-1100-exec-1] INFO   c.p.h.service.UserAdminServiceImpl.performBasicADAuthentication 123  - ********userprofile ==> User1 [userID=573, affiliateID=0, userTransactionLimit=0, active=true, userRoles=ADMIN, operationUser=true, userFullName=Oluwasakin Tobi, userEmailAdd=ooluwasakin@ecobank.com, userBranch=325, passwordExpiryPolicy=password unique to user, authorisedUserFlag=true, userName=ooluwasakin, serverIP=null, serviceClient=null, affiliateCode=ENG, userProfiles=[], tokenGroup=null, createdBy=null, deleteFlag=null, dateCreated=null, editedFlag=false, editedRoleFlag=false, password=null]    *********
39377 [http-nio-1100-exec-1] INFO   c.p.h.service.UserAdminServiceImpl.performBasicADAuthentication 150  - ***********userinfo***************User [userID=573, affiliate=ENG, limitAmount=0, active=true, userRolesStr=ADMIN, operationUser=true, fullName=Oluwasakin Tobi, firstName=Oluwasakin, lastName=Tobi, email=ooluwasakin@ecobank.com, branchCode=325, passwordExpiryPolicy=password unique to user, authorised=false, adUsername=ooluwasakin, password=null, userProfiles=[], currentLoginIPAddress=0:0:0:0:0:0:0:1, userFullName=null, customActivities=[], dateCreated=null, editedFlag=false, editedRoleFlag=false]
39378 [http-nio-1100-exec-1] INFO   c.p.h.s.CustomUserDetailsService.authenticate 86  - XXXX User before Adding ==> User [userID=573, affiliate=ENG, limitAmount=0, active=true, userRolesStr=ADMIN, operationUser=true, fullName=Oluwasakin Tobi, firstName=Oluwasakin, lastName=Tobi, email=ooluwasakin@ecobank.com, branchCode=325, passwordExpiryPolicy=password unique to user, authorised=false, adUsername=ooluwasakin, password=null, userProfiles=[UserProfileAdmin [roleID=1, type=ADMIN]], currentLoginIPAddress=0:0:0:0:0:0:0:1, userFullName=null, customActivities=[], dateCreated=null, editedFlag=false, editedRoleFlag=false] XXXX
39379 [http-nio-1100-exec-1] INFO   c.p.h.s.CustomUserDetailsService.getGrantedAuthorities 106  - ************ UserProfile : UserProfileAdmin [roleID=1, type=ADMIN] *************
39379 [http-nio-1100-exec-1] INFO   c.p.h.s.CustomUserDetailsService.getGrantedAuthorities 110  - ************ authorities : [ROLE_ADMIN] **************
39387 [http-nio-1100-exec-10] INFO   c.p.homeFellowship.WelcomeController.listUsers 1030  - +++ DASHBOARD ==> 
39430 [http-nio-1100-exec-10] INFO   c.p.h.dao.InquiryDaoImpl.get_user_step_position 204  - returningResultSet user position{r_user_step_position=[]}
39431 [http-nio-1100-exec-10] INFO   c.p.homeFellowship.WelcomeController.listUsers 1034  - responseStepUserStepPositionResp [stepPosition=0, stepid=0, stepName=null]
182718 [Thread-9] INFO   c.p.h.c.JdbcConfiguration.destroy 85  - **********************Application Destroyed...**********************
20594 [restartedMain] INFO   o.s.boot.StartupInfoLogger.logStarting 50  - Starting App on Oluwasakins-MacBook-Pro.local with PID 10044 (/Users/oluwasakinoluwatobi/eclipse-workspace/homeFellowship/target/classes started by oluwasakinoluwatobi in /Users/oluwasakinoluwatobi/eclipse-workspace/homeFellowship)
20598 [restartedMain] DEBUG  o.s.boot.StartupInfoLogger.logStarting 53  - Running with Spring Boot v2.0.2.RELEASE, Spring v5.0.6.RELEASE
20600 [restartedMain] INFO   o.s.boot.SpringApplication.logStartupProfileInfo 659  - No active profile set, falling back to default profiles: default
22045 [restartedMain] INFO   com.portal.homeFellowship.App$1.customizeConnector 56  - Set MaxSwallowSize 50000000
22055 [restartedMain] DEBUG  o.s.b.w.servlet.server.DocumentRoot.getArchiveFileDocumentRoot 82  - Code archive: /Users/oluwasakinoluwatobi/.m2/repository/org/springframework/boot/spring-boot/2.0.2.RELEASE/spring-boot-2.0.2.RELEASE.jar
22055 [restartedMain] DEBUG  o.s.b.w.servlet.server.DocumentRoot.getExplodedWarFileDocumentRoot 126  - Code archive: /Users/oluwasakinoluwatobi/.m2/repository/org/springframework/boot/spring-boot/2.0.2.RELEASE/spring-boot-2.0.2.RELEASE.jar
22056 [restartedMain] DEBUG  o.s.b.w.servlet.server.DocumentRoot.getValidDirectory 70  - Document root: /Users/oluwasakinoluwatobi/eclipse-workspace/homeFellowship/src/main/webapp
22629 [localhost-startStop-1] INFO   c.p.h.c.MyRequestContextListener.startup 19  - ***************************REQUEST CONTEXT LISTENER STARTED******************************
22719 [restartedMain] INFO   c.p.h.c.JdbcConfiguration.startup 29  - ***************************APPLICATION CONTEXT STARTED******************************
24494 [restartedMain] INFO   o.s.boot.StartupInfoLogger.logStarted 59  - Started App in 24.157 seconds (JVM running for 24.718)
37348 [http-nio-1100-exec-2] INFO   c.p.homeFellowship.WelcomeController.loginPage 141  - login here
42696 [http-nio-1100-exec-1] INFO   c.p.h.s.CustomUserDetailsService.authenticate 56  - ********** User top : ooluwasakin *************
42696 [http-nio-1100-exec-1] INFO   c.p.h.s.CustomUserDetailsService.authenticate 57  - ********** IP Address : 0:0:0:0:0:0:0:1 *************
42696 [http-nio-1100-exec-1] INFO   c.p.h.s.CustomUserDetailsService.authenticate 61  - **********credentials jhg *************
42714 [http-nio-1100-exec-1] INFO   c.p.h.service.UserAdminServiceImpl.performBasicADAuthentication 49  - ********** The user is:ooluwasakin *********
42714 [http-nio-1100-exec-1] INFO   c.p.h.service.UserAdminServiceImpl.performBasicADAuthentication 62  - ********** isAuthenticated? true *********
48244 [http-nio-1100-exec-1] INFO   c.p.h.service.UserAdminServiceImpl.performBasicADAuthentication 82  - ********Is user Validated: true *********
48244 [http-nio-1100-exec-1] INFO   c.p.h.service.UserAdminServiceImpl.performBasicADAuthentication 90  - ********got here *********
48269 [http-nio-1100-exec-1] INFO   c.p.h.service.UserAdminServiceImpl.performBasicADAuthentication 102  - ********Is user Edited: false *********
48270 [http-nio-1100-exec-1] INFO   c.p.h.service.UserAdminServiceImpl.performBasicADAuthentication 112  - ********Is user Edited: false *********
48270 [http-nio-1100-exec-1] INFO   c.p.h.service.UserAdminServiceImpl.performBasicADAuthentication 123  - ********userprofile ==> User1 [userID=573, affiliateID=0, userTransactionLimit=0, active=true, userRoles=ADMIN, operationUser=true, userFullName=Oluwasakin Tobi, userEmailAdd=ooluwasakin@ecobank.com, userBranch=325, passwordExpiryPolicy=password unique to user, authorisedUserFlag=true, userName=ooluwasakin, serverIP=null, serviceClient=null, affiliateCode=ENG, userProfiles=[], tokenGroup=null, createdBy=null, deleteFlag=null, dateCreated=null, editedFlag=false, editedRoleFlag=false, password=null]    *********
48271 [http-nio-1100-exec-1] INFO   c.p.h.service.UserAdminServiceImpl.performBasicADAuthentication 150  - ***********userinfo***************User [userID=573, affiliate=ENG, limitAmount=0, active=true, userRolesStr=ADMIN, operationUser=true, fullName=Oluwasakin Tobi, firstName=Oluwasakin, lastName=Tobi, email=ooluwasakin@ecobank.com, branchCode=325, passwordExpiryPolicy=password unique to user, authorised=false, adUsername=ooluwasakin, password=null, userProfiles=[], currentLoginIPAddress=0:0:0:0:0:0:0:1, userFullName=null, customActivities=[], dateCreated=null, editedFlag=false, editedRoleFlag=false]
48273 [http-nio-1100-exec-1] INFO   c.p.h.s.CustomUserDetailsService.authenticate 86  - XXXX User before Adding ==> User [userID=573, affiliate=ENG, limitAmount=0, active=true, userRolesStr=ADMIN, operationUser=true, fullName=Oluwasakin Tobi, firstName=Oluwasakin, lastName=Tobi, email=ooluwasakin@ecobank.com, branchCode=325, passwordExpiryPolicy=password unique to user, authorised=false, adUsername=ooluwasakin, password=null, userProfiles=[UserProfileAdmin [roleID=1, type=ADMIN]], currentLoginIPAddress=0:0:0:0:0:0:0:1, userFullName=null, customActivities=[], dateCreated=null, editedFlag=false, editedRoleFlag=false] XXXX
48273 [http-nio-1100-exec-1] INFO   c.p.h.s.CustomUserDetailsService.getGrantedAuthorities 106  - ************ UserProfile : UserProfileAdmin [roleID=1, type=ADMIN] *************
48273 [http-nio-1100-exec-1] INFO   c.p.h.s.CustomUserDetailsService.getGrantedAuthorities 110  - ************ authorities : [ROLE_ADMIN] **************
48281 [http-nio-1100-exec-10] INFO   c.p.homeFellowship.WelcomeController.listUsers 1030  - +++ DASHBOARD ==> 
48334 [http-nio-1100-exec-10] INFO   c.p.h.dao.InquiryDaoImpl.get_user_step_position 204  - returningResultSet user position{r_user_step_position=[]}
48335 [http-nio-1100-exec-10] INFO   c.p.homeFellowship.WelcomeController.listUsers 1034  - responseStepUserStepPositionResp [stepPosition=0, stepid=0, stepName=null]
109174 [Thread-9] INFO   c.p.h.c.JdbcConfiguration.destroy 85  - **********************Application Destroyed...**********************
20557 [restartedMain] INFO   o.s.boot.StartupInfoLogger.logStarting 50  - Starting App on Oluwasakins-MacBook-Pro.local with PID 10046 (/Users/oluwasakinoluwatobi/eclipse-workspace/homeFellowship/target/classes started by oluwasakinoluwatobi in /Users/oluwasakinoluwatobi/eclipse-workspace/homeFellowship)
20561 [restartedMain] DEBUG  o.s.boot.StartupInfoLogger.logStarting 53  - Running with Spring Boot v2.0.2.RELEASE, Spring v5.0.6.RELEASE
20562 [restartedMain] INFO   o.s.boot.SpringApplication.logStartupProfileInfo 659  - No active profile set, falling back to default profiles: default
21891 [restartedMain] INFO   com.portal.homeFellowship.App$1.customizeConnector 56  - Set MaxSwallowSize 50000000
21901 [restartedMain] DEBUG  o.s.b.w.servlet.server.DocumentRoot.getArchiveFileDocumentRoot 82  - Code archive: /Users/oluwasakinoluwatobi/.m2/repository/org/springframework/boot/spring-boot/2.0.2.RELEASE/spring-boot-2.0.2.RELEASE.jar
21901 [restartedMain] DEBUG  o.s.b.w.servlet.server.DocumentRoot.getExplodedWarFileDocumentRoot 126  - Code archive: /Users/oluwasakinoluwatobi/.m2/repository/org/springframework/boot/spring-boot/2.0.2.RELEASE/spring-boot-2.0.2.RELEASE.jar
21901 [restartedMain] DEBUG  o.s.b.w.servlet.server.DocumentRoot.getValidDirectory 70  - Document root: /Users/oluwasakinoluwatobi/eclipse-workspace/homeFellowship/src/main/webapp
22458 [localhost-startStop-1] INFO   c.p.h.c.MyRequestContextListener.startup 19  - ***************************REQUEST CONTEXT LISTENER STARTED******************************
22540 [restartedMain] INFO   c.p.h.c.JdbcConfiguration.startup 29  - ***************************APPLICATION CONTEXT STARTED******************************
24122 [restartedMain] INFO   o.s.boot.StartupInfoLogger.logStarted 59  - Started App in 23.796 seconds (JVM running for 24.362)
28801 [http-nio-1100-exec-2] INFO   c.p.homeFellowship.WelcomeController.loginPage 141  - login here
33865 [http-nio-1100-exec-6] INFO   c.p.h.s.CustomUserDetailsService.authenticate 56  - ********** User top : ooluwasakin *************
33865 [http-nio-1100-exec-6] INFO   c.p.h.s.CustomUserDetailsService.authenticate 57  - ********** IP Address : 0:0:0:0:0:0:0:1 *************
33865 [http-nio-1100-exec-6] INFO   c.p.h.s.CustomUserDetailsService.authenticate 61  - **********credentials uh *************
33880 [http-nio-1100-exec-6] INFO   c.p.h.service.UserAdminServiceImpl.performBasicADAuthentication 49  - ********** The user is:ooluwasakin *********
33880 [http-nio-1100-exec-6] INFO   c.p.h.service.UserAdminServiceImpl.performBasicADAuthentication 62  - ********** isAuthenticated? true *********
39389 [http-nio-1100-exec-6] INFO   c.p.h.service.UserAdminServiceImpl.performBasicADAuthentication 82  - ********Is user Validated: true *********
39390 [http-nio-1100-exec-6] INFO   c.p.h.service.UserAdminServiceImpl.performBasicADAuthentication 90  - ********got here *********
39415 [http-nio-1100-exec-6] INFO   c.p.h.service.UserAdminServiceImpl.performBasicADAuthentication 102  - ********Is user Edited: false *********
39415 [http-nio-1100-exec-6] INFO   c.p.h.service.UserAdminServiceImpl.performBasicADAuthentication 112  - ********Is user Edited: false *********
39416 [http-nio-1100-exec-6] INFO   c.p.h.service.UserAdminServiceImpl.performBasicADAuthentication 123  - ********userprofile ==> User1 [userID=573, affiliateID=0, userTransactionLimit=0, active=true, userRoles=ADMIN, operationUser=true, userFullName=Oluwasakin Tobi, userEmailAdd=ooluwasakin@ecobank.com, userBranch=325, passwordExpiryPolicy=password unique to user, authorisedUserFlag=true, userName=ooluwasakin, serverIP=null, serviceClient=null, affiliateCode=ENG, userProfiles=[], tokenGroup=null, createdBy=null, deleteFlag=null, dateCreated=null, editedFlag=false, editedRoleFlag=false, password=null]    *********
39417 [http-nio-1100-exec-6] INFO   c.p.h.service.UserAdminServiceImpl.performBasicADAuthentication 150  - ***********userinfo***************User [userID=573, affiliate=ENG, limitAmount=0, active=true, userRolesStr=ADMIN, operationUser=true, fullName=Oluwasakin Tobi, firstName=Oluwasakin, lastName=Tobi, email=ooluwasakin@ecobank.com, branchCode=325, passwordExpiryPolicy=password unique to user, authorised=false, adUsername=ooluwasakin, password=null, userProfiles=[], currentLoginIPAddress=0:0:0:0:0:0:0:1, userFullName=null, customActivities=[], dateCreated=null, editedFlag=false, editedRoleFlag=false]
39418 [http-nio-1100-exec-6] INFO   c.p.h.s.CustomUserDetailsService.authenticate 86  - XXXX User before Adding ==> User [userID=573, affiliate=ENG, limitAmount=0, active=true, userRolesStr=ADMIN, operationUser=true, fullName=Oluwasakin Tobi, firstName=Oluwasakin, lastName=Tobi, email=ooluwasakin@ecobank.com, branchCode=325, passwordExpiryPolicy=password unique to user, authorised=false, adUsername=ooluwasakin, password=null, userProfiles=[UserProfileAdmin [roleID=1, type=ADMIN]], currentLoginIPAddress=0:0:0:0:0:0:0:1, userFullName=null, customActivities=[], dateCreated=null, editedFlag=false, editedRoleFlag=false] XXXX
39418 [http-nio-1100-exec-6] INFO   c.p.h.s.CustomUserDetailsService.getGrantedAuthorities 106  - ************ UserProfile : UserProfileAdmin [roleID=1, type=ADMIN] *************
39418 [http-nio-1100-exec-6] INFO   c.p.h.s.CustomUserDetailsService.getGrantedAuthorities 110  - ************ authorities : [ROLE_ADMIN] **************
39426 [http-nio-1100-exec-10] INFO   c.p.homeFellowship.WelcomeController.listUsers 1030  - +++ DASHBOARD ==> 
39476 [http-nio-1100-exec-10] INFO   c.p.h.dao.InquiryDaoImpl.get_user_step_position 204  - returningResultSet user position{r_user_step_position=[]}
39476 [http-nio-1100-exec-10] INFO   c.p.homeFellowship.WelcomeController.listUsers 1034  - responseStepUserStepPositionResp [stepPosition=0, stepid=0, stepName=null]
79200 [Thread-9] INFO   c.p.h.c.JdbcConfiguration.destroy 85  - **********************Application Destroyed...**********************
20560 [restartedMain] INFO   o.s.boot.StartupInfoLogger.logStarting 50  - Starting App on Oluwasakins-MacBook-Pro.local with PID 10048 (/Users/oluwasakinoluwatobi/eclipse-workspace/homeFellowship/target/classes started by oluwasakinoluwatobi in /Users/oluwasakinoluwatobi/eclipse-workspace/homeFellowship)
20563 [restartedMain] DEBUG  o.s.boot.StartupInfoLogger.logStarting 53  - Running with Spring Boot v2.0.2.RELEASE, Spring v5.0.6.RELEASE
20565 [restartedMain] INFO   o.s.boot.SpringApplication.logStartupProfileInfo 659  - No active profile set, falling back to default profiles: default
21966 [restartedMain] INFO   com.portal.homeFellowship.App$1.customizeConnector 56  - Set MaxSwallowSize 50000000
21975 [restartedMain] DEBUG  o.s.b.w.servlet.server.DocumentRoot.getArchiveFileDocumentRoot 82  - Code archive: /Users/oluwasakinoluwatobi/.m2/repository/org/springframework/boot/spring-boot/2.0.2.RELEASE/spring-boot-2.0.2.RELEASE.jar
21975 [restartedMain] DEBUG  o.s.b.w.servlet.server.DocumentRoot.getExplodedWarFileDocumentRoot 126  - Code archive: /Users/oluwasakinoluwatobi/.m2/repository/org/springframework/boot/spring-boot/2.0.2.RELEASE/spring-boot-2.0.2.RELEASE.jar
21976 [restartedMain] DEBUG  o.s.b.w.servlet.server.DocumentRoot.getValidDirectory 70  - Document root: /Users/oluwasakinoluwatobi/eclipse-workspace/homeFellowship/src/main/webapp
22496 [localhost-startStop-1] INFO   c.p.h.c.MyRequestContextListener.startup 19  - ***************************REQUEST CONTEXT LISTENER STARTED******************************
22580 [restartedMain] INFO   c.p.h.c.JdbcConfiguration.startup 29  - ***************************APPLICATION CONTEXT STARTED******************************
24156 [restartedMain] INFO   o.s.boot.StartupInfoLogger.logStarted 59  - Started App in 23.831 seconds (JVM running for 24.39)
40598 [http-nio-1100-exec-2] INFO   c.p.homeFellowship.WelcomeController.loginPage 141  - login here
45225 [http-nio-1100-exec-1] INFO   c.p.h.s.CustomUserDetailsService.authenticate 56  - ********** User top : ooluwasakin *************
45225 [http-nio-1100-exec-1] INFO   c.p.h.s.CustomUserDetailsService.authenticate 57  - ********** IP Address : 0:0:0:0:0:0:0:1 *************
45225 [http-nio-1100-exec-1] INFO   c.p.h.s.CustomUserDetailsService.authenticate 61  - **********credentials jh *************
45242 [http-nio-1100-exec-1] INFO   c.p.h.service.UserAdminServiceImpl.performBasicADAuthentication 49  - ********** The user is:ooluwasakin *********
45243 [http-nio-1100-exec-1] INFO   c.p.h.service.UserAdminServiceImpl.performBasicADAuthentication 62  - ********** isAuthenticated? true *********
50784 [http-nio-1100-exec-1] INFO   c.p.h.service.UserAdminServiceImpl.performBasicADAuthentication 82  - ********Is user Validated: true *********
50784 [http-nio-1100-exec-1] INFO   c.p.h.service.UserAdminServiceImpl.performBasicADAuthentication 90  - ********got here *********
50805 [http-nio-1100-exec-1] INFO   c.p.h.service.UserAdminServiceImpl.performBasicADAuthentication 102  - ********Is user Edited: false *********
50806 [http-nio-1100-exec-1] INFO   c.p.h.service.UserAdminServiceImpl.performBasicADAuthentication 112  - ********Is user Edited: false *********
50806 [http-nio-1100-exec-1] INFO   c.p.h.service.UserAdminServiceImpl.performBasicADAuthentication 123  - ********userprofile ==> User1 [userID=573, affiliateID=0, userTransactionLimit=0, active=true, userRoles=ADMIN, operationUser=true, userFullName=Oluwasakin Tobi, userEmailAdd=ooluwasakin@ecobank.com, userBranch=325, passwordExpiryPolicy=password unique to user, authorisedUserFlag=true, userName=ooluwasakin, serverIP=null, serviceClient=null, affiliateCode=ENG, userProfiles=[], tokenGroup=null, createdBy=null, deleteFlag=null, dateCreated=null, editedFlag=false, editedRoleFlag=false, password=null]    *********
50807 [http-nio-1100-exec-1] INFO   c.p.h.service.UserAdminServiceImpl.performBasicADAuthentication 150  - ***********userinfo***************User [userID=573, affiliate=ENG, limitAmount=0, active=true, userRolesStr=ADMIN, operationUser=true, fullName=Oluwasakin Tobi, firstName=Oluwasakin, lastName=Tobi, email=ooluwasakin@ecobank.com, branchCode=325, passwordExpiryPolicy=password unique to user, authorised=false, adUsername=ooluwasakin, password=null, userProfiles=[], currentLoginIPAddress=0:0:0:0:0:0:0:1, userFullName=null, customActivities=[], dateCreated=null, editedFlag=false, editedRoleFlag=false]
50808 [http-nio-1100-exec-1] INFO   c.p.h.s.CustomUserDetailsService.authenticate 86  - XXXX User before Adding ==> User [userID=573, affiliate=ENG, limitAmount=0, active=true, userRolesStr=ADMIN, operationUser=true, fullName=Oluwasakin Tobi, firstName=Oluwasakin, lastName=Tobi, email=ooluwasakin@ecobank.com, branchCode=325, passwordExpiryPolicy=password unique to user, authorised=false, adUsername=ooluwasakin, password=null, userProfiles=[UserProfileAdmin [roleID=1, type=ADMIN]], currentLoginIPAddress=0:0:0:0:0:0:0:1, userFullName=null, customActivities=[], dateCreated=null, editedFlag=false, editedRoleFlag=false] XXXX
50809 [http-nio-1100-exec-1] INFO   c.p.h.s.CustomUserDetailsService.getGrantedAuthorities 106  - ************ UserProfile : UserProfileAdmin [roleID=1, type=ADMIN] *************
50809 [http-nio-1100-exec-1] INFO   c.p.h.s.CustomUserDetailsService.getGrantedAuthorities 110  - ************ authorities : [ROLE_ADMIN] **************
50816 [http-nio-1100-exec-10] INFO   c.p.homeFellowship.WelcomeController.listUsers 1030  - +++ DASHBOARD ==> 
50866 [http-nio-1100-exec-10] INFO   c.p.h.dao.InquiryDaoImpl.get_user_step_position 204  - returningResultSet user position{r_user_step_position=[]}
50867 [http-nio-1100-exec-10] INFO   c.p.homeFellowship.WelcomeController.listUsers 1034  - responseStepUserStepPositionResp [stepPosition=0, stepid=0, stepName=null]
57563 [clientOutboundChannel-1] INFO   c.p.h.c.WebSocketEventListener.handleWebSocketConnectListener 25  - Received a new web socket connection
146113 [http-nio-1100-exec-5] INFO   c.p.homeFellowship.WelcomeController.listUsers 1030  - +++ DASHBOARD ==> 
146159 [http-nio-1100-exec-5] INFO   c.p.h.dao.InquiryDaoImpl.get_user_step_position 204  - returningResultSet user position{r_user_step_position=[]}
146160 [http-nio-1100-exec-5] INFO   c.p.homeFellowship.WelcomeController.listUsers 1034  - responseStepUserStepPositionResp [stepPosition=0, stepid=0, stepName=null]
148889 [http-nio-1100-exec-6] INFO   c.p.h.c.WebSocketEventListener.handleWebSocketDisconnectListener 33  - User connected : Oluwasakin
148889 [http-nio-1100-exec-6] INFO   c.p.h.c.WebSocketEventListener.handleWebSocketDisconnectListener 35  - User Disconnected : Oluwasakin
148901 [http-nio-1100-exec-3] INFO   c.p.homeFellowship.WelcomeController.loginPage 141  - login here
153107 [http-nio-1100-exec-5] INFO   c.p.h.s.CustomUserDetailsService.authenticate 56  - ********** User top : lalimi *************
153108 [http-nio-1100-exec-5] INFO   c.p.h.s.CustomUserDetailsService.authenticate 57  - ********** IP Address : 0:0:0:0:0:0:0:1 *************
153108 [http-nio-1100-exec-5] INFO   c.p.h.s.CustomUserDetailsService.authenticate 61  - **********credentials juh *************
153109 [http-nio-1100-exec-5] INFO   c.p.h.service.UserAdminServiceImpl.performBasicADAuthentication 49  - ********** The user is:lalimi *********
153109 [http-nio-1100-exec-5] INFO   c.p.h.service.UserAdminServiceImpl.performBasicADAuthentication 62  - ********** isAuthenticated? true *********
153120 [http-nio-1100-exec-5] INFO   c.p.h.service.UserAdminServiceImpl.performBasicADAuthentication 82  - ********Is user Validated: true *********
153120 [http-nio-1100-exec-5] INFO   c.p.h.service.UserAdminServiceImpl.performBasicADAuthentication 90  - ********got here *********
153128 [http-nio-1100-exec-5] INFO   c.p.h.service.UserAdminServiceImpl.performBasicADAuthentication 102  - ********Is user Edited: false *********
153128 [http-nio-1100-exec-5] INFO   c.p.h.service.UserAdminServiceImpl.performBasicADAuthentication 112  - ********Is user Edited: false *********
153129 [http-nio-1100-exec-5] INFO   c.p.h.service.UserAdminServiceImpl.performBasicADAuthentication 123  - ********userprofile ==> User1 [userID=529, affiliateID=0, userTransactionLimit=0, active=true, userRoles=ADMIN, operationUser=true, userFullName=LATEEF ALIMI, userEmailAdd=lalimi@ecobank.com, userBranch=A01, passwordExpiryPolicy=password unique to user, authorisedUserFlag=true, userName=lalimi, serverIP=null, serviceClient=null, affiliateCode=ENG, userProfiles=[], tokenGroup=null, createdBy=null, deleteFlag=null, dateCreated=null, editedFlag=false, editedRoleFlag=false, password=null]    *********
153129 [http-nio-1100-exec-5] INFO   c.p.h.service.UserAdminServiceImpl.performBasicADAuthentication 150  - ***********userinfo***************User [userID=529, affiliate=ENG, limitAmount=0, active=true, userRolesStr=ADMIN, operationUser=true, fullName=LATEEF ALIMI, firstName=LATEEF, lastName=ALIMI, email=lalimi@ecobank.com, branchCode=A01, passwordExpiryPolicy=password unique to user, authorised=false, adUsername=lalimi, password=null, userProfiles=[], currentLoginIPAddress=0:0:0:0:0:0:0:1, userFullName=null, customActivities=[], dateCreated=null, editedFlag=false, editedRoleFlag=false]
153129 [http-nio-1100-exec-5] INFO   c.p.h.s.CustomUserDetailsService.authenticate 86  - XXXX User before Adding ==> User [userID=529, affiliate=ENG, limitAmount=0, active=true, userRolesStr=ADMIN, operationUser=true, fullName=LATEEF ALIMI, firstName=LATEEF, lastName=ALIMI, email=lalimi@ecobank.com, branchCode=A01, passwordExpiryPolicy=password unique to user, authorised=false, adUsername=lalimi, password=null, userProfiles=[UserProfileAdmin [roleID=1, type=ADMIN]], currentLoginIPAddress=0:0:0:0:0:0:0:1, userFullName=null, customActivities=[], dateCreated=null, editedFlag=false, editedRoleFlag=false] XXXX
153129 [http-nio-1100-exec-5] INFO   c.p.h.s.CustomUserDetailsService.getGrantedAuthorities 106  - ************ UserProfile : UserProfileAdmin [roleID=1, type=ADMIN] *************
153130 [http-nio-1100-exec-5] INFO   c.p.h.s.CustomUserDetailsService.getGrantedAuthorities 110  - ************ authorities : [ROLE_ADMIN] **************
153133 [http-nio-1100-exec-3] INFO   c.p.homeFellowship.WelcomeController.listUsers 1030  - +++ DASHBOARD ==> 
153173 [http-nio-1100-exec-3] INFO   c.p.h.dao.InquiryDaoImpl.get_user_step_position 204  - returningResultSet user position{r_user_step_position=[]}
153174 [http-nio-1100-exec-3] INFO   c.p.homeFellowship.WelcomeController.listUsers 1034  - responseStepUserStepPositionResp [stepPosition=0, stepid=0, stepName=null]
203361 [http-nio-1100-exec-10] INFO   c.p.homeFellowship.WelcomeController.loginPage 141  - login here
204028 [http-nio-1100-exec-9] INFO   c.p.homeFellowship.WelcomeController.loginPage 141  - login here
204028 [http-nio-1100-exec-10] INFO   c.p.homeFellowship.WelcomeController.loginPage 141  - login here
204085 [http-nio-1100-exec-6] INFO   c.p.homeFellowship.WelcomeController.loginPage 141  - login here
219838 [http-nio-1100-exec-4] INFO   c.p.h.s.CustomUserDetailsService.authenticate 56  - ********** User top : ooluwasakin *************
219839 [http-nio-1100-exec-4] INFO   c.p.h.s.CustomUserDetailsService.authenticate 57  - ********** IP Address : 0:0:0:0:0:0:0:1 *************
219839 [http-nio-1100-exec-4] INFO   c.p.h.s.CustomUserDetailsService.authenticate 61  - **********credentials hjk *************
219839 [http-nio-1100-exec-4] INFO   c.p.h.service.UserAdminServiceImpl.performBasicADAuthentication 49  - ********** The user is:ooluwasakin *********
219840 [http-nio-1100-exec-4] INFO   c.p.h.service.UserAdminServiceImpl.performBasicADAuthentication 62  - ********** isAuthenticated? true *********
219849 [http-nio-1100-exec-4] INFO   c.p.h.service.UserAdminServiceImpl.performBasicADAuthentication 82  - ********Is user Validated: true *********
219850 [http-nio-1100-exec-4] INFO   c.p.h.service.UserAdminServiceImpl.performBasicADAuthentication 90  - ********got here *********
219856 [http-nio-1100-exec-4] INFO   c.p.h.service.UserAdminServiceImpl.performBasicADAuthentication 102  - ********Is user Edited: false *********
219857 [http-nio-1100-exec-4] INFO   c.p.h.service.UserAdminServiceImpl.performBasicADAuthentication 112  - ********Is user Edited: false *********
219857 [http-nio-1100-exec-4] INFO   c.p.h.service.UserAdminServiceImpl.performBasicADAuthentication 123  - ********userprofile ==> User1 [userID=573, affiliateID=0, userTransactionLimit=0, active=true, userRoles=ADMIN, operationUser=true, userFullName=Oluwasakin Tobi, userEmailAdd=ooluwasakin@ecobank.com, userBranch=325, passwordExpiryPolicy=password unique to user, authorisedUserFlag=true, userName=ooluwasakin, serverIP=null, serviceClient=null, affiliateCode=ENG, userProfiles=[], tokenGroup=null, createdBy=null, deleteFlag=null, dateCreated=null, editedFlag=false, editedRoleFlag=false, password=null]    *********
219858 [http-nio-1100-exec-4] INFO   c.p.h.service.UserAdminServiceImpl.performBasicADAuthentication 150  - ***********userinfo***************User [userID=573, affiliate=ENG, limitAmount=0, active=true, userRolesStr=ADMIN, operationUser=true, fullName=Oluwasakin Tobi, firstName=Oluwasakin, lastName=Tobi, email=ooluwasakin@ecobank.com, branchCode=325, passwordExpiryPolicy=password unique to user, authorised=false, adUsername=ooluwasakin, password=null, userProfiles=[], currentLoginIPAddress=0:0:0:0:0:0:0:1, userFullName=null, customActivities=[], dateCreated=null, editedFlag=false, editedRoleFlag=false]
219858 [http-nio-1100-exec-4] INFO   c.p.h.s.CustomUserDetailsService.authenticate 86  - XXXX User before Adding ==> User [userID=573, affiliate=ENG, limitAmount=0, active=true, userRolesStr=ADMIN, operationUser=true, fullName=Oluwasakin Tobi, firstName=Oluwasakin, lastName=Tobi, email=ooluwasakin@ecobank.com, branchCode=325, passwordExpiryPolicy=password unique to user, authorised=false, adUsername=ooluwasakin, password=null, userProfiles=[UserProfileAdmin [roleID=1, type=ADMIN]], currentLoginIPAddress=0:0:0:0:0:0:0:1, userFullName=null, customActivities=[], dateCreated=null, editedFlag=false, editedRoleFlag=false] XXXX
219858 [http-nio-1100-exec-4] INFO   c.p.h.s.CustomUserDetailsService.getGrantedAuthorities 106  - ************ UserProfile : UserProfileAdmin [roleID=1, type=ADMIN] *************
219858 [http-nio-1100-exec-4] INFO   c.p.h.s.CustomUserDetailsService.getGrantedAuthorities 110  - ************ authorities : [ROLE_ADMIN] **************
437861 [Thread-9] INFO   c.p.h.c.JdbcConfiguration.destroy 85  - **********************Application Destroyed...**********************
20572 [restartedMain] INFO   o.s.boot.StartupInfoLogger.logStarting 50  - Starting App on Oluwasakins-MacBook-Pro.local with PID 10079 (/Users/oluwasakinoluwatobi/eclipse-workspace/homeFellowship/target/classes started by oluwasakinoluwatobi in /Users/oluwasakinoluwatobi/eclipse-workspace/homeFellowship)
20576 [restartedMain] DEBUG  o.s.boot.StartupInfoLogger.logStarting 53  - Running with Spring Boot v2.0.2.RELEASE, Spring v5.0.6.RELEASE
20578 [restartedMain] INFO   o.s.boot.SpringApplication.logStartupProfileInfo 659  - No active profile set, falling back to default profiles: default
21992 [restartedMain] INFO   com.portal.homeFellowship.App$1.customizeConnector 56  - Set MaxSwallowSize 50000000
22003 [restartedMain] DEBUG  o.s.b.w.servlet.server.DocumentRoot.getArchiveFileDocumentRoot 82  - Code archive: /Users/oluwasakinoluwatobi/.m2/repository/org/springframework/boot/spring-boot/2.0.2.RELEASE/spring-boot-2.0.2.RELEASE.jar
22003 [restartedMain] DEBUG  o.s.b.w.servlet.server.DocumentRoot.getExplodedWarFileDocumentRoot 126  - Code archive: /Users/oluwasakinoluwatobi/.m2/repository/org/springframework/boot/spring-boot/2.0.2.RELEASE/spring-boot-2.0.2.RELEASE.jar
22003 [restartedMain] DEBUG  o.s.b.w.servlet.server.DocumentRoot.getValidDirectory 70  - Document root: /Users/oluwasakinoluwatobi/eclipse-workspace/homeFellowship/src/main/webapp
22576 [localhost-startStop-1] INFO   c.p.h.c.MyRequestContextListener.startup 19  - ***************************REQUEST CONTEXT LISTENER STARTED******************************
22654 [restartedMain] INFO   c.p.h.c.JdbcConfiguration.startup 29  - ***************************APPLICATION CONTEXT STARTED******************************
23957 [restartedMain] INFO   o.s.boot.StartupInfoLogger.logStarted 59  - Started App in 23.623 seconds (JVM running for 24.191)
32657 [http-nio-1100-exec-2] INFO   c.p.homeFellowship.WelcomeController.loginPage 141  - login here
38883 [http-nio-1100-exec-1] INFO   c.p.h.s.CustomUserDetailsService.authenticate 56  - ********** User top : ooluwasakin *************
38883 [http-nio-1100-exec-1] INFO   c.p.h.s.CustomUserDetailsService.authenticate 57  - ********** IP Address : 0:0:0:0:0:0:0:1 *************
38883 [http-nio-1100-exec-1] INFO   c.p.h.s.CustomUserDetailsService.authenticate 61  - **********credentials jh *************
38900 [http-nio-1100-exec-1] INFO   c.p.h.service.UserAdminServiceImpl.performBasicADAuthentication 49  - ********** The user is:ooluwasakin *********
38901 [http-nio-1100-exec-1] INFO   c.p.h.service.UserAdminServiceImpl.performBasicADAuthentication 62  - ********** isAuthenticated? true *********
44423 [http-nio-1100-exec-1] INFO   c.p.h.service.UserAdminServiceImpl.performBasicADAuthentication 82  - ********Is user Validated: true *********
44423 [http-nio-1100-exec-1] INFO   c.p.h.service.UserAdminServiceImpl.performBasicADAuthentication 90  - ********got here *********
44443 [http-nio-1100-exec-1] INFO   c.p.h.service.UserAdminServiceImpl.performBasicADAuthentication 102  - ********Is user Edited: false *********
44443 [http-nio-1100-exec-1] INFO   c.p.h.service.UserAdminServiceImpl.performBasicADAuthentication 112  - ********Is user Edited: false *********
44443 [http-nio-1100-exec-1] INFO   c.p.h.service.UserAdminServiceImpl.performBasicADAuthentication 123  - ********userprofile ==> User1 [userID=573, affiliateID=0, userTransactionLimit=0, active=true, userRoles=ADMIN, operationUser=true, userFullName=Oluwasakin Tobi, userEmailAdd=ooluwasakin@ecobank.com, userBranch=325, passwordExpiryPolicy=password unique to user, authorisedUserFlag=true, userName=ooluwasakin, serverIP=null, serviceClient=null, affiliateCode=ENG, userProfiles=[], tokenGroup=null, createdBy=null, deleteFlag=null, dateCreated=null, editedFlag=false, editedRoleFlag=false, password=null]    *********
44444 [http-nio-1100-exec-1] INFO   c.p.h.service.UserAdminServiceImpl.performBasicADAuthentication 150  - ***********userinfo***************User [userID=573, affiliate=ENG, limitAmount=0, active=true, userRolesStr=ADMIN, operationUser=true, fullName=Oluwasakin Tobi, firstName=Oluwasakin, lastName=Tobi, email=ooluwasakin@ecobank.com, branchCode=325, passwordExpiryPolicy=password unique to user, authorised=false, adUsername=ooluwasakin, password=null, userProfiles=[], currentLoginIPAddress=0:0:0:0:0:0:0:1, userFullName=null, customActivities=[], dateCreated=null, editedFlag=false, editedRoleFlag=false]
44445 [http-nio-1100-exec-1] INFO   c.p.h.s.CustomUserDetailsService.authenticate 86  - XXXX User before Adding ==> User [userID=573, affiliate=ENG, limitAmount=0, active=true, userRolesStr=ADMIN, operationUser=true, fullName=Oluwasakin Tobi, firstName=Oluwasakin, lastName=Tobi, email=ooluwasakin@ecobank.com, branchCode=325, passwordExpiryPolicy=password unique to user, authorised=false, adUsername=ooluwasakin, password=null, userProfiles=[UserProfileAdmin [roleID=1, type=ADMIN]], currentLoginIPAddress=0:0:0:0:0:0:0:1, userFullName=null, customActivities=[], dateCreated=null, editedFlag=false, editedRoleFlag=false] XXXX
44446 [http-nio-1100-exec-1] INFO   c.p.h.s.CustomUserDetailsService.getGrantedAuthorities 106  - ************ UserProfile : UserProfileAdmin [roleID=1, type=ADMIN] *************
44446 [http-nio-1100-exec-1] INFO   c.p.h.s.CustomUserDetailsService.getGrantedAuthorities 110  - ************ authorities : [ROLE_ADMIN] **************
44453 [http-nio-1100-exec-10] INFO   c.p.homeFellowship.WelcomeController.listUsers 1030  - +++ DASHBOARD ==> 
44496 [http-nio-1100-exec-10] INFO   c.p.h.dao.InquiryDaoImpl.get_user_step_position 204  - returningResultSet user position{r_user_step_position=[]}
44497 [http-nio-1100-exec-10] INFO   c.p.homeFellowship.WelcomeController.listUsers 1034  - responseStepUserStepPositionResp [stepPosition=0, stepid=0, stepName=null]
49271 [http-nio-1100-exec-9] INFO   c.p.homeFellowship.WelcomeController.loginPage 141  - login here
67874 [http-nio-1100-exec-10] INFO   c.p.h.s.CustomUserDetailsService.authenticate 56  - ********** User top : lalimi *************
67875 [http-nio-1100-exec-10] INFO   c.p.h.s.CustomUserDetailsService.authenticate 57  - ********** IP Address : 0:0:0:0:0:0:0:1 *************
67875 [http-nio-1100-exec-10] INFO   c.p.h.s.CustomUserDetailsService.authenticate 61  - **********credentials jh *************
67875 [http-nio-1100-exec-10] INFO   c.p.h.service.UserAdminServiceImpl.performBasicADAuthentication 49  - ********** The user is:lalimi *********
67876 [http-nio-1100-exec-10] INFO   c.p.h.service.UserAdminServiceImpl.performBasicADAuthentication 62  - ********** isAuthenticated? true *********
67885 [http-nio-1100-exec-10] INFO   c.p.h.service.UserAdminServiceImpl.performBasicADAuthentication 82  - ********Is user Validated: true *********
67885 [http-nio-1100-exec-10] INFO   c.p.h.service.UserAdminServiceImpl.performBasicADAuthentication 90  - ********got here *********
67893 [http-nio-1100-exec-10] INFO   c.p.h.service.UserAdminServiceImpl.performBasicADAuthentication 102  - ********Is user Edited: false *********
67893 [http-nio-1100-exec-10] INFO   c.p.h.service.UserAdminServiceImpl.performBasicADAuthentication 112  - ********Is user Edited: false *********
67893 [http-nio-1100-exec-10] INFO   c.p.h.service.UserAdminServiceImpl.performBasicADAuthentication 123  - ********userprofile ==> User1 [userID=529, affiliateID=0, userTransactionLimit=0, active=true, userRoles=ADMIN, operationUser=true, userFullName=LATEEF ALIMI, userEmailAdd=lalimi@ecobank.com, userBranch=A01, passwordExpiryPolicy=password unique to user, authorisedUserFlag=true, userName=lalimi, serverIP=null, serviceClient=null, affiliateCode=ENG, userProfiles=[], tokenGroup=null, createdBy=null, deleteFlag=null, dateCreated=null, editedFlag=false, editedRoleFlag=false, password=null]    *********
67893 [http-nio-1100-exec-10] INFO   c.p.h.service.UserAdminServiceImpl.performBasicADAuthentication 150  - ***********userinfo***************User [userID=529, affiliate=ENG, limitAmount=0, active=true, userRolesStr=ADMIN, operationUser=true, fullName=LATEEF ALIMI, firstName=LATEEF, lastName=ALIMI, email=lalimi@ecobank.com, branchCode=A01, passwordExpiryPolicy=password unique to user, authorised=false, adUsername=lalimi, password=null, userProfiles=[], currentLoginIPAddress=0:0:0:0:0:0:0:1, userFullName=null, customActivities=[], dateCreated=null, editedFlag=false, editedRoleFlag=false]
67894 [http-nio-1100-exec-10] INFO   c.p.h.s.CustomUserDetailsService.authenticate 86  - XXXX User before Adding ==> User [userID=529, affiliate=ENG, limitAmount=0, active=true, userRolesStr=ADMIN, operationUser=true, fullName=LATEEF ALIMI, firstName=LATEEF, lastName=ALIMI, email=lalimi@ecobank.com, branchCode=A01, passwordExpiryPolicy=password unique to user, authorised=false, adUsername=lalimi, password=null, userProfiles=[UserProfileAdmin [roleID=1, type=ADMIN]], currentLoginIPAddress=0:0:0:0:0:0:0:1, userFullName=null, customActivities=[], dateCreated=null, editedFlag=false, editedRoleFlag=false] XXXX
67894 [http-nio-1100-exec-10] INFO   c.p.h.s.CustomUserDetailsService.getGrantedAuthorities 106  - ************ UserProfile : UserProfileAdmin [roleID=1, type=ADMIN] *************
67894 [http-nio-1100-exec-10] INFO   c.p.h.s.CustomUserDetailsService.getGrantedAuthorities 110  - ************ authorities : [ROLE_ADMIN] **************
67939 [http-nio-1100-exec-2] INFO   c.p.homeFellowship.WelcomeController.listUsers 1030  - +++ DASHBOARD ==> 
67978 [http-nio-1100-exec-2] INFO   c.p.h.dao.InquiryDaoImpl.get_user_step_position 204  - returningResultSet user position{r_user_step_position=[]}
67979 [http-nio-1100-exec-2] INFO   c.p.homeFellowship.WelcomeController.listUsers 1034  - responseStepUserStepPositionResp [stepPosition=0, stepid=0, stepName=null]
82550 [clientOutboundChannel-1] INFO   c.p.h.c.WebSocketEventListener.handleWebSocketConnectListener 25  - Received a new web socket connection
97138 [clientOutboundChannel-4] INFO   c.p.h.c.WebSocketEventListener.handleWebSocketConnectListener 25  - Received a new web socket connection
213596 [http-nio-1100-exec-2] INFO   c.p.h.c.WebSocketEventListener.handleWebSocketDisconnectListener 33  - User connected : Oluwasakin
213602 [http-nio-1100-exec-2] INFO   c.p.h.c.WebSocketEventListener.handleWebSocketDisconnectListener 35  - User Disconnected : Oluwasakin
6930334 [ContainerBackgroundProcessor[StandardEngine[Tomcat]]] INFO   c.p.h.c.WebSocketEventListener.handleWebSocketDisconnectListener 33  - User connected : LATEEF
6930337 [ContainerBackgroundProcessor[StandardEngine[Tomcat]]] INFO   c.p.h.c.WebSocketEventListener.handleWebSocketDisconnectListener 35  - User Disconnected : LATEEF
