20847 [main] INFO   o.s.boot.StartupInfoLogger.logStarting 50  - Starting App on Oluwasakins-MacBook-Pro.local with PID 1384 (/Users/oluwasakinoluwatobi/eclipse-workspace/homeFellowship/target/classes started by oluwasakinoluwatobi in /Users/oluwasakinoluwatobi/eclipse-workspace/homeFellowship)
20851 [main] DEBUG  o.s.boot.StartupInfoLogger.logStarting 53  - Running with Spring Boot v2.0.2.RELEASE, Spring v5.0.6.RELEASE
20854 [main] INFO   o.s.boot.SpringApplication.logStartupProfileInfo 659  - No active profile set, falling back to default profiles: default
21926 [main] INFO   com.portal.homeFellowship.App$1.customizeConnector 56  - Set MaxSwallowSize 50000000
21940 [main] DEBUG  o.s.b.w.servlet.server.DocumentRoot.getArchiveFileDocumentRoot 82  - Code archive: /Users/oluwasakinoluwatobi/.m2/repository/org/springframework/boot/spring-boot/2.0.2.RELEASE/spring-boot-2.0.2.RELEASE.jar
21941 [main] DEBUG  o.s.b.w.servlet.server.DocumentRoot.getExplodedWarFileDocumentRoot 126  - Code archive: /Users/oluwasakinoluwatobi/.m2/repository/org/springframework/boot/spring-boot/2.0.2.RELEASE/spring-boot-2.0.2.RELEASE.jar
21941 [main] DEBUG  o.s.b.w.servlet.server.DocumentRoot.getValidDirectory 70  - Document root: /Users/oluwasakinoluwatobi/eclipse-workspace/homeFellowship/src/main/webapp
22405 [localhost-startStop-1] INFO   c.p.h.c.MyRequestContextListener.startup 19  - ***************************REQUEST CONTEXT LISTENER STARTED******************************
22456 [main] INFO   c.p.h.c.JdbcConfiguration.startup 29  - ***************************APPLICATION CONTEXT STARTED******************************
23689 [main] INFO   o.s.boot.StartupInfoLogger.logStarted 59  - Started App in 23.193 seconds (JVM running for 24.002)
52697 [http-nio-1100-exec-2] INFO   c.p.homeFellowship.WelcomeController.loginPage 137  - login here
53863 [http-nio-1100-exec-10] INFO   c.p.homeFellowship.WelcomeController.loginPage 137  - login here
65211 [http-nio-1100-exec-6] INFO   c.p.h.s.CustomUserDetailsService.authenticate 56  - ********** User top : busuyi *************
65212 [http-nio-1100-exec-6] INFO   c.p.h.s.CustomUserDetailsService.authenticate 57  - ********** IP Address : 0:0:0:0:0:0:0:1 *************
65212 [http-nio-1100-exec-6] INFO   c.p.h.s.CustomUserDetailsService.authenticate 61  - **********credentials df *************
65227 [http-nio-1100-exec-6] INFO   c.p.h.service.UserAdminServiceImpl.performBasicADAuthentication 49  - ********** The user is:busuyi *********
65228 [http-nio-1100-exec-6] INFO   c.p.h.service.UserAdminServiceImpl.performBasicADAuthentication 62  - ********** isAuthenticated? true *********
70718 [http-nio-1100-exec-6] INFO   c.p.h.service.UserAdminServiceImpl.performBasicADAuthentication 82  - ********Is user Validated: true *********
70718 [http-nio-1100-exec-6] INFO   c.p.h.service.UserAdminServiceImpl.performBasicADAuthentication 90  - ********got here *********
70743 [http-nio-1100-exec-6] INFO   c.p.h.service.UserAdminServiceImpl.performBasicADAuthentication 102  - ********Is user Edited: false *********
70743 [http-nio-1100-exec-6] INFO   c.p.h.service.UserAdminServiceImpl.performBasicADAuthentication 112  - ********Is user Edited: false *********
70743 [http-nio-1100-exec-6] INFO   c.p.h.service.UserAdminServiceImpl.performBasicADAuthentication 123  - ********userprofile ==> User1 [userID=41, affiliateID=0, userTransactionLimit=null, active=true, userRoles=AREA SUPERVISOR, operationUser=false, userFullName=Adebusuyi Seun, userEmailAdd=busuyi@yahoo.com, userBranch=busuyi, passwordExpiryPolicy=null, authorisedUserFlag=true, userName=busuyi, serverIP=null, serviceClient=null, affiliateCode=ENG, userProfiles=[], tokenGroup=null, createdBy=null, deleteFlag=null, dateCreated=null, editedFlag=false, editedRoleFlag=false, password=null]    *********
70745 [http-nio-1100-exec-6] INFO   c.p.h.service.UserAdminServiceImpl.performBasicADAuthentication 150  - ***********userinfo***************User [userID=41, affiliate=ENG, limitAmount=null, active=true, userRolesStr=AREA SUPERVISOR, operationUser=false, fullName=Adebusuyi Seun, firstName=Adebusuyi, lastName=Seun, email=busuyi@yahoo.com, branchCode=busuyi, passwordExpiryPolicy=null, authorised=false, adUsername=busuyi, password=null, userProfiles=[], currentLoginIPAddress=0:0:0:0:0:0:0:1, userFullName=null, customActivities=[], dateCreated=null, editedFlag=false, editedRoleFlag=false]
70746 [http-nio-1100-exec-6] INFO   c.p.h.s.CustomUserDetailsService.authenticate 86  - XXXX User before Adding ==> User [userID=41, affiliate=ENG, limitAmount=null, active=true, userRolesStr=AREA SUPERVISOR, operationUser=false, fullName=Adebusuyi Seun, firstName=Adebusuyi, lastName=Seun, email=busuyi@yahoo.com, branchCode=busuyi, passwordExpiryPolicy=null, authorised=false, adUsername=busuyi, password=null, userProfiles=[UserProfileAdmin [roleID=1, type=AREA SUPERVISOR]], currentLoginIPAddress=0:0:0:0:0:0:0:1, userFullName=null, customActivities=[], dateCreated=null, editedFlag=false, editedRoleFlag=false] XXXX
70747 [http-nio-1100-exec-6] INFO   c.p.h.s.CustomUserDetailsService.getGrantedAuthorities 106  - ************ UserProfile : UserProfileAdmin [roleID=1, type=AREA SUPERVISOR] *************
70747 [http-nio-1100-exec-6] INFO   c.p.h.s.CustomUserDetailsService.getGrantedAuthorities 110  - ************ authorities : [ROLE_AREA SUPERVISOR] **************
150035 [Thread-3] INFO   c.p.h.c.JdbcConfiguration.destroy 85  - **********************Application Destroyed...**********************
20501 [main] INFO   o.s.boot.StartupInfoLogger.logStarting 50  - Starting App on Oluwasakins-MacBook-Pro.local with PID 1404 (/Users/oluwasakinoluwatobi/eclipse-workspace/homeFellowship/target/classes started by oluwasakinoluwatobi in /Users/oluwasakinoluwatobi/eclipse-workspace/homeFellowship)
20504 [main] DEBUG  o.s.boot.StartupInfoLogger.logStarting 53  - Running with Spring Boot v2.0.2.RELEASE, Spring v5.0.6.RELEASE
20506 [main] INFO   o.s.boot.SpringApplication.logStartupProfileInfo 659  - No active profile set, falling back to default profiles: default
21457 [main] INFO   com.portal.homeFellowship.App$1.customizeConnector 56  - Set MaxSwallowSize 50000000
21466 [main] DEBUG  o.s.b.w.servlet.server.DocumentRoot.getArchiveFileDocumentRoot 82  - Code archive: /Users/oluwasakinoluwatobi/.m2/repository/org/springframework/boot/spring-boot/2.0.2.RELEASE/spring-boot-2.0.2.RELEASE.jar
21466 [main] DEBUG  o.s.b.w.servlet.server.DocumentRoot.getExplodedWarFileDocumentRoot 126  - Code archive: /Users/oluwasakinoluwatobi/.m2/repository/org/springframework/boot/spring-boot/2.0.2.RELEASE/spring-boot-2.0.2.RELEASE.jar
21467 [main] DEBUG  o.s.b.w.servlet.server.DocumentRoot.getValidDirectory 70  - Document root: /Users/oluwasakinoluwatobi/eclipse-workspace/homeFellowship/src/main/webapp
21872 [localhost-startStop-1] INFO   c.p.h.c.MyRequestContextListener.startup 19  - ***************************REQUEST CONTEXT LISTENER STARTED******************************
21921 [main] INFO   c.p.h.c.JdbcConfiguration.startup 29  - ***************************APPLICATION CONTEXT STARTED******************************
23038 [main] INFO   o.s.boot.StartupInfoLogger.logStarted 59  - Started App in 22.753 seconds (JVM running for 23.237)
37308 [http-nio-1100-exec-2] INFO   c.p.homeFellowship.WelcomeController.loginPage 137  - login here
38294 [http-nio-1100-exec-10] INFO   c.p.homeFellowship.WelcomeController.loginPage 137  - login here
46723 [http-nio-1100-exec-6] INFO   c.p.h.s.CustomUserDetailsService.authenticate 56  - ********** User top : busuyi *************
46723 [http-nio-1100-exec-6] INFO   c.p.h.s.CustomUserDetailsService.authenticate 57  - ********** IP Address : 0:0:0:0:0:0:0:1 *************
46724 [http-nio-1100-exec-6] INFO   c.p.h.s.CustomUserDetailsService.authenticate 61  - **********credentials ew *************
46739 [http-nio-1100-exec-6] INFO   c.p.h.service.UserAdminServiceImpl.performBasicADAuthentication 49  - ********** The user is:busuyi *********
46739 [http-nio-1100-exec-6] INFO   c.p.h.service.UserAdminServiceImpl.performBasicADAuthentication 62  - ********** isAuthenticated? true *********
52104 [http-nio-1100-exec-6] INFO   c.p.h.service.UserAdminServiceImpl.performBasicADAuthentication 82  - ********Is user Validated: true *********
52104 [http-nio-1100-exec-6] INFO   c.p.h.service.UserAdminServiceImpl.performBasicADAuthentication 90  - ********got here *********
52124 [http-nio-1100-exec-6] INFO   c.p.h.service.UserAdminServiceImpl.performBasicADAuthentication 102  - ********Is user Edited: false *********
52124 [http-nio-1100-exec-6] INFO   c.p.h.service.UserAdminServiceImpl.performBasicADAuthentication 112  - ********Is user Edited: false *********
52125 [http-nio-1100-exec-6] INFO   c.p.h.service.UserAdminServiceImpl.performBasicADAuthentication 123  - ********userprofile ==> User1 [userID=41, affiliateID=0, userTransactionLimit=null, active=true, userRoles=AREA SUPERVISOR, operationUser=false, userFullName=Adebusuyi Seun, userEmailAdd=busuyi@yahoo.com, userBranch=busuyi, passwordExpiryPolicy=null, authorisedUserFlag=true, userName=busuyi, serverIP=null, serviceClient=null, affiliateCode=ENG, userProfiles=[], tokenGroup=null, createdBy=null, deleteFlag=null, dateCreated=null, editedFlag=false, editedRoleFlag=false, password=null]    *********
52126 [http-nio-1100-exec-6] INFO   c.p.h.service.UserAdminServiceImpl.performBasicADAuthentication 150  - ***********userinfo***************User [userID=41, affiliate=ENG, limitAmount=null, active=true, userRolesStr=AREA SUPERVISOR, operationUser=false, fullName=Adebusuyi Seun, firstName=Adebusuyi, lastName=Seun, email=busuyi@yahoo.com, branchCode=busuyi, passwordExpiryPolicy=null, authorised=false, adUsername=busuyi, password=null, userProfiles=[], currentLoginIPAddress=0:0:0:0:0:0:0:1, userFullName=null, customActivities=[], dateCreated=null, editedFlag=false, editedRoleFlag=false]
52127 [http-nio-1100-exec-6] INFO   c.p.h.s.CustomUserDetailsService.authenticate 86  - XXXX User before Adding ==> User [userID=41, affiliate=ENG, limitAmount=null, active=true, userRolesStr=AREA SUPERVISOR, operationUser=false, fullName=Adebusuyi Seun, firstName=Adebusuyi, lastName=Seun, email=busuyi@yahoo.com, branchCode=busuyi, passwordExpiryPolicy=null, authorised=false, adUsername=busuyi, password=null, userProfiles=[UserProfileAdmin [roleID=1, type=AREA SUPERVISOR]], currentLoginIPAddress=0:0:0:0:0:0:0:1, userFullName=null, customActivities=[], dateCreated=null, editedFlag=false, editedRoleFlag=false] XXXX
52128 [http-nio-1100-exec-6] INFO   c.p.h.s.CustomUserDetailsService.getGrantedAuthorities 106  - ************ UserProfile : UserProfileAdmin [roleID=1, type=AREA SUPERVISOR] *************
52128 [http-nio-1100-exec-6] INFO   c.p.h.s.CustomUserDetailsService.getGrantedAuthorities 110  - ************ authorities : [ROLE_AREA SUPERVISOR] **************
94408 [http-nio-1100-exec-4] INFO   c.p.homeFellowship.WelcomeController.loginPage 137  - login here
95382 [http-nio-1100-exec-2] INFO   c.p.homeFellowship.WelcomeController.loginPage 137  - login here
97289 [http-nio-1100-exec-5] INFO   c.p.homeFellowship.WelcomeController.loginPage 137  - login here
145844 [Thread-3] INFO   c.p.h.c.JdbcConfiguration.destroy 85  - **********************Application Destroyed...**********************
20471 [main] INFO   o.s.boot.StartupInfoLogger.logStarting 50  - Starting App on Oluwasakins-MacBook-Pro.local with PID 1411 (/Users/oluwasakinoluwatobi/eclipse-workspace/homeFellowship/target/classes started by oluwasakinoluwatobi in /Users/oluwasakinoluwatobi/eclipse-workspace/homeFellowship)
20474 [main] DEBUG  o.s.boot.StartupInfoLogger.logStarting 53  - Running with Spring Boot v2.0.2.RELEASE, Spring v5.0.6.RELEASE
20476 [main] INFO   o.s.boot.SpringApplication.logStartupProfileInfo 659  - No active profile set, falling back to default profiles: default
21499 [main] INFO   com.portal.homeFellowship.App$1.customizeConnector 56  - Set MaxSwallowSize 50000000
21509 [main] DEBUG  o.s.b.w.servlet.server.DocumentRoot.getArchiveFileDocumentRoot 82  - Code archive: /Users/oluwasakinoluwatobi/.m2/repository/org/springframework/boot/spring-boot/2.0.2.RELEASE/spring-boot-2.0.2.RELEASE.jar
21510 [main] DEBUG  o.s.b.w.servlet.server.DocumentRoot.getExplodedWarFileDocumentRoot 126  - Code archive: /Users/oluwasakinoluwatobi/.m2/repository/org/springframework/boot/spring-boot/2.0.2.RELEASE/spring-boot-2.0.2.RELEASE.jar
21510 [main] DEBUG  o.s.b.w.servlet.server.DocumentRoot.getValidDirectory 70  - Document root: /Users/oluwasakinoluwatobi/eclipse-workspace/homeFellowship/src/main/webapp
22027 [localhost-startStop-1] INFO   c.p.h.c.MyRequestContextListener.startup 19  - ***************************REQUEST CONTEXT LISTENER STARTED******************************
22084 [main] INFO   c.p.h.c.JdbcConfiguration.startup 29  - ***************************APPLICATION CONTEXT STARTED******************************
23258 [main] INFO   o.s.boot.StartupInfoLogger.logStarted 59  - Started App in 23.0 seconds (JVM running for 23.457)
35978 [http-nio-1100-exec-2] INFO   c.p.homeFellowship.WelcomeController.loginPage 137  - login here
36916 [http-nio-1100-exec-1] INFO   c.p.homeFellowship.WelcomeController.loginPage 137  - login here
41019 [http-nio-1100-exec-4] INFO   c.p.h.s.CustomUserDetailsService.authenticate 56  - ********** User top : ooluwasakin *************
41019 [http-nio-1100-exec-4] INFO   c.p.h.s.CustomUserDetailsService.authenticate 57  - ********** IP Address : 0:0:0:0:0:0:0:1 *************
41020 [http-nio-1100-exec-4] INFO   c.p.h.s.CustomUserDetailsService.authenticate 61  - **********credentials jh *************
41035 [http-nio-1100-exec-4] INFO   c.p.h.service.UserAdminServiceImpl.performBasicADAuthentication 49  - ********** The user is:ooluwasakin *********
41036 [http-nio-1100-exec-4] INFO   c.p.h.service.UserAdminServiceImpl.performBasicADAuthentication 62  - ********** isAuthenticated? true *********
46442 [http-nio-1100-exec-4] INFO   c.p.h.service.UserAdminServiceImpl.performBasicADAuthentication 82  - ********Is user Validated: true *********
46442 [http-nio-1100-exec-4] INFO   c.p.h.service.UserAdminServiceImpl.performBasicADAuthentication 90  - ********got here *********
46463 [http-nio-1100-exec-4] INFO   c.p.h.service.UserAdminServiceImpl.performBasicADAuthentication 102  - ********Is user Edited: false *********
46464 [http-nio-1100-exec-4] INFO   c.p.h.service.UserAdminServiceImpl.performBasicADAuthentication 112  - ********Is user Edited: false *********
46464 [http-nio-1100-exec-4] INFO   c.p.h.service.UserAdminServiceImpl.performBasicADAuthentication 123  - ********userprofile ==> User1 [userID=573, affiliateID=0, userTransactionLimit=0, active=true, userRoles=ADMIN, operationUser=true, userFullName=Oluwasakin Tobi, userEmailAdd=ooluwasakin@ecobank.com, userBranch=325, passwordExpiryPolicy=password unique to user, authorisedUserFlag=true, userName=ooluwasakin, serverIP=null, serviceClient=null, affiliateCode=ENG, userProfiles=[], tokenGroup=null, createdBy=null, deleteFlag=null, dateCreated=null, editedFlag=false, editedRoleFlag=false, password=null]    *********
46466 [http-nio-1100-exec-4] INFO   c.p.h.service.UserAdminServiceImpl.performBasicADAuthentication 150  - ***********userinfo***************User [userID=573, affiliate=ENG, limitAmount=0, active=true, userRolesStr=ADMIN, operationUser=true, fullName=Oluwasakin Tobi, firstName=Oluwasakin, lastName=Tobi, email=ooluwasakin@ecobank.com, branchCode=325, passwordExpiryPolicy=password unique to user, authorised=false, adUsername=ooluwasakin, password=null, userProfiles=[], currentLoginIPAddress=0:0:0:0:0:0:0:1, userFullName=null, customActivities=[], dateCreated=null, editedFlag=false, editedRoleFlag=false]
46467 [http-nio-1100-exec-4] INFO   c.p.h.s.CustomUserDetailsService.authenticate 86  - XXXX User before Adding ==> User [userID=573, affiliate=ENG, limitAmount=0, active=true, userRolesStr=ADMIN, operationUser=true, fullName=Oluwasakin Tobi, firstName=Oluwasakin, lastName=Tobi, email=ooluwasakin@ecobank.com, branchCode=325, passwordExpiryPolicy=password unique to user, authorised=false, adUsername=ooluwasakin, password=null, userProfiles=[UserProfileAdmin [roleID=1, type=ADMIN]], currentLoginIPAddress=0:0:0:0:0:0:0:1, userFullName=null, customActivities=[], dateCreated=null, editedFlag=false, editedRoleFlag=false] XXXX
46468 [http-nio-1100-exec-4] INFO   c.p.h.s.CustomUserDetailsService.getGrantedAuthorities 106  - ************ UserProfile : UserProfileAdmin [roleID=1, type=ADMIN] *************
46468 [http-nio-1100-exec-4] INFO   c.p.h.s.CustomUserDetailsService.getGrantedAuthorities 110  - ************ authorities : [ROLE_ADMIN] **************
46475 [http-nio-1100-exec-6] INFO   c.p.homeFellowship.WelcomeController.listUsers 1026  - +++ DASHBOARD ==> 
46531 [http-nio-1100-exec-6] INFO   c.p.h.dao.InquiryDaoImpl.get_user_step_position 204  - returningResultSet user position{r_user_step_position=[]}
46532 [http-nio-1100-exec-6] INFO   c.p.homeFellowship.WelcomeController.listUsers 1030  - responseStepUserStepPositionResp [stepPosition=0, stepid=0, stepName=null]
51981 [http-nio-1100-exec-7] INFO   c.p.homeFellowship.WelcomeController.loginPage 137  - login here
57772 [http-nio-1100-exec-10] INFO   c.p.h.s.CustomUserDetailsService.authenticate 56  - ********** User top : ooluwasakin *************
57772 [http-nio-1100-exec-10] INFO   c.p.h.s.CustomUserDetailsService.authenticate 57  - ********** IP Address : 0:0:0:0:0:0:0:1 *************
57772 [http-nio-1100-exec-10] INFO   c.p.h.s.CustomUserDetailsService.authenticate 61  - **********credentials kjh *************
57773 [http-nio-1100-exec-10] INFO   c.p.h.service.UserAdminServiceImpl.performBasicADAuthentication 49  - ********** The user is:ooluwasakin *********
57773 [http-nio-1100-exec-10] INFO   c.p.h.service.UserAdminServiceImpl.performBasicADAuthentication 62  - ********** isAuthenticated? true *********
57781 [http-nio-1100-exec-10] INFO   c.p.h.service.UserAdminServiceImpl.performBasicADAuthentication 82  - ********Is user Validated: true *********
57782 [http-nio-1100-exec-10] INFO   c.p.h.service.UserAdminServiceImpl.performBasicADAuthentication 90  - ********got here *********
57787 [http-nio-1100-exec-10] INFO   c.p.h.service.UserAdminServiceImpl.performBasicADAuthentication 102  - ********Is user Edited: false *********
57788 [http-nio-1100-exec-10] INFO   c.p.h.service.UserAdminServiceImpl.performBasicADAuthentication 112  - ********Is user Edited: false *********
57788 [http-nio-1100-exec-10] INFO   c.p.h.service.UserAdminServiceImpl.performBasicADAuthentication 123  - ********userprofile ==> User1 [userID=573, affiliateID=0, userTransactionLimit=0, active=true, userRoles=ADMIN, operationUser=true, userFullName=Oluwasakin Tobi, userEmailAdd=ooluwasakin@ecobank.com, userBranch=325, passwordExpiryPolicy=password unique to user, authorisedUserFlag=true, userName=ooluwasakin, serverIP=null, serviceClient=null, affiliateCode=ENG, userProfiles=[], tokenGroup=null, createdBy=null, deleteFlag=null, dateCreated=null, editedFlag=false, editedRoleFlag=false, password=null]    *********
57788 [http-nio-1100-exec-10] INFO   c.p.h.service.UserAdminServiceImpl.performBasicADAuthentication 150  - ***********userinfo***************User [userID=573, affiliate=ENG, limitAmount=0, active=true, userRolesStr=ADMIN, operationUser=true, fullName=Oluwasakin Tobi, firstName=Oluwasakin, lastName=Tobi, email=ooluwasakin@ecobank.com, branchCode=325, passwordExpiryPolicy=password unique to user, authorised=false, adUsername=ooluwasakin, password=null, userProfiles=[], currentLoginIPAddress=0:0:0:0:0:0:0:1, userFullName=null, customActivities=[], dateCreated=null, editedFlag=false, editedRoleFlag=false]
57789 [http-nio-1100-exec-10] INFO   c.p.h.s.CustomUserDetailsService.authenticate 86  - XXXX User before Adding ==> User [userID=573, affiliate=ENG, limitAmount=0, active=true, userRolesStr=ADMIN, operationUser=true, fullName=Oluwasakin Tobi, firstName=Oluwasakin, lastName=Tobi, email=ooluwasakin@ecobank.com, branchCode=325, passwordExpiryPolicy=password unique to user, authorised=false, adUsername=ooluwasakin, password=null, userProfiles=[UserProfileAdmin [roleID=1, type=ADMIN]], currentLoginIPAddress=0:0:0:0:0:0:0:1, userFullName=null, customActivities=[], dateCreated=null, editedFlag=false, editedRoleFlag=false] XXXX
57789 [http-nio-1100-exec-10] INFO   c.p.h.s.CustomUserDetailsService.getGrantedAuthorities 106  - ************ UserProfile : UserProfileAdmin [roleID=1, type=ADMIN] *************
57789 [http-nio-1100-exec-10] INFO   c.p.h.s.CustomUserDetailsService.getGrantedAuthorities 110  - ************ authorities : [ROLE_ADMIN] **************
57793 [http-nio-1100-exec-6] INFO   c.p.homeFellowship.WelcomeController.listUsers 1026  - +++ DASHBOARD ==> 
57831 [http-nio-1100-exec-6] INFO   c.p.h.dao.InquiryDaoImpl.get_user_step_position 204  - returningResultSet user position{r_user_step_position=[]}
57831 [http-nio-1100-exec-6] INFO   c.p.homeFellowship.WelcomeController.listUsers 1030  - responseStepUserStepPositionResp [stepPosition=0, stepid=0, stepName=null]
70411 [http-nio-1100-exec-7] INFO   c.p.h.dao.InquiryDaoImpl.get_user_step_position 204  - returningResultSet user position{r_user_step_position=[]}
330337 [Thread-3] INFO   c.p.h.c.JdbcConfiguration.destroy 85  - **********************Application Destroyed...**********************
20491 [main] INFO   o.s.boot.StartupInfoLogger.logStarting 50  - Starting App on Oluwasakins-MacBook-Pro.local with PID 1412 (/Users/oluwasakinoluwatobi/eclipse-workspace/homeFellowship/target/classes started by oluwasakinoluwatobi in /Users/oluwasakinoluwatobi/eclipse-workspace/homeFellowship)
20495 [main] DEBUG  o.s.boot.StartupInfoLogger.logStarting 53  - Running with Spring Boot v2.0.2.RELEASE, Spring v5.0.6.RELEASE
20497 [main] INFO   o.s.boot.SpringApplication.logStartupProfileInfo 659  - No active profile set, falling back to default profiles: default
21493 [main] INFO   com.portal.homeFellowship.App$1.customizeConnector 56  - Set MaxSwallowSize 50000000
21502 [main] DEBUG  o.s.b.w.servlet.server.DocumentRoot.getArchiveFileDocumentRoot 82  - Code archive: /Users/oluwasakinoluwatobi/.m2/repository/org/springframework/boot/spring-boot/2.0.2.RELEASE/spring-boot-2.0.2.RELEASE.jar
21503 [main] DEBUG  o.s.b.w.servlet.server.DocumentRoot.getExplodedWarFileDocumentRoot 126  - Code archive: /Users/oluwasakinoluwatobi/.m2/repository/org/springframework/boot/spring-boot/2.0.2.RELEASE/spring-boot-2.0.2.RELEASE.jar
21503 [main] DEBUG  o.s.b.w.servlet.server.DocumentRoot.getValidDirectory 70  - Document root: /Users/oluwasakinoluwatobi/eclipse-workspace/homeFellowship/src/main/webapp
21894 [localhost-startStop-1] INFO   c.p.h.c.MyRequestContextListener.startup 19  - ***************************REQUEST CONTEXT LISTENER STARTED******************************
21942 [main] INFO   c.p.h.c.JdbcConfiguration.startup 29  - ***************************APPLICATION CONTEXT STARTED******************************
23057 [main] INFO   o.s.boot.StartupInfoLogger.logStarted 59  - Started App in 22.799 seconds (JVM running for 23.27)
33775 [http-nio-1100-exec-1] INFO   c.p.homeFellowship.WelcomeController.loginPage 137  - login here
38788 [http-nio-1100-exec-10] INFO   c.p.h.s.CustomUserDetailsService.authenticate 56  - ********** User top : oooluwasakin *************
38788 [http-nio-1100-exec-10] INFO   c.p.h.s.CustomUserDetailsService.authenticate 57  - ********** IP Address : 0:0:0:0:0:0:0:1 *************
38788 [http-nio-1100-exec-10] INFO   c.p.h.s.CustomUserDetailsService.authenticate 61  - **********credentials jh *************
38804 [http-nio-1100-exec-10] INFO   c.p.h.service.UserAdminServiceImpl.performBasicADAuthentication 49  - ********** The user is:oooluwasakin *********
38804 [http-nio-1100-exec-10] INFO   c.p.h.service.UserAdminServiceImpl.performBasicADAuthentication 62  - ********** isAuthenticated? true *********
44195 [http-nio-1100-exec-10] INFO   c.p.h.service.UserAdminServiceImpl.performBasicADAuthentication 82  - ********Is user Validated: false *********
44196 [http-nio-1100-exec-10] INFO   c.p.h.s.CustomUserDetailsService.authenticate 93  - ********* User not profiled *********
44202 [http-nio-1100-exec-9] INFO   c.p.homeFellowship.WelcomeController.loginPage 137  - login here
49743 [http-nio-1100-exec-6] INFO   c.p.h.s.CustomUserDetailsService.authenticate 56  - ********** User top : ooluwasakin *************
49743 [http-nio-1100-exec-6] INFO   c.p.h.s.CustomUserDetailsService.authenticate 57  - ********** IP Address : 0:0:0:0:0:0:0:1 *************
49743 [http-nio-1100-exec-6] INFO   c.p.h.s.CustomUserDetailsService.authenticate 61  - **********credentials jh *************
49744 [http-nio-1100-exec-6] INFO   c.p.h.service.UserAdminServiceImpl.performBasicADAuthentication 49  - ********** The user is:ooluwasakin *********
49744 [http-nio-1100-exec-6] INFO   c.p.h.service.UserAdminServiceImpl.performBasicADAuthentication 62  - ********** isAuthenticated? true *********
49764 [http-nio-1100-exec-6] INFO   c.p.h.service.UserAdminServiceImpl.performBasicADAuthentication 82  - ********Is user Validated: true *********
49765 [http-nio-1100-exec-6] INFO   c.p.h.service.UserAdminServiceImpl.performBasicADAuthentication 90  - ********got here *********
49785 [http-nio-1100-exec-6] INFO   c.p.h.service.UserAdminServiceImpl.performBasicADAuthentication 102  - ********Is user Edited: false *********
49785 [http-nio-1100-exec-6] INFO   c.p.h.service.UserAdminServiceImpl.performBasicADAuthentication 112  - ********Is user Edited: false *********
49786 [http-nio-1100-exec-6] INFO   c.p.h.service.UserAdminServiceImpl.performBasicADAuthentication 123  - ********userprofile ==> User1 [userID=573, affiliateID=0, userTransactionLimit=0, active=true, userRoles=ADMIN, operationUser=true, userFullName=Oluwasakin Tobi, userEmailAdd=ooluwasakin@ecobank.com, userBranch=325, passwordExpiryPolicy=password unique to user, authorisedUserFlag=true, userName=ooluwasakin, serverIP=null, serviceClient=null, affiliateCode=ENG, userProfiles=[], tokenGroup=null, createdBy=null, deleteFlag=null, dateCreated=null, editedFlag=false, editedRoleFlag=false, password=null]    *********
49787 [http-nio-1100-exec-6] INFO   c.p.h.service.UserAdminServiceImpl.performBasicADAuthentication 150  - ***********userinfo***************User [userID=573, affiliate=ENG, limitAmount=0, active=true, userRolesStr=ADMIN, operationUser=true, fullName=Oluwasakin Tobi, firstName=Oluwasakin, lastName=Tobi, email=ooluwasakin@ecobank.com, branchCode=325, passwordExpiryPolicy=password unique to user, authorised=false, adUsername=ooluwasakin, password=null, userProfiles=[], currentLoginIPAddress=0:0:0:0:0:0:0:1, userFullName=null, customActivities=[], dateCreated=null, editedFlag=false, editedRoleFlag=false]
49788 [http-nio-1100-exec-6] INFO   c.p.h.s.CustomUserDetailsService.authenticate 86  - XXXX User before Adding ==> User [userID=573, affiliate=ENG, limitAmount=0, active=true, userRolesStr=ADMIN, operationUser=true, fullName=Oluwasakin Tobi, firstName=Oluwasakin, lastName=Tobi, email=ooluwasakin@ecobank.com, branchCode=325, passwordExpiryPolicy=password unique to user, authorised=false, adUsername=ooluwasakin, password=null, userProfiles=[UserProfileAdmin [roleID=1, type=ADMIN]], currentLoginIPAddress=0:0:0:0:0:0:0:1, userFullName=null, customActivities=[], dateCreated=null, editedFlag=false, editedRoleFlag=false] XXXX
49788 [http-nio-1100-exec-6] INFO   c.p.h.s.CustomUserDetailsService.getGrantedAuthorities 106  - ************ UserProfile : UserProfileAdmin [roleID=1, type=ADMIN] *************
49789 [http-nio-1100-exec-6] INFO   c.p.h.s.CustomUserDetailsService.getGrantedAuthorities 110  - ************ authorities : [ROLE_ADMIN] **************
49796 [http-nio-1100-exec-7] INFO   c.p.homeFellowship.WelcomeController.listUsers 1026  - +++ DASHBOARD ==> 
49848 [http-nio-1100-exec-7] INFO   c.p.h.dao.InquiryDaoImpl.get_user_step_position 204  - returningResultSet user position{r_user_step_position=[]}
49849 [http-nio-1100-exec-7] INFO   c.p.homeFellowship.WelcomeController.listUsers 1030  - responseStepUserStepPositionResp [stepPosition=0, stepid=0, stepName=null]
54336 [http-nio-1100-exec-1] INFO   c.p.h.dao.InquiryDaoImpl.get_user_step_position 204  - returningResultSet user position{r_user_step_position=[]}
86402 [http-nio-1100-exec-3] INFO   c.p.homeFellowship.WelcomeController.weeklyReport 1065  - bye 2020-04-01
90163 [http-nio-1100-exec-3] INFO   c.p.homeFellowship.WelcomeController.weeklyReport 1098  - temp file /var/folders/kz/dyyxml255d5bn9g9rpz856pc0000gn/T/
