20855 [restartedMain] INFO   o.s.boot.StartupInfoLogger.logStarting 50  - Starting App on Oluwasakins-MacBook-Pro.local with PID 8961 (/Users/oluwasakinoluwatobi/eclipse-workspace/homeFellowship/target/classes started by oluwasakinoluwatobi in /Users/oluwasakinoluwatobi/eclipse-workspace/homeFellowship)
20859 [restartedMain] DEBUG  o.s.boot.StartupInfoLogger.logStarting 53  - Running with Spring Boot v2.0.2.RELEASE, Spring v5.0.6.RELEASE
20862 [restartedMain] INFO   o.s.boot.SpringApplication.logStartupProfileInfo 659  - No active profile set, falling back to default profiles: default
22378 [restartedMain] INFO   com.portal.homeFellowship.App$1.customizeConnector 56  - Set MaxSwallowSize 50000000
22390 [restartedMain] DEBUG  o.s.b.w.servlet.server.DocumentRoot.getArchiveFileDocumentRoot 82  - Code archive: /Users/oluwasakinoluwatobi/.m2/repository/org/springframework/boot/spring-boot/2.0.2.RELEASE/spring-boot-2.0.2.RELEASE.jar
22391 [restartedMain] DEBUG  o.s.b.w.servlet.server.DocumentRoot.getExplodedWarFileDocumentRoot 126  - Code archive: /Users/oluwasakinoluwatobi/.m2/repository/org/springframework/boot/spring-boot/2.0.2.RELEASE/spring-boot-2.0.2.RELEASE.jar
22391 [restartedMain] DEBUG  o.s.b.w.servlet.server.DocumentRoot.getValidDirectory 70  - Document root: /Users/oluwasakinoluwatobi/eclipse-workspace/homeFellowship/src/main/webapp
22993 [localhost-startStop-1] INFO   c.p.h.c.MyRequestContextListener.startup 19  - ***************************REQUEST CONTEXT LISTENER STARTED******************************
23060 [restartedMain] INFO   c.p.h.c.JdbcConfiguration.startup 29  - ***************************APPLICATION CONTEXT STARTED******************************
24732 [restartedMain] INFO   o.s.boot.StartupInfoLogger.logStarted 59  - Started App in 24.194 seconds (JVM running for 25.015)
91094 [http-nio-1100-exec-2] INFO   c.p.homeFellowship.WelcomeController.loginPage 141  - login here
96533 [http-nio-1100-exec-10] INFO   c.p.h.s.CustomUserDetailsService.authenticate 56  - ********** User top : ooluwasakin *************
96534 [http-nio-1100-exec-10] INFO   c.p.h.s.CustomUserDetailsService.authenticate 57  - ********** IP Address : 0:0:0:0:0:0:0:1 *************
96534 [http-nio-1100-exec-10] INFO   c.p.h.s.CustomUserDetailsService.authenticate 61  - **********credentials jh *************
96550 [http-nio-1100-exec-10] INFO   c.p.h.service.UserAdminServiceImpl.performBasicADAuthentication 49  - ********** The user is:ooluwasakin *********
96551 [http-nio-1100-exec-10] INFO   c.p.h.service.UserAdminServiceImpl.performBasicADAuthentication 62  - ********** isAuthenticated? true *********
102191 [http-nio-1100-exec-10] INFO   c.p.h.service.UserAdminServiceImpl.performBasicADAuthentication 82  - ********Is user Validated: true *********
102192 [http-nio-1100-exec-10] INFO   c.p.h.service.UserAdminServiceImpl.performBasicADAuthentication 90  - ********got here *********
102222 [http-nio-1100-exec-10] INFO   c.p.h.service.UserAdminServiceImpl.performBasicADAuthentication 102  - ********Is user Edited: false *********
102222 [http-nio-1100-exec-10] INFO   c.p.h.service.UserAdminServiceImpl.performBasicADAuthentication 112  - ********Is user Edited: false *********
102222 [http-nio-1100-exec-10] INFO   c.p.h.service.UserAdminServiceImpl.performBasicADAuthentication 123  - ********userprofile ==> User1 [userID=573, affiliateID=0, userTransactionLimit=0, active=true, userRoles=ADMIN, operationUser=true, userFullName=Oluwasakin Tobi, userEmailAdd=ooluwasakin@ecobank.com, userBranch=325, passwordExpiryPolicy=password unique to user, authorisedUserFlag=true, userName=ooluwasakin, serverIP=null, serviceClient=null, affiliateCode=ENG, userProfiles=[], tokenGroup=null, createdBy=null, deleteFlag=null, dateCreated=null, editedFlag=false, editedRoleFlag=false, password=null]    *********
102223 [http-nio-1100-exec-10] INFO   c.p.h.service.UserAdminServiceImpl.performBasicADAuthentication 150  - ***********userinfo***************User [userID=573, affiliate=ENG, limitAmount=0, active=true, userRolesStr=ADMIN, operationUser=true, fullName=Oluwasakin Tobi, firstName=Oluwasakin, lastName=Tobi, email=ooluwasakin@ecobank.com, branchCode=325, passwordExpiryPolicy=password unique to user, authorised=false, adUsername=ooluwasakin, password=null, userProfiles=[], currentLoginIPAddress=0:0:0:0:0:0:0:1, userFullName=null, customActivities=[], dateCreated=null, editedFlag=false, editedRoleFlag=false]
102224 [http-nio-1100-exec-10] INFO   c.p.h.s.CustomUserDetailsService.authenticate 86  - XXXX User before Adding ==> User [userID=573, affiliate=ENG, limitAmount=0, active=true, userRolesStr=ADMIN, operationUser=true, fullName=Oluwasakin Tobi, firstName=Oluwasakin, lastName=Tobi, email=ooluwasakin@ecobank.com, branchCode=325, passwordExpiryPolicy=password unique to user, authorised=false, adUsername=ooluwasakin, password=null, userProfiles=[UserProfileAdmin [roleID=1, type=ADMIN]], currentLoginIPAddress=0:0:0:0:0:0:0:1, userFullName=null, customActivities=[], dateCreated=null, editedFlag=false, editedRoleFlag=false] XXXX
102225 [http-nio-1100-exec-10] INFO   c.p.h.s.CustomUserDetailsService.getGrantedAuthorities 106  - ************ UserProfile : UserProfileAdmin [roleID=1, type=ADMIN] *************
102225 [http-nio-1100-exec-10] INFO   c.p.h.s.CustomUserDetailsService.getGrantedAuthorities 110  - ************ authorities : [ROLE_ADMIN] **************
102232 [http-nio-1100-exec-2] INFO   c.p.homeFellowship.WelcomeController.listUsers 1030  - +++ DASHBOARD ==> 
102287 [http-nio-1100-exec-2] INFO   c.p.h.dao.InquiryDaoImpl.get_user_step_position 204  - returningResultSet user position{r_user_step_position=[]}
102287 [http-nio-1100-exec-2] INFO   c.p.homeFellowship.WelcomeController.listUsers 1034  - responseStepUserStepPositionResp [stepPosition=0, stepid=0, stepName=null]
264740 [Thread-9] INFO   c.p.h.c.JdbcConfiguration.destroy 85  - **********************Application Destroyed...**********************
20684 [restartedMain] INFO   o.s.boot.StartupInfoLogger.logStarting 50  - Starting App on Oluwasakins-MacBook-Pro.local with PID 8974 (/Users/oluwasakinoluwatobi/eclipse-workspace/homeFellowship/target/classes started by oluwasakinoluwatobi in /Users/oluwasakinoluwatobi/eclipse-workspace/homeFellowship)
20688 [restartedMain] DEBUG  o.s.boot.StartupInfoLogger.logStarting 53  - Running with Spring Boot v2.0.2.RELEASE, Spring v5.0.6.RELEASE
20690 [restartedMain] INFO   o.s.boot.SpringApplication.logStartupProfileInfo 659  - No active profile set, falling back to default profiles: default
22335 [restartedMain] INFO   com.portal.homeFellowship.App$1.customizeConnector 56  - Set MaxSwallowSize 50000000
22347 [restartedMain] DEBUG  o.s.b.w.servlet.server.DocumentRoot.getArchiveFileDocumentRoot 82  - Code archive: /Users/oluwasakinoluwatobi/.m2/repository/org/springframework/boot/spring-boot/2.0.2.RELEASE/spring-boot-2.0.2.RELEASE.jar
22347 [restartedMain] DEBUG  o.s.b.w.servlet.server.DocumentRoot.getExplodedWarFileDocumentRoot 126  - Code archive: /Users/oluwasakinoluwatobi/.m2/repository/org/springframework/boot/spring-boot/2.0.2.RELEASE/spring-boot-2.0.2.RELEASE.jar
22348 [restartedMain] DEBUG  o.s.b.w.servlet.server.DocumentRoot.getValidDirectory 70  - Document root: /Users/oluwasakinoluwatobi/eclipse-workspace/homeFellowship/src/main/webapp
22988 [localhost-startStop-1] INFO   c.p.h.c.MyRequestContextListener.startup 19  - ***************************REQUEST CONTEXT LISTENER STARTED******************************
23085 [restartedMain] INFO   c.p.h.c.JdbcConfiguration.startup 29  - ***************************APPLICATION CONTEXT STARTED******************************
24776 [restartedMain] INFO   o.s.boot.StartupInfoLogger.logStarted 59  - Started App in 24.382 seconds (JVM running for 25.022)
49020 [http-nio-1100-exec-2] INFO   c.p.homeFellowship.WelcomeController.loginPage 141  - login here
65073 [http-nio-1100-exec-1] INFO   c.p.h.s.CustomUserDetailsService.authenticate 56  - ********** User top : ooluwasakin *************
65074 [http-nio-1100-exec-1] INFO   c.p.h.s.CustomUserDetailsService.authenticate 57  - ********** IP Address : 0:0:0:0:0:0:0:1 *************
65074 [http-nio-1100-exec-1] INFO   c.p.h.s.CustomUserDetailsService.authenticate 61  - **********credentials gf *************
65092 [http-nio-1100-exec-1] INFO   c.p.h.service.UserAdminServiceImpl.performBasicADAuthentication 49  - ********** The user is:ooluwasakin *********
65093 [http-nio-1100-exec-1] INFO   c.p.h.service.UserAdminServiceImpl.performBasicADAuthentication 62  - ********** isAuthenticated? true *********
70684 [http-nio-1100-exec-1] INFO   c.p.h.service.UserAdminServiceImpl.performBasicADAuthentication 82  - ********Is user Validated: true *********
70685 [http-nio-1100-exec-1] INFO   c.p.h.service.UserAdminServiceImpl.performBasicADAuthentication 90  - ********got here *********
70718 [http-nio-1100-exec-1] INFO   c.p.h.service.UserAdminServiceImpl.performBasicADAuthentication 102  - ********Is user Edited: false *********
70718 [http-nio-1100-exec-1] INFO   c.p.h.service.UserAdminServiceImpl.performBasicADAuthentication 112  - ********Is user Edited: false *********
70719 [http-nio-1100-exec-1] INFO   c.p.h.service.UserAdminServiceImpl.performBasicADAuthentication 123  - ********userprofile ==> User1 [userID=573, affiliateID=0, userTransactionLimit=0, active=true, userRoles=ADMIN, operationUser=true, userFullName=Oluwasakin Tobi, userEmailAdd=ooluwasakin@ecobank.com, userBranch=325, passwordExpiryPolicy=password unique to user, authorisedUserFlag=true, userName=ooluwasakin, serverIP=null, serviceClient=null, affiliateCode=ENG, userProfiles=[], tokenGroup=null, createdBy=null, deleteFlag=null, dateCreated=null, editedFlag=false, editedRoleFlag=false, password=null]    *********
70720 [http-nio-1100-exec-1] INFO   c.p.h.service.UserAdminServiceImpl.performBasicADAuthentication 150  - ***********userinfo***************User [userID=573, affiliate=ENG, limitAmount=0, active=true, userRolesStr=ADMIN, operationUser=true, fullName=Oluwasakin Tobi, firstName=Oluwasakin, lastName=Tobi, email=ooluwasakin@ecobank.com, branchCode=325, passwordExpiryPolicy=password unique to user, authorised=false, adUsername=ooluwasakin, password=null, userProfiles=[], currentLoginIPAddress=0:0:0:0:0:0:0:1, userFullName=null, customActivities=[], dateCreated=null, editedFlag=false, editedRoleFlag=false]
70721 [http-nio-1100-exec-1] INFO   c.p.h.s.CustomUserDetailsService.authenticate 86  - XXXX User before Adding ==> User [userID=573, affiliate=ENG, limitAmount=0, active=true, userRolesStr=ADMIN, operationUser=true, fullName=Oluwasakin Tobi, firstName=Oluwasakin, lastName=Tobi, email=ooluwasakin@ecobank.com, branchCode=325, passwordExpiryPolicy=password unique to user, authorised=false, adUsername=ooluwasakin, password=null, userProfiles=[UserProfileAdmin [roleID=1, type=ADMIN]], currentLoginIPAddress=0:0:0:0:0:0:0:1, userFullName=null, customActivities=[], dateCreated=null, editedFlag=false, editedRoleFlag=false] XXXX
70721 [http-nio-1100-exec-1] INFO   c.p.h.s.CustomUserDetailsService.getGrantedAuthorities 106  - ************ UserProfile : UserProfileAdmin [roleID=1, type=ADMIN] *************
70722 [http-nio-1100-exec-1] INFO   c.p.h.s.CustomUserDetailsService.getGrantedAuthorities 110  - ************ authorities : [ROLE_ADMIN] **************
70730 [http-nio-1100-exec-10] INFO   c.p.homeFellowship.WelcomeController.listUsers 1030  - +++ DASHBOARD ==> 
70778 [http-nio-1100-exec-10] INFO   c.p.h.dao.InquiryDaoImpl.get_user_step_position 204  - returningResultSet user position{r_user_step_position=[]}
70779 [http-nio-1100-exec-10] INFO   c.p.homeFellowship.WelcomeController.listUsers 1034  - responseStepUserStepPositionResp [stepPosition=0, stepid=0, stepName=null]
435796 [Thread-9] INFO   c.p.h.c.JdbcConfiguration.destroy 85  - **********************Application Destroyed...**********************
20594 [restartedMain] INFO   o.s.boot.StartupInfoLogger.logStarting 50  - Starting App on Oluwasakins-MacBook-Pro.local with PID 8978 (/Users/oluwasakinoluwatobi/eclipse-workspace/homeFellowship/target/classes started by oluwasakinoluwatobi in /Users/oluwasakinoluwatobi/eclipse-workspace/homeFellowship)
20597 [restartedMain] DEBUG  o.s.boot.StartupInfoLogger.logStarting 53  - Running with Spring Boot v2.0.2.RELEASE, Spring v5.0.6.RELEASE
20599 [restartedMain] INFO   o.s.boot.SpringApplication.logStartupProfileInfo 659  - No active profile set, falling back to default profiles: default
21934 [restartedMain] INFO   com.portal.homeFellowship.App$1.customizeConnector 56  - Set MaxSwallowSize 50000000
21944 [restartedMain] DEBUG  o.s.b.w.servlet.server.DocumentRoot.getArchiveFileDocumentRoot 82  - Code archive: /Users/oluwasakinoluwatobi/.m2/repository/org/springframework/boot/spring-boot/2.0.2.RELEASE/spring-boot-2.0.2.RELEASE.jar
21944 [restartedMain] DEBUG  o.s.b.w.servlet.server.DocumentRoot.getExplodedWarFileDocumentRoot 126  - Code archive: /Users/oluwasakinoluwatobi/.m2/repository/org/springframework/boot/spring-boot/2.0.2.RELEASE/spring-boot-2.0.2.RELEASE.jar
21944 [restartedMain] DEBUG  o.s.b.w.servlet.server.DocumentRoot.getValidDirectory 70  - Document root: /Users/oluwasakinoluwatobi/eclipse-workspace/homeFellowship/src/main/webapp
22556 [localhost-startStop-1] INFO   c.p.h.c.MyRequestContextListener.startup 19  - ***************************REQUEST CONTEXT LISTENER STARTED******************************
22640 [restartedMain] INFO   c.p.h.c.JdbcConfiguration.startup 29  - ***************************APPLICATION CONTEXT STARTED******************************
24146 [restartedMain] INFO   o.s.boot.StartupInfoLogger.logStarted 59  - Started App in 23.803 seconds (JVM running for 24.366)
29385 [http-nio-1100-exec-2] INFO   c.p.homeFellowship.WelcomeController.loginPage 141  - login here
40054 [http-nio-1100-exec-10] INFO   c.p.h.s.CustomUserDetailsService.authenticate 56  - ********** User top : ooluwasakin *************
40055 [http-nio-1100-exec-10] INFO   c.p.h.s.CustomUserDetailsService.authenticate 57  - ********** IP Address : 0:0:0:0:0:0:0:1 *************
40055 [http-nio-1100-exec-10] INFO   c.p.h.s.CustomUserDetailsService.authenticate 61  - **********credentials j *************
40072 [http-nio-1100-exec-10] INFO   c.p.h.service.UserAdminServiceImpl.performBasicADAuthentication 49  - ********** The user is:ooluwasakin *********
40072 [http-nio-1100-exec-10] INFO   c.p.h.service.UserAdminServiceImpl.performBasicADAuthentication 62  - ********** isAuthenticated? true *********
45600 [http-nio-1100-exec-10] INFO   c.p.h.service.UserAdminServiceImpl.performBasicADAuthentication 82  - ********Is user Validated: true *********
45600 [http-nio-1100-exec-10] INFO   c.p.h.service.UserAdminServiceImpl.performBasicADAuthentication 90  - ********got here *********
45620 [http-nio-1100-exec-10] INFO   c.p.h.service.UserAdminServiceImpl.performBasicADAuthentication 102  - ********Is user Edited: false *********
45620 [http-nio-1100-exec-10] INFO   c.p.h.service.UserAdminServiceImpl.performBasicADAuthentication 112  - ********Is user Edited: false *********
45620 [http-nio-1100-exec-10] INFO   c.p.h.service.UserAdminServiceImpl.performBasicADAuthentication 123  - ********userprofile ==> User1 [userID=573, affiliateID=0, userTransactionLimit=0, active=true, userRoles=ADMIN, operationUser=true, userFullName=Oluwasakin Tobi, userEmailAdd=ooluwasakin@ecobank.com, userBranch=325, passwordExpiryPolicy=password unique to user, authorisedUserFlag=true, userName=ooluwasakin, serverIP=null, serviceClient=null, affiliateCode=ENG, userProfiles=[], tokenGroup=null, createdBy=null, deleteFlag=null, dateCreated=null, editedFlag=false, editedRoleFlag=false, password=null]    *********
45621 [http-nio-1100-exec-10] INFO   c.p.h.service.UserAdminServiceImpl.performBasicADAuthentication 150  - ***********userinfo***************User [userID=573, affiliate=ENG, limitAmount=0, active=true, userRolesStr=ADMIN, operationUser=true, fullName=Oluwasakin Tobi, firstName=Oluwasakin, lastName=Tobi, email=ooluwasakin@ecobank.com, branchCode=325, passwordExpiryPolicy=password unique to user, authorised=false, adUsername=ooluwasakin, password=null, userProfiles=[], currentLoginIPAddress=0:0:0:0:0:0:0:1, userFullName=null, customActivities=[], dateCreated=null, editedFlag=false, editedRoleFlag=false]
45623 [http-nio-1100-exec-10] INFO   c.p.h.s.CustomUserDetailsService.authenticate 86  - XXXX User before Adding ==> User [userID=573, affiliate=ENG, limitAmount=0, active=true, userRolesStr=ADMIN, operationUser=true, fullName=Oluwasakin Tobi, firstName=Oluwasakin, lastName=Tobi, email=ooluwasakin@ecobank.com, branchCode=325, passwordExpiryPolicy=password unique to user, authorised=false, adUsername=ooluwasakin, password=null, userProfiles=[UserProfileAdmin [roleID=1, type=ADMIN]], currentLoginIPAddress=0:0:0:0:0:0:0:1, userFullName=null, customActivities=[], dateCreated=null, editedFlag=false, editedRoleFlag=false] XXXX
45623 [http-nio-1100-exec-10] INFO   c.p.h.s.CustomUserDetailsService.getGrantedAuthorities 106  - ************ UserProfile : UserProfileAdmin [roleID=1, type=ADMIN] *************
45623 [http-nio-1100-exec-10] INFO   c.p.h.s.CustomUserDetailsService.getGrantedAuthorities 110  - ************ authorities : [ROLE_ADMIN] **************
45631 [http-nio-1100-exec-6] INFO   c.p.homeFellowship.WelcomeController.listUsers 1030  - +++ DASHBOARD ==> 
45677 [http-nio-1100-exec-6] INFO   c.p.h.dao.InquiryDaoImpl.get_user_step_position 204  - returningResultSet user position{r_user_step_position=[]}
45677 [http-nio-1100-exec-6] INFO   c.p.homeFellowship.WelcomeController.listUsers 1034  - responseStepUserStepPositionResp [stepPosition=0, stepid=0, stepName=null]
95801 [Thread-9] INFO   c.p.h.c.JdbcConfiguration.destroy 85  - **********************Application Destroyed...**********************
20543 [restartedMain] INFO   o.s.boot.StartupInfoLogger.logStarting 50  - Starting App on Oluwasakins-MacBook-Pro.local with PID 8981 (/Users/oluwasakinoluwatobi/eclipse-workspace/homeFellowship/target/classes started by oluwasakinoluwatobi in /Users/oluwasakinoluwatobi/eclipse-workspace/homeFellowship)
20547 [restartedMain] DEBUG  o.s.boot.StartupInfoLogger.logStarting 53  - Running with Spring Boot v2.0.2.RELEASE, Spring v5.0.6.RELEASE
20549 [restartedMain] INFO   o.s.boot.SpringApplication.logStartupProfileInfo 659  - No active profile set, falling back to default profiles: default
21867 [restartedMain] INFO   com.portal.homeFellowship.App$1.customizeConnector 56  - Set MaxSwallowSize 50000000
21876 [restartedMain] DEBUG  o.s.b.w.servlet.server.DocumentRoot.getArchiveFileDocumentRoot 82  - Code archive: /Users/oluwasakinoluwatobi/.m2/repository/org/springframework/boot/spring-boot/2.0.2.RELEASE/spring-boot-2.0.2.RELEASE.jar
21877 [restartedMain] DEBUG  o.s.b.w.servlet.server.DocumentRoot.getExplodedWarFileDocumentRoot 126  - Code archive: /Users/oluwasakinoluwatobi/.m2/repository/org/springframework/boot/spring-boot/2.0.2.RELEASE/spring-boot-2.0.2.RELEASE.jar
21877 [restartedMain] DEBUG  o.s.b.w.servlet.server.DocumentRoot.getValidDirectory 70  - Document root: /Users/oluwasakinoluwatobi/eclipse-workspace/homeFellowship/src/main/webapp
22401 [localhost-startStop-1] INFO   c.p.h.c.MyRequestContextListener.startup 19  - ***************************REQUEST CONTEXT LISTENER STARTED******************************
22490 [restartedMain] INFO   c.p.h.c.JdbcConfiguration.startup 29  - ***************************APPLICATION CONTEXT STARTED******************************
24088 [restartedMain] INFO   o.s.boot.StartupInfoLogger.logStarted 59  - Started App in 23.78 seconds (JVM running for 24.307)
33099 [http-nio-1100-exec-2] INFO   c.p.homeFellowship.WelcomeController.loginPage 141  - login here
43363 [http-nio-1100-exec-10] INFO   c.p.h.s.CustomUserDetailsService.authenticate 56  - ********** User top : ooluwasakin *************
43363 [http-nio-1100-exec-10] INFO   c.p.h.s.CustomUserDetailsService.authenticate 57  - ********** IP Address : 0:0:0:0:0:0:0:1 *************
43364 [http-nio-1100-exec-10] INFO   c.p.h.s.CustomUserDetailsService.authenticate 61  - **********credentials ds *************
43380 [http-nio-1100-exec-10] INFO   c.p.h.service.UserAdminServiceImpl.performBasicADAuthentication 49  - ********** The user is:ooluwasakin *********
43380 [http-nio-1100-exec-10] INFO   c.p.h.service.UserAdminServiceImpl.performBasicADAuthentication 62  - ********** isAuthenticated? true *********
48905 [http-nio-1100-exec-10] INFO   c.p.h.service.UserAdminServiceImpl.performBasicADAuthentication 82  - ********Is user Validated: true *********
48906 [http-nio-1100-exec-10] INFO   c.p.h.service.UserAdminServiceImpl.performBasicADAuthentication 90  - ********got here *********
48930 [http-nio-1100-exec-10] INFO   c.p.h.service.UserAdminServiceImpl.performBasicADAuthentication 102  - ********Is user Edited: false *********
48931 [http-nio-1100-exec-10] INFO   c.p.h.service.UserAdminServiceImpl.performBasicADAuthentication 112  - ********Is user Edited: false *********
48931 [http-nio-1100-exec-10] INFO   c.p.h.service.UserAdminServiceImpl.performBasicADAuthentication 123  - ********userprofile ==> User1 [userID=573, affiliateID=0, userTransactionLimit=0, active=true, userRoles=ADMIN, operationUser=true, userFullName=Oluwasakin Tobi, userEmailAdd=ooluwasakin@ecobank.com, userBranch=325, passwordExpiryPolicy=password unique to user, authorisedUserFlag=true, userName=ooluwasakin, serverIP=null, serviceClient=null, affiliateCode=ENG, userProfiles=[], tokenGroup=null, createdBy=null, deleteFlag=null, dateCreated=null, editedFlag=false, editedRoleFlag=false, password=null]    *********
48932 [http-nio-1100-exec-10] INFO   c.p.h.service.UserAdminServiceImpl.performBasicADAuthentication 150  - ***********userinfo***************User [userID=573, affiliate=ENG, limitAmount=0, active=true, userRolesStr=ADMIN, operationUser=true, fullName=Oluwasakin Tobi, firstName=Oluwasakin, lastName=Tobi, email=ooluwasakin@ecobank.com, branchCode=325, passwordExpiryPolicy=password unique to user, authorised=false, adUsername=ooluwasakin, password=null, userProfiles=[], currentLoginIPAddress=0:0:0:0:0:0:0:1, userFullName=null, customActivities=[], dateCreated=null, editedFlag=false, editedRoleFlag=false]
48934 [http-nio-1100-exec-10] INFO   c.p.h.s.CustomUserDetailsService.authenticate 86  - XXXX User before Adding ==> User [userID=573, affiliate=ENG, limitAmount=0, active=true, userRolesStr=ADMIN, operationUser=true, fullName=Oluwasakin Tobi, firstName=Oluwasakin, lastName=Tobi, email=ooluwasakin@ecobank.com, branchCode=325, passwordExpiryPolicy=password unique to user, authorised=false, adUsername=ooluwasakin, password=null, userProfiles=[UserProfileAdmin [roleID=1, type=ADMIN]], currentLoginIPAddress=0:0:0:0:0:0:0:1, userFullName=null, customActivities=[], dateCreated=null, editedFlag=false, editedRoleFlag=false] XXXX
48934 [http-nio-1100-exec-10] INFO   c.p.h.s.CustomUserDetailsService.getGrantedAuthorities 106  - ************ UserProfile : UserProfileAdmin [roleID=1, type=ADMIN] *************
48934 [http-nio-1100-exec-10] INFO   c.p.h.s.CustomUserDetailsService.getGrantedAuthorities 110  - ************ authorities : [ROLE_ADMIN] **************
48943 [http-nio-1100-exec-6] INFO   c.p.homeFellowship.WelcomeController.listUsers 1030  - +++ DASHBOARD ==> 
48993 [http-nio-1100-exec-6] INFO   c.p.h.dao.InquiryDaoImpl.get_user_step_position 204  - returningResultSet user position{r_user_step_position=[]}
48994 [http-nio-1100-exec-6] INFO   c.p.homeFellowship.WelcomeController.listUsers 1034  - responseStepUserStepPositionResp [stepPosition=0, stepid=0, stepName=null]
530240 [Thread-9] INFO   c.p.h.c.JdbcConfiguration.destroy 85  - **********************Application Destroyed...**********************
20643 [restartedMain] INFO   o.s.boot.StartupInfoLogger.logStarting 50  - Starting App on Oluwasakins-MacBook-Pro.local with PID 8991 (/Users/oluwasakinoluwatobi/eclipse-workspace/homeFellowship/target/classes started by oluwasakinoluwatobi in /Users/oluwasakinoluwatobi/eclipse-workspace/homeFellowship)
20646 [restartedMain] DEBUG  o.s.boot.StartupInfoLogger.logStarting 53  - Running with Spring Boot v2.0.2.RELEASE, Spring v5.0.6.RELEASE
20648 [restartedMain] INFO   o.s.boot.SpringApplication.logStartupProfileInfo 659  - No active profile set, falling back to default profiles: default
21988 [restartedMain] INFO   com.portal.homeFellowship.App$1.customizeConnector 56  - Set MaxSwallowSize 50000000
21997 [restartedMain] DEBUG  o.s.b.w.servlet.server.DocumentRoot.getArchiveFileDocumentRoot 82  - Code archive: /Users/oluwasakinoluwatobi/.m2/repository/org/springframework/boot/spring-boot/2.0.2.RELEASE/spring-boot-2.0.2.RELEASE.jar
21998 [restartedMain] DEBUG  o.s.b.w.servlet.server.DocumentRoot.getExplodedWarFileDocumentRoot 126  - Code archive: /Users/oluwasakinoluwatobi/.m2/repository/org/springframework/boot/spring-boot/2.0.2.RELEASE/spring-boot-2.0.2.RELEASE.jar
21998 [restartedMain] DEBUG  o.s.b.w.servlet.server.DocumentRoot.getValidDirectory 70  - Document root: /Users/oluwasakinoluwatobi/eclipse-workspace/homeFellowship/src/main/webapp
22580 [localhost-startStop-1] INFO   c.p.h.c.MyRequestContextListener.startup 19  - ***************************REQUEST CONTEXT LISTENER STARTED******************************
22667 [restartedMain] INFO   c.p.h.c.JdbcConfiguration.startup 29  - ***************************APPLICATION CONTEXT STARTED******************************
24202 [restartedMain] INFO   o.s.boot.StartupInfoLogger.logStarted 59  - Started App in 23.792 seconds (JVM running for 24.453)
35602 [http-nio-1100-exec-2] INFO   c.p.homeFellowship.WelcomeController.loginPage 141  - login here
41542 [http-nio-1100-exec-1] INFO   c.p.h.s.CustomUserDetailsService.authenticate 56  - ********** User top : ooluwasakin *************
41543 [http-nio-1100-exec-1] INFO   c.p.h.s.CustomUserDetailsService.authenticate 57  - ********** IP Address : 0:0:0:0:0:0:0:1 *************
41543 [http-nio-1100-exec-1] INFO   c.p.h.s.CustomUserDetailsService.authenticate 61  - **********credentials j *************
41559 [http-nio-1100-exec-1] INFO   c.p.h.service.UserAdminServiceImpl.performBasicADAuthentication 49  - ********** The user is:ooluwasakin *********
41559 [http-nio-1100-exec-1] INFO   c.p.h.service.UserAdminServiceImpl.performBasicADAuthentication 62  - ********** isAuthenticated? true *********
47071 [http-nio-1100-exec-1] INFO   c.p.h.service.UserAdminServiceImpl.performBasicADAuthentication 82  - ********Is user Validated: true *********
47071 [http-nio-1100-exec-1] INFO   c.p.h.service.UserAdminServiceImpl.performBasicADAuthentication 90  - ********got here *********
47097 [http-nio-1100-exec-1] INFO   c.p.h.service.UserAdminServiceImpl.performBasicADAuthentication 102  - ********Is user Edited: false *********
47097 [http-nio-1100-exec-1] INFO   c.p.h.service.UserAdminServiceImpl.performBasicADAuthentication 112  - ********Is user Edited: false *********
47097 [http-nio-1100-exec-1] INFO   c.p.h.service.UserAdminServiceImpl.performBasicADAuthentication 123  - ********userprofile ==> User1 [userID=573, affiliateID=0, userTransactionLimit=0, active=true, userRoles=ADMIN, operationUser=true, userFullName=Oluwasakin Tobi, userEmailAdd=ooluwasakin@ecobank.com, userBranch=325, passwordExpiryPolicy=password unique to user, authorisedUserFlag=true, userName=ooluwasakin, serverIP=null, serviceClient=null, affiliateCode=ENG, userProfiles=[], tokenGroup=null, createdBy=null, deleteFlag=null, dateCreated=null, editedFlag=false, editedRoleFlag=false, password=null]    *********
47098 [http-nio-1100-exec-1] INFO   c.p.h.service.UserAdminServiceImpl.performBasicADAuthentication 150  - ***********userinfo***************User [userID=573, affiliate=ENG, limitAmount=0, active=true, userRolesStr=ADMIN, operationUser=true, fullName=Oluwasakin Tobi, firstName=Oluwasakin, lastName=Tobi, email=ooluwasakin@ecobank.com, branchCode=325, passwordExpiryPolicy=password unique to user, authorised=false, adUsername=ooluwasakin, password=null, userProfiles=[], currentLoginIPAddress=0:0:0:0:0:0:0:1, userFullName=null, customActivities=[], dateCreated=null, editedFlag=false, editedRoleFlag=false]
47100 [http-nio-1100-exec-1] INFO   c.p.h.s.CustomUserDetailsService.authenticate 86  - XXXX User before Adding ==> User [userID=573, affiliate=ENG, limitAmount=0, active=true, userRolesStr=ADMIN, operationUser=true, fullName=Oluwasakin Tobi, firstName=Oluwasakin, lastName=Tobi, email=ooluwasakin@ecobank.com, branchCode=325, passwordExpiryPolicy=password unique to user, authorised=false, adUsername=ooluwasakin, password=null, userProfiles=[UserProfileAdmin [roleID=1, type=ADMIN]], currentLoginIPAddress=0:0:0:0:0:0:0:1, userFullName=null, customActivities=[], dateCreated=null, editedFlag=false, editedRoleFlag=false] XXXX
47100 [http-nio-1100-exec-1] INFO   c.p.h.s.CustomUserDetailsService.getGrantedAuthorities 106  - ************ UserProfile : UserProfileAdmin [roleID=1, type=ADMIN] *************
47100 [http-nio-1100-exec-1] INFO   c.p.h.s.CustomUserDetailsService.getGrantedAuthorities 110  - ************ authorities : [ROLE_ADMIN] **************
47109 [http-nio-1100-exec-4] INFO   c.p.homeFellowship.WelcomeController.listUsers 1030  - +++ DASHBOARD ==> 
47160 [http-nio-1100-exec-4] INFO   c.p.h.dao.InquiryDaoImpl.get_user_step_position 204  - returningResultSet user position{r_user_step_position=[]}
47161 [http-nio-1100-exec-4] INFO   c.p.homeFellowship.WelcomeController.listUsers 1034  - responseStepUserStepPositionResp [stepPosition=0, stepid=0, stepName=null]
67049 [clientOutboundChannel-1] INFO   c.p.h.c.WebSocketEventListener.handleWebSocketConnectListener 25  - Received a new web socket connection
67049 [clientOutboundChannel-2] INFO   c.p.h.c.WebSocketEventListener.handleWebSocketConnectListener 25  - Received a new web socket connection
131070 [http-nio-1100-exec-8] INFO   c.p.homeFellowship.WelcomeController.listUsers 1030  - +++ DASHBOARD ==> 
131119 [http-nio-1100-exec-8] INFO   c.p.h.dao.InquiryDaoImpl.get_user_step_position 204  - returningResultSet user position{r_user_step_position=[]}
131119 [http-nio-1100-exec-8] INFO   c.p.homeFellowship.WelcomeController.listUsers 1034  - responseStepUserStepPositionResp [stepPosition=0, stepid=0, stepName=null]
148386 [clientOutboundChannel-9] INFO   c.p.h.c.WebSocketEventListener.handleWebSocketConnectListener 25  - Received a new web socket connection
148398 [clientOutboundChannel-10] INFO   c.p.h.c.WebSocketEventListener.handleWebSocketConnectListener 25  - Received a new web socket connection
312878 [http-nio-1100-exec-5] INFO   c.p.homeFellowship.WelcomeController.listUsers 1030  - +++ DASHBOARD ==> 
312916 [http-nio-1100-exec-5] INFO   c.p.h.dao.InquiryDaoImpl.get_user_step_position 204  - returningResultSet user position{r_user_step_position=[]}
312916 [http-nio-1100-exec-5] INFO   c.p.homeFellowship.WelcomeController.listUsers 1034  - responseStepUserStepPositionResp [stepPosition=0, stepid=0, stepName=null]
319788 [http-nio-1100-exec-5] INFO   c.p.h.c.WebSocketEventListener.handleWebSocketDisconnectListener 33  - User connected : me
319788 [http-nio-1100-exec-5] INFO   c.p.h.c.WebSocketEventListener.handleWebSocketDisconnectListener 35  - User Disconnected : me
319791 [http-nio-1100-exec-5] INFO   c.p.h.c.WebSocketEventListener.handleWebSocketDisconnectListener 33  - User connected : null
319792 [http-nio-1100-exec-5] INFO   c.p.h.c.WebSocketEventListener.handleWebSocketDisconnectListener 33  - User connected : null
319793 [http-nio-1100-exec-5] INFO   c.p.h.c.WebSocketEventListener.handleWebSocketDisconnectListener 33  - User connected : hii
319794 [http-nio-1100-exec-5] INFO   c.p.h.c.WebSocketEventListener.handleWebSocketDisconnectListener 35  - User Disconnected : hii
319804 [http-nio-1100-exec-1] INFO   c.p.homeFellowship.WelcomeController.loginPage 141  - login here
324791 [http-nio-1100-exec-4] INFO   c.p.h.s.CustomUserDetailsService.authenticate 56  - ********** User top : lalimi *************
324792 [http-nio-1100-exec-4] INFO   c.p.h.s.CustomUserDetailsService.authenticate 57  - ********** IP Address : 0:0:0:0:0:0:0:1 *************
324792 [http-nio-1100-exec-4] INFO   c.p.h.s.CustomUserDetailsService.authenticate 61  - **********credentials kj *************
324793 [http-nio-1100-exec-4] INFO   c.p.h.service.UserAdminServiceImpl.performBasicADAuthentication 49  - ********** The user is:lalimi *********
324793 [http-nio-1100-exec-4] INFO   c.p.h.service.UserAdminServiceImpl.performBasicADAuthentication 62  - ********** isAuthenticated? true *********
324803 [http-nio-1100-exec-4] INFO   c.p.h.service.UserAdminServiceImpl.performBasicADAuthentication 82  - ********Is user Validated: true *********
324804 [http-nio-1100-exec-4] INFO   c.p.h.service.UserAdminServiceImpl.performBasicADAuthentication 90  - ********got here *********
324810 [http-nio-1100-exec-4] INFO   c.p.h.service.UserAdminServiceImpl.performBasicADAuthentication 102  - ********Is user Edited: false *********
324811 [http-nio-1100-exec-4] INFO   c.p.h.service.UserAdminServiceImpl.performBasicADAuthentication 112  - ********Is user Edited: false *********
324811 [http-nio-1100-exec-4] INFO   c.p.h.service.UserAdminServiceImpl.performBasicADAuthentication 123  - ********userprofile ==> User1 [userID=529, affiliateID=0, userTransactionLimit=0, active=true, userRoles=ADMIN, operationUser=true, userFullName=LATEEF ALIMI, userEmailAdd=lalimi@ecobank.com, userBranch=A01, passwordExpiryPolicy=password unique to user, authorisedUserFlag=true, userName=lalimi, serverIP=null, serviceClient=null, affiliateCode=ENG, userProfiles=[], tokenGroup=null, createdBy=null, deleteFlag=null, dateCreated=null, editedFlag=false, editedRoleFlag=false, password=null]    *********
324811 [http-nio-1100-exec-4] INFO   c.p.h.service.UserAdminServiceImpl.performBasicADAuthentication 150  - ***********userinfo***************User [userID=529, affiliate=ENG, limitAmount=0, active=true, userRolesStr=ADMIN, operationUser=true, fullName=LATEEF ALIMI, firstName=LATEEF, lastName=ALIMI, email=lalimi@ecobank.com, branchCode=A01, passwordExpiryPolicy=password unique to user, authorised=false, adUsername=lalimi, password=null, userProfiles=[], currentLoginIPAddress=0:0:0:0:0:0:0:1, userFullName=null, customActivities=[], dateCreated=null, editedFlag=false, editedRoleFlag=false]
324812 [http-nio-1100-exec-4] INFO   c.p.h.s.CustomUserDetailsService.authenticate 86  - XXXX User before Adding ==> User [userID=529, affiliate=ENG, limitAmount=0, active=true, userRolesStr=ADMIN, operationUser=true, fullName=LATEEF ALIMI, firstName=LATEEF, lastName=ALIMI, email=lalimi@ecobank.com, branchCode=A01, passwordExpiryPolicy=password unique to user, authorised=false, adUsername=lalimi, password=null, userProfiles=[UserProfileAdmin [roleID=1, type=ADMIN]], currentLoginIPAddress=0:0:0:0:0:0:0:1, userFullName=null, customActivities=[], dateCreated=null, editedFlag=false, editedRoleFlag=false] XXXX
324812 [http-nio-1100-exec-4] INFO   c.p.h.s.CustomUserDetailsService.getGrantedAuthorities 106  - ************ UserProfile : UserProfileAdmin [roleID=1, type=ADMIN] *************
324812 [http-nio-1100-exec-4] INFO   c.p.h.s.CustomUserDetailsService.getGrantedAuthorities 110  - ************ authorities : [ROLE_ADMIN] **************
324816 [http-nio-1100-exec-7] INFO   c.p.homeFellowship.WelcomeController.listUsers 1030  - +++ DASHBOARD ==> 
324851 [http-nio-1100-exec-7] INFO   c.p.h.dao.InquiryDaoImpl.get_user_step_position 204  - returningResultSet user position{r_user_step_position=[]}
324852 [http-nio-1100-exec-7] INFO   c.p.homeFellowship.WelcomeController.listUsers 1034  - responseStepUserStepPositionResp [stepPosition=0, stepid=0, stepName=null]
356099 [clientOutboundChannel-38] INFO   c.p.h.c.WebSocketEventListener.handleWebSocketConnectListener 25  - Received a new web socket connection
356110 [clientOutboundChannel-40] INFO   c.p.h.c.WebSocketEventListener.handleWebSocketConnectListener 25  - Received a new web socket connection
401569 [clientOutboundChannel-45] INFO   c.p.h.c.WebSocketEventListener.handleWebSocketConnectListener 25  - Received a new web socket connection
401582 [clientOutboundChannel-46] INFO   c.p.h.c.WebSocketEventListener.handleWebSocketConnectListener 25  - Received a new web socket connection
1020144 [http-nio-1100-exec-3] INFO   c.p.h.c.WebSocketEventListener.handleWebSocketDisconnectListener 33  - User connected : ds
1020145 [http-nio-1100-exec-2] INFO   c.p.h.c.WebSocketEventListener.handleWebSocketDisconnectListener 33  - User connected : qe
1020150 [http-nio-1100-exec-2] INFO   c.p.h.c.WebSocketEventListener.handleWebSocketDisconnectListener 35  - User Disconnected : qe
1020151 [http-nio-1100-exec-3] INFO   c.p.h.c.WebSocketEventListener.handleWebSocketDisconnectListener 35  - User Disconnected : ds
1020144 [http-nio-1100-exec-8] INFO   c.p.h.c.WebSocketEventListener.handleWebSocketDisconnectListener 33  - User connected : null
1020202 [http-nio-1100-exec-4] INFO   c.p.h.c.WebSocketEventListener.handleWebSocketDisconnectListener 33  - User connected : null
