20769 [restartedMain] INFO   o.s.boot.StartupInfoLogger.logStarting 50  - Starting App on Oluwasakins-MacBook-Pro.local with PID 24152 (/Users/oluwasakinoluwatobi/eclipse-workspace/homeFellowship/target/classes started by oluwasakinoluwatobi in /Users/oluwasakinoluwatobi/eclipse-workspace/homeFellowship)
20773 [restartedMain] DEBUG  o.s.boot.StartupInfoLogger.logStarting 53  - Running with Spring Boot v2.0.2.RELEASE, Spring v5.0.6.RELEASE
20775 [restartedMain] INFO   o.s.boot.SpringApplication.logStartupProfileInfo 659  - No active profile set, falling back to default profiles: default
22327 [restartedMain] INFO   com.portal.homeFellowship.App$1.customizeConnector 56  - Set MaxSwallowSize 50000000
22339 [restartedMain] DEBUG  o.s.b.w.servlet.server.DocumentRoot.getArchiveFileDocumentRoot 82  - Code archive: /Users/oluwasakinoluwatobi/.m2/repository/org/springframework/boot/spring-boot/2.0.2.RELEASE/spring-boot-2.0.2.RELEASE.jar
22339 [restartedMain] DEBUG  o.s.b.w.servlet.server.DocumentRoot.getExplodedWarFileDocumentRoot 126  - Code archive: /Users/oluwasakinoluwatobi/.m2/repository/org/springframework/boot/spring-boot/2.0.2.RELEASE/spring-boot-2.0.2.RELEASE.jar
22340 [restartedMain] DEBUG  o.s.b.w.servlet.server.DocumentRoot.getValidDirectory 70  - Document root: /Users/oluwasakinoluwatobi/eclipse-workspace/homeFellowship/src/main/webapp
23022 [localhost-startStop-1] INFO   c.p.h.c.MyRequestContextListener.startup 19  - ***************************REQUEST CONTEXT LISTENER STARTED******************************
23088 [restartedMain] INFO   c.p.h.c.JdbcConfiguration.startup 29  - ***************************APPLICATION CONTEXT STARTED******************************
24614 [restartedMain] INFO   o.s.boot.StartupInfoLogger.logStarted 59  - Started App in 24.14 seconds (JVM running for 24.872)
41724 [http-nio-1100-exec-2] INFO   c.p.homeFellowship.WelcomeController.loginPage 141  - login here
47743 [http-nio-1100-exec-1] INFO   c.p.h.s.CustomUserDetailsService.authenticate 56  - ********** User top : ooluwasakin *************
47743 [http-nio-1100-exec-1] INFO   c.p.h.s.CustomUserDetailsService.authenticate 57  - ********** IP Address : 0:0:0:0:0:0:0:1 *************
47743 [http-nio-1100-exec-1] INFO   c.p.h.s.CustomUserDetailsService.authenticate 61  - **********credentials khk *************
47760 [http-nio-1100-exec-1] INFO   c.p.h.service.UserAdminServiceImpl.performBasicADAuthentication 49  - ********** The user is:ooluwasakin *********
47761 [http-nio-1100-exec-1] INFO   c.p.h.service.UserAdminServiceImpl.performBasicADAuthentication 62  - ********** isAuthenticated? true *********
53361 [http-nio-1100-exec-1] INFO   c.p.h.service.UserAdminServiceImpl.performBasicADAuthentication 82  - ********Is user Validated: true *********
53362 [http-nio-1100-exec-1] INFO   c.p.h.service.UserAdminServiceImpl.performBasicADAuthentication 90  - ********got here *********
53383 [http-nio-1100-exec-1] INFO   c.p.h.service.UserAdminServiceImpl.performBasicADAuthentication 102  - ********Is user Edited: false *********
53384 [http-nio-1100-exec-1] INFO   c.p.h.service.UserAdminServiceImpl.performBasicADAuthentication 112  - ********Is user Edited: false *********
53384 [http-nio-1100-exec-1] INFO   c.p.h.service.UserAdminServiceImpl.performBasicADAuthentication 123  - ********userprofile ==> User1 [userID=573, affiliateID=0, userTransactionLimit=0, active=true, userRoles=ADMIN, operationUser=true, userFullName=Oluwasakin Tobi, userEmailAdd=ooluwasakin@ecobank.com, userBranch=325, passwordExpiryPolicy=password unique to user, authorisedUserFlag=true, userName=ooluwasakin, serverIP=null, serviceClient=null, affiliateCode=ENG, userProfiles=[], tokenGroup=null, createdBy=null, deleteFlag=null, dateCreated=null, editedFlag=false, editedRoleFlag=false, password=null]    *********
53385 [http-nio-1100-exec-1] INFO   c.p.h.service.UserAdminServiceImpl.performBasicADAuthentication 150  - ***********userinfo***************User [userID=573, affiliate=ENG, limitAmount=0, active=true, userRolesStr=ADMIN, operationUser=true, fullName=Oluwasakin Tobi, firstName=Oluwasakin, lastName=Tobi, email=ooluwasakin@ecobank.com, branchCode=325, passwordExpiryPolicy=password unique to user, authorised=false, adUsername=ooluwasakin, password=null, userProfiles=[], currentLoginIPAddress=0:0:0:0:0:0:0:1, userFullName=null, customActivities=[], dateCreated=null, editedFlag=false, editedRoleFlag=false]
53387 [http-nio-1100-exec-1] INFO   c.p.h.s.CustomUserDetailsService.authenticate 86  - XXXX User before Adding ==> User [userID=573, affiliate=ENG, limitAmount=0, active=true, userRolesStr=ADMIN, operationUser=true, fullName=Oluwasakin Tobi, firstName=Oluwasakin, lastName=Tobi, email=ooluwasakin@ecobank.com, branchCode=325, passwordExpiryPolicy=password unique to user, authorised=false, adUsername=ooluwasakin, password=null, userProfiles=[UserProfileAdmin [roleID=1, type=ADMIN]], currentLoginIPAddress=0:0:0:0:0:0:0:1, userFullName=null, customActivities=[], dateCreated=null, editedFlag=false, editedRoleFlag=false] XXXX
53387 [http-nio-1100-exec-1] INFO   c.p.h.s.CustomUserDetailsService.getGrantedAuthorities 106  - ************ UserProfile : UserProfileAdmin [roleID=1, type=ADMIN] *************
53388 [http-nio-1100-exec-1] INFO   c.p.h.s.CustomUserDetailsService.getGrantedAuthorities 110  - ************ authorities : [ROLE_ADMIN] **************
53397 [http-nio-1100-exec-10] INFO   c.p.homeFellowship.WelcomeController.listUsers 1030  - +++ DASHBOARD ==> 
53449 [http-nio-1100-exec-10] INFO   c.p.h.dao.InquiryDaoImpl.get_user_step_position 204  - returningResultSet user position{r_user_step_position=[]}
53449 [http-nio-1100-exec-10] INFO   c.p.homeFellowship.WelcomeController.listUsers 1034  - responseStepUserStepPositionResp [stepPosition=0, stepid=0, stepName=null]
67193 [clientOutboundChannel-1] INFO   c.p.h.c.WebSocketEventListener.handleWebSocketConnectListener 25  - Received a new web socket connection
80965 [http-nio-1100-exec-3] INFO   c.p.homeFellowship.WelcomeController.listUsers 1030  - +++ DASHBOARD ==> 
81008 [http-nio-1100-exec-3] INFO   c.p.h.dao.InquiryDaoImpl.get_user_step_position 204  - returningResultSet user position{r_user_step_position=[]}
81008 [http-nio-1100-exec-3] INFO   c.p.homeFellowship.WelcomeController.listUsers 1034  - responseStepUserStepPositionResp [stepPosition=0, stepid=0, stepName=null]
85502 [http-nio-1100-exec-10] INFO   c.p.h.c.WebSocketEventListener.handleWebSocketDisconnectListener 33  - User connected : Oluwasakin
85502 [http-nio-1100-exec-10] INFO   c.p.h.c.WebSocketEventListener.handleWebSocketDisconnectListener 35  - User Disconnected : Oluwasakin
85517 [http-nio-1100-exec-5] INFO   c.p.homeFellowship.WelcomeController.loginPage 141  - login here
88676 [http-nio-1100-exec-2] INFO   c.p.h.s.CustomUserDetailsService.authenticate 56  - ********** User top : lalimi *************
88676 [http-nio-1100-exec-2] INFO   c.p.h.s.CustomUserDetailsService.authenticate 57  - ********** IP Address : 0:0:0:0:0:0:0:1 *************
88676 [http-nio-1100-exec-2] INFO   c.p.h.s.CustomUserDetailsService.authenticate 61  - **********credentials jh *************
88677 [http-nio-1100-exec-2] INFO   c.p.h.service.UserAdminServiceImpl.performBasicADAuthentication 49  - ********** The user is:lalimi *********
88677 [http-nio-1100-exec-2] INFO   c.p.h.service.UserAdminServiceImpl.performBasicADAuthentication 62  - ********** isAuthenticated? true *********
88689 [http-nio-1100-exec-2] INFO   c.p.h.service.UserAdminServiceImpl.performBasicADAuthentication 82  - ********Is user Validated: true *********
88689 [http-nio-1100-exec-2] INFO   c.p.h.service.UserAdminServiceImpl.performBasicADAuthentication 90  - ********got here *********
88697 [http-nio-1100-exec-2] INFO   c.p.h.service.UserAdminServiceImpl.performBasicADAuthentication 102  - ********Is user Edited: false *********
88697 [http-nio-1100-exec-2] INFO   c.p.h.service.UserAdminServiceImpl.performBasicADAuthentication 112  - ********Is user Edited: false *********
88698 [http-nio-1100-exec-2] INFO   c.p.h.service.UserAdminServiceImpl.performBasicADAuthentication 123  - ********userprofile ==> User1 [userID=529, affiliateID=0, userTransactionLimit=0, active=true, userRoles=ADMIN, operationUser=true, userFullName=LATEEF ALIMI, userEmailAdd=lalimi@ecobank.com, userBranch=A01, passwordExpiryPolicy=password unique to user, authorisedUserFlag=true, userName=lalimi, serverIP=null, serviceClient=null, affiliateCode=ENG, userProfiles=[], tokenGroup=null, createdBy=null, deleteFlag=null, dateCreated=null, editedFlag=false, editedRoleFlag=false, password=null]    *********
88698 [http-nio-1100-exec-2] INFO   c.p.h.service.UserAdminServiceImpl.performBasicADAuthentication 150  - ***********userinfo***************User [userID=529, affiliate=ENG, limitAmount=0, active=true, userRolesStr=ADMIN, operationUser=true, fullName=LATEEF ALIMI, firstName=LATEEF, lastName=ALIMI, email=lalimi@ecobank.com, branchCode=A01, passwordExpiryPolicy=password unique to user, authorised=false, adUsername=lalimi, password=null, userProfiles=[], currentLoginIPAddress=0:0:0:0:0:0:0:1, userFullName=null, customActivities=[], dateCreated=null, editedFlag=false, editedRoleFlag=false]
88698 [http-nio-1100-exec-2] INFO   c.p.h.s.CustomUserDetailsService.authenticate 86  - XXXX User before Adding ==> User [userID=529, affiliate=ENG, limitAmount=0, active=true, userRolesStr=ADMIN, operationUser=true, fullName=LATEEF ALIMI, firstName=LATEEF, lastName=ALIMI, email=lalimi@ecobank.com, branchCode=A01, passwordExpiryPolicy=password unique to user, authorised=false, adUsername=lalimi, password=null, userProfiles=[UserProfileAdmin [roleID=1, type=ADMIN]], currentLoginIPAddress=0:0:0:0:0:0:0:1, userFullName=null, customActivities=[], dateCreated=null, editedFlag=false, editedRoleFlag=false] XXXX
88699 [http-nio-1100-exec-2] INFO   c.p.h.s.CustomUserDetailsService.getGrantedAuthorities 106  - ************ UserProfile : UserProfileAdmin [roleID=1, type=ADMIN] *************
88699 [http-nio-1100-exec-2] INFO   c.p.h.s.CustomUserDetailsService.getGrantedAuthorities 110  - ************ authorities : [ROLE_ADMIN] **************
88704 [http-nio-1100-exec-1] INFO   c.p.homeFellowship.WelcomeController.listUsers 1030  - +++ DASHBOARD ==> 
88747 [http-nio-1100-exec-1] INFO   c.p.h.dao.InquiryDaoImpl.get_user_step_position 204  - returningResultSet user position{r_user_step_position=[]}
88747 [http-nio-1100-exec-1] INFO   c.p.homeFellowship.WelcomeController.listUsers 1034  - responseStepUserStepPositionResp [stepPosition=0, stepid=0, stepName=null]
96176 [clientOutboundChannel-6] INFO   c.p.h.c.WebSocketEventListener.handleWebSocketConnectListener 25  - Received a new web socket connection
117646 [http-nio-1100-exec-3] INFO   c.p.h.c.WebSocketEventListener.handleWebSocketDisconnectListener 33  - User connected : LATEEF
117647 [http-nio-1100-exec-3] INFO   c.p.h.c.WebSocketEventListener.handleWebSocketDisconnectListener 35  - User Disconnected : LATEEF
374746 [Thread-9] INFO   c.p.h.c.JdbcConfiguration.destroy 85  - **********************Application Destroyed...**********************
20642 [restartedMain] INFO   o.s.boot.StartupInfoLogger.logStarting 50  - Starting App on Oluwasakins-MacBook-Pro.local with PID 24172 (/Users/oluwasakinoluwatobi/eclipse-workspace/homeFellowship/target/classes started by oluwasakinoluwatobi in /Users/oluwasakinoluwatobi/eclipse-workspace/homeFellowship)
20645 [restartedMain] DEBUG  o.s.boot.StartupInfoLogger.logStarting 53  - Running with Spring Boot v2.0.2.RELEASE, Spring v5.0.6.RELEASE
20646 [restartedMain] INFO   o.s.boot.SpringApplication.logStartupProfileInfo 659  - No active profile set, falling back to default profiles: default
21995 [restartedMain] INFO   com.portal.homeFellowship.App$1.customizeConnector 56  - Set MaxSwallowSize 50000000
22005 [restartedMain] DEBUG  o.s.b.w.servlet.server.DocumentRoot.getArchiveFileDocumentRoot 82  - Code archive: /Users/oluwasakinoluwatobi/.m2/repository/org/springframework/boot/spring-boot/2.0.2.RELEASE/spring-boot-2.0.2.RELEASE.jar
22005 [restartedMain] DEBUG  o.s.b.w.servlet.server.DocumentRoot.getExplodedWarFileDocumentRoot 126  - Code archive: /Users/oluwasakinoluwatobi/.m2/repository/org/springframework/boot/spring-boot/2.0.2.RELEASE/spring-boot-2.0.2.RELEASE.jar
22006 [restartedMain] DEBUG  o.s.b.w.servlet.server.DocumentRoot.getValidDirectory 70  - Document root: /Users/oluwasakinoluwatobi/eclipse-workspace/homeFellowship/src/main/webapp
22615 [localhost-startStop-1] INFO   c.p.h.c.MyRequestContextListener.startup 19  - ***************************REQUEST CONTEXT LISTENER STARTED******************************
22700 [restartedMain] INFO   c.p.h.c.JdbcConfiguration.startup 29  - ***************************APPLICATION CONTEXT STARTED******************************
24225 [restartedMain] INFO   o.s.boot.StartupInfoLogger.logStarted 59  - Started App in 23.834 seconds (JVM running for 24.464)
31584 [http-nio-1100-exec-2] INFO   c.p.homeFellowship.WelcomeController.loginPage 141  - login here
39559 [http-nio-1100-exec-4] INFO   c.p.h.s.CustomUserDetailsService.authenticate 56  - ********** User top : ooluwasakin *************
39560 [http-nio-1100-exec-4] INFO   c.p.h.s.CustomUserDetailsService.authenticate 57  - ********** IP Address : 0:0:0:0:0:0:0:1 *************
39560 [http-nio-1100-exec-4] INFO   c.p.h.s.CustomUserDetailsService.authenticate 61  - **********credentials jhkj *************
39578 [http-nio-1100-exec-4] INFO   c.p.h.service.UserAdminServiceImpl.performBasicADAuthentication 49  - ********** The user is:ooluwasakin *********
39578 [http-nio-1100-exec-4] INFO   c.p.h.service.UserAdminServiceImpl.performBasicADAuthentication 62  - ********** isAuthenticated? true *********
45097 [http-nio-1100-exec-4] INFO   c.p.h.service.UserAdminServiceImpl.performBasicADAuthentication 82  - ********Is user Validated: true *********
45097 [http-nio-1100-exec-4] INFO   c.p.h.service.UserAdminServiceImpl.performBasicADAuthentication 90  - ********got here *********
45117 [http-nio-1100-exec-4] INFO   c.p.h.service.UserAdminServiceImpl.performBasicADAuthentication 102  - ********Is user Edited: false *********
45117 [http-nio-1100-exec-4] INFO   c.p.h.service.UserAdminServiceImpl.performBasicADAuthentication 112  - ********Is user Edited: false *********
45118 [http-nio-1100-exec-4] INFO   c.p.h.service.UserAdminServiceImpl.performBasicADAuthentication 123  - ********userprofile ==> User1 [userID=573, affiliateID=0, userTransactionLimit=0, active=true, userRoles=ADMIN, operationUser=true, userFullName=Oluwasakin Tobi, userEmailAdd=ooluwasakin@ecobank.com, userBranch=325, passwordExpiryPolicy=password unique to user, authorisedUserFlag=true, userName=ooluwasakin, serverIP=null, serviceClient=null, affiliateCode=ENG, userProfiles=[], tokenGroup=null, createdBy=null, deleteFlag=null, dateCreated=null, editedFlag=false, editedRoleFlag=false, password=null]    *********
45118 [http-nio-1100-exec-4] INFO   c.p.h.service.UserAdminServiceImpl.performBasicADAuthentication 150  - ***********userinfo***************User [userID=573, affiliate=ENG, limitAmount=0, active=true, userRolesStr=ADMIN, operationUser=true, fullName=Oluwasakin Tobi, firstName=Oluwasakin, lastName=Tobi, email=ooluwasakin@ecobank.com, branchCode=325, passwordExpiryPolicy=password unique to user, authorised=false, adUsername=ooluwasakin, password=null, userProfiles=[], currentLoginIPAddress=0:0:0:0:0:0:0:1, userFullName=null, customActivities=[], dateCreated=null, editedFlag=false, editedRoleFlag=false]
45119 [http-nio-1100-exec-4] INFO   c.p.h.s.CustomUserDetailsService.authenticate 86  - XXXX User before Adding ==> User [userID=573, affiliate=ENG, limitAmount=0, active=true, userRolesStr=ADMIN, operationUser=true, fullName=Oluwasakin Tobi, firstName=Oluwasakin, lastName=Tobi, email=ooluwasakin@ecobank.com, branchCode=325, passwordExpiryPolicy=password unique to user, authorised=false, adUsername=ooluwasakin, password=null, userProfiles=[UserProfileAdmin [roleID=1, type=ADMIN]], currentLoginIPAddress=0:0:0:0:0:0:0:1, userFullName=null, customActivities=[], dateCreated=null, editedFlag=false, editedRoleFlag=false] XXXX
45120 [http-nio-1100-exec-4] INFO   c.p.h.s.CustomUserDetailsService.getGrantedAuthorities 106  - ************ UserProfile : UserProfileAdmin [roleID=1, type=ADMIN] *************
45120 [http-nio-1100-exec-4] INFO   c.p.h.s.CustomUserDetailsService.getGrantedAuthorities 110  - ************ authorities : [ROLE_ADMIN] **************
45127 [http-nio-1100-exec-10] INFO   c.p.homeFellowship.WelcomeController.listUsers 1030  - +++ DASHBOARD ==> 
45175 [http-nio-1100-exec-10] INFO   c.p.h.dao.InquiryDaoImpl.get_user_step_position 204  - returningResultSet user position{r_user_step_position=[]}
45175 [http-nio-1100-exec-10] INFO   c.p.homeFellowship.WelcomeController.listUsers 1034  - responseStepUserStepPositionResp [stepPosition=0, stepid=0, stepName=null]
93201 [http-nio-1100-exec-5] INFO   c.p.h.service.InquiryServiceImpl.sensSMS 227  - sms response Sms [phoneNo=08101899045,08101899045, message=hii]
319343 [Thread-9] INFO   c.p.h.c.JdbcConfiguration.destroy 85  - **********************Application Destroyed...**********************
20594 [restartedMain] INFO   o.s.boot.StartupInfoLogger.logStarting 50  - Starting App on Oluwasakins-MacBook-Pro.local with PID 24179 (/Users/oluwasakinoluwatobi/eclipse-workspace/homeFellowship/target/classes started by oluwasakinoluwatobi in /Users/oluwasakinoluwatobi/eclipse-workspace/homeFellowship)
20597 [restartedMain] DEBUG  o.s.boot.StartupInfoLogger.logStarting 53  - Running with Spring Boot v2.0.2.RELEASE, Spring v5.0.6.RELEASE
20599 [restartedMain] INFO   o.s.boot.SpringApplication.logStartupProfileInfo 659  - No active profile set, falling back to default profiles: default
22098 [restartedMain] INFO   com.portal.homeFellowship.App$1.customizeConnector 56  - Set MaxSwallowSize 50000000
22110 [restartedMain] DEBUG  o.s.b.w.servlet.server.DocumentRoot.getArchiveFileDocumentRoot 82  - Code archive: /Users/oluwasakinoluwatobi/.m2/repository/org/springframework/boot/spring-boot/2.0.2.RELEASE/spring-boot-2.0.2.RELEASE.jar
22110 [restartedMain] DEBUG  o.s.b.w.servlet.server.DocumentRoot.getExplodedWarFileDocumentRoot 126  - Code archive: /Users/oluwasakinoluwatobi/.m2/repository/org/springframework/boot/spring-boot/2.0.2.RELEASE/spring-boot-2.0.2.RELEASE.jar
22111 [restartedMain] DEBUG  o.s.b.w.servlet.server.DocumentRoot.getValidDirectory 70  - Document root: /Users/oluwasakinoluwatobi/eclipse-workspace/homeFellowship/src/main/webapp
22700 [localhost-startStop-1] INFO   c.p.h.c.MyRequestContextListener.startup 19  - ***************************REQUEST CONTEXT LISTENER STARTED******************************
22773 [restartedMain] INFO   c.p.h.c.JdbcConfiguration.startup 29  - ***************************APPLICATION CONTEXT STARTED******************************
24332 [restartedMain] INFO   o.s.boot.StartupInfoLogger.logStarted 59  - Started App in 23.99 seconds (JVM running for 24.561)
62960 [http-nio-1100-exec-2] INFO   c.p.homeFellowship.WelcomeController.loginPage 141  - login here
71238 [http-nio-1100-exec-2] INFO   c.p.h.s.CustomUserDetailsService.authenticate 56  - ********** User top : ooluwasakin *************
71239 [http-nio-1100-exec-2] INFO   c.p.h.s.CustomUserDetailsService.authenticate 57  - ********** IP Address : 0:0:0:0:0:0:0:1 *************
71239 [http-nio-1100-exec-2] INFO   c.p.h.s.CustomUserDetailsService.authenticate 61  - **********credentials ree *************
71257 [http-nio-1100-exec-2] INFO   c.p.h.service.UserAdminServiceImpl.performBasicADAuthentication 49  - ********** The user is:ooluwasakin *********
71258 [http-nio-1100-exec-2] INFO   c.p.h.service.UserAdminServiceImpl.performBasicADAuthentication 62  - ********** isAuthenticated? true *********
76760 [http-nio-1100-exec-2] INFO   c.p.h.service.UserAdminServiceImpl.performBasicADAuthentication 82  - ********Is user Validated: true *********
76760 [http-nio-1100-exec-2] INFO   c.p.h.service.UserAdminServiceImpl.performBasicADAuthentication 90  - ********got here *********
76780 [http-nio-1100-exec-2] INFO   c.p.h.service.UserAdminServiceImpl.performBasicADAuthentication 102  - ********Is user Edited: false *********
76780 [http-nio-1100-exec-2] INFO   c.p.h.service.UserAdminServiceImpl.performBasicADAuthentication 112  - ********Is user Edited: false *********
76781 [http-nio-1100-exec-2] INFO   c.p.h.service.UserAdminServiceImpl.performBasicADAuthentication 123  - ********userprofile ==> User1 [userID=573, affiliateID=0, userTransactionLimit=0, active=true, userRoles=ADMIN, operationUser=true, userFullName=Oluwasakin Tobi, userEmailAdd=ooluwasakin@ecobank.com, userBranch=325, passwordExpiryPolicy=password unique to user, authorisedUserFlag=true, userName=ooluwasakin, serverIP=null, serviceClient=null, affiliateCode=ENG, userProfiles=[], tokenGroup=null, createdBy=null, deleteFlag=null, dateCreated=null, editedFlag=false, editedRoleFlag=false, password=null]    *********
76781 [http-nio-1100-exec-2] INFO   c.p.h.service.UserAdminServiceImpl.performBasicADAuthentication 150  - ***********userinfo***************User [userID=573, affiliate=ENG, limitAmount=0, active=true, userRolesStr=ADMIN, operationUser=true, fullName=Oluwasakin Tobi, firstName=Oluwasakin, lastName=Tobi, email=ooluwasakin@ecobank.com, branchCode=325, passwordExpiryPolicy=password unique to user, authorised=false, adUsername=ooluwasakin, password=null, userProfiles=[], currentLoginIPAddress=0:0:0:0:0:0:0:1, userFullName=null, customActivities=[], dateCreated=null, editedFlag=false, editedRoleFlag=false]
76782 [http-nio-1100-exec-2] INFO   c.p.h.s.CustomUserDetailsService.authenticate 86  - XXXX User before Adding ==> User [userID=573, affiliate=ENG, limitAmount=0, active=true, userRolesStr=ADMIN, operationUser=true, fullName=Oluwasakin Tobi, firstName=Oluwasakin, lastName=Tobi, email=ooluwasakin@ecobank.com, branchCode=325, passwordExpiryPolicy=password unique to user, authorised=false, adUsername=ooluwasakin, password=null, userProfiles=[UserProfileAdmin [roleID=1, type=ADMIN]], currentLoginIPAddress=0:0:0:0:0:0:0:1, userFullName=null, customActivities=[], dateCreated=null, editedFlag=false, editedRoleFlag=false] XXXX
76783 [http-nio-1100-exec-2] INFO   c.p.h.s.CustomUserDetailsService.getGrantedAuthorities 106  - ************ UserProfile : UserProfileAdmin [roleID=1, type=ADMIN] *************
76783 [http-nio-1100-exec-2] INFO   c.p.h.s.CustomUserDetailsService.getGrantedAuthorities 110  - ************ authorities : [ROLE_ADMIN] **************
76790 [http-nio-1100-exec-10] INFO   c.p.homeFellowship.WelcomeController.listUsers 1030  - +++ DASHBOARD ==> 
76839 [http-nio-1100-exec-10] INFO   c.p.h.dao.InquiryDaoImpl.get_user_step_position 204  - returningResultSet user position{r_user_step_position=[]}
76840 [http-nio-1100-exec-10] INFO   c.p.homeFellowship.WelcomeController.listUsers 1034  - responseStepUserStepPositionResp [stepPosition=0, stepid=0, stepName=null]
715401 [Thread-6] INFO   c.p.h.c.JdbcConfiguration.destroy 85  - **********************Application Destroyed...**********************
735626 [restartedMain] INFO   o.s.boot.StartupInfoLogger.logStarting 50  - Starting App on Oluwasakins-MacBook-Pro.local with PID 24179 (/Users/oluwasakinoluwatobi/eclipse-workspace/homeFellowship/target/classes started by oluwasakinoluwatobi in /Users/oluwasakinoluwatobi/eclipse-workspace/homeFellowship)
735627 [restartedMain] DEBUG  o.s.boot.StartupInfoLogger.logStarting 53  - Running with Spring Boot v2.0.2.RELEASE, Spring v5.0.6.RELEASE
735627 [restartedMain] INFO   o.s.boot.SpringApplication.logStartupProfileInfo 659  - No active profile set, falling back to default profiles: default
735977 [restartedMain] INFO   com.portal.homeFellowship.App$1.customizeConnector 56  - Set MaxSwallowSize 50000000
735977 [restartedMain] DEBUG  o.s.b.w.servlet.server.DocumentRoot.getArchiveFileDocumentRoot 82  - Code archive: /Users/oluwasakinoluwatobi/.m2/repository/org/springframework/boot/spring-boot/2.0.2.RELEASE/spring-boot-2.0.2.RELEASE.jar
735977 [restartedMain] DEBUG  o.s.b.w.servlet.server.DocumentRoot.getExplodedWarFileDocumentRoot 126  - Code archive: /Users/oluwasakinoluwatobi/.m2/repository/org/springframework/boot/spring-boot/2.0.2.RELEASE/spring-boot-2.0.2.RELEASE.jar
735978 [restartedMain] DEBUG  o.s.b.w.servlet.server.DocumentRoot.getValidDirectory 70  - Document root: /Users/oluwasakinoluwatobi/eclipse-workspace/homeFellowship/src/main/webapp
736220 [localhost-startStop-1] INFO   c.p.h.c.MyRequestContextListener.startup 19  - ***************************REQUEST CONTEXT LISTENER STARTED******************************
736251 [restartedMain] INFO   c.p.h.c.JdbcConfiguration.startup 29  - ***************************APPLICATION CONTEXT STARTED******************************
736577 [restartedMain] INFO   o.s.boot.StartupInfoLogger.logStarted 59  - Started App in 20.998 seconds (JVM running for 736.785)
765197 [Thread-15] INFO   c.p.h.c.JdbcConfiguration.destroy 85  - **********************Application Destroyed...**********************
20778 [restartedMain] INFO   o.s.boot.StartupInfoLogger.logStarting 50  - Starting App on Oluwasakins-MacBook-Pro.local with PID 24336 (/Users/oluwasakinoluwatobi/eclipse-workspace/homeFellowship/target/classes started by oluwasakinoluwatobi in /Users/oluwasakinoluwatobi/eclipse-workspace/homeFellowship)
20782 [restartedMain] DEBUG  o.s.boot.StartupInfoLogger.logStarting 53  - Running with Spring Boot v2.0.2.RELEASE, Spring v5.0.6.RELEASE
20784 [restartedMain] INFO   o.s.boot.SpringApplication.logStartupProfileInfo 659  - No active profile set, falling back to default profiles: default
22460 [restartedMain] INFO   com.portal.homeFellowship.App$1.customizeConnector 56  - Set MaxSwallowSize 50000000
22473 [restartedMain] DEBUG  o.s.b.w.servlet.server.DocumentRoot.getArchiveFileDocumentRoot 82  - Code archive: /Users/oluwasakinoluwatobi/.m2/repository/org/springframework/boot/spring-boot/2.0.2.RELEASE/spring-boot-2.0.2.RELEASE.jar
22473 [restartedMain] DEBUG  o.s.b.w.servlet.server.DocumentRoot.getExplodedWarFileDocumentRoot 126  - Code archive: /Users/oluwasakinoluwatobi/.m2/repository/org/springframework/boot/spring-boot/2.0.2.RELEASE/spring-boot-2.0.2.RELEASE.jar
22473 [restartedMain] DEBUG  o.s.b.w.servlet.server.DocumentRoot.getValidDirectory 70  - Document root: /Users/oluwasakinoluwatobi/eclipse-workspace/homeFellowship/src/main/webapp
23189 [localhost-startStop-1] INFO   c.p.h.c.MyRequestContextListener.startup 19  - ***************************REQUEST CONTEXT LISTENER STARTED******************************
23265 [restartedMain] INFO   c.p.h.c.JdbcConfiguration.startup 29  - ***************************APPLICATION CONTEXT STARTED******************************
25276 [restartedMain] INFO   o.s.boot.StartupInfoLogger.logStarted 59  - Started App in 24.798 seconds (JVM running for 25.553)
29996 [http-nio-1100-exec-2] INFO   c.p.homeFellowship.WelcomeController.loginPage 138  - login here
35723 [http-nio-1100-exec-4] INFO   c.p.h.s.CustomUserDetailsService.authenticate 56  - ********** User top : OOLUWASAKIN *************
35723 [http-nio-1100-exec-4] INFO   c.p.h.s.CustomUserDetailsService.authenticate 57  - ********** IP Address : 0:0:0:0:0:0:0:1 *************
35723 [http-nio-1100-exec-4] INFO   c.p.h.s.CustomUserDetailsService.authenticate 61  - **********credentials JH *************
35741 [http-nio-1100-exec-4] INFO   c.p.h.service.UserAdminServiceImpl.performBasicADAuthentication 49  - ********** The user is:OOLUWASAKIN *********
35741 [http-nio-1100-exec-4] INFO   c.p.h.service.UserAdminServiceImpl.performBasicADAuthentication 62  - ********** isAuthenticated? true *********
41336 [http-nio-1100-exec-4] INFO   c.p.h.service.UserAdminServiceImpl.performBasicADAuthentication 82  - ********Is user Validated: true *********
41337 [http-nio-1100-exec-4] INFO   c.p.h.service.UserAdminServiceImpl.performBasicADAuthentication 90  - ********got here *********
41361 [http-nio-1100-exec-4] INFO   c.p.h.service.UserAdminServiceImpl.performBasicADAuthentication 102  - ********Is user Edited: false *********
41362 [http-nio-1100-exec-4] INFO   c.p.h.service.UserAdminServiceImpl.performBasicADAuthentication 112  - ********Is user Edited: false *********
41362 [http-nio-1100-exec-4] INFO   c.p.h.service.UserAdminServiceImpl.performBasicADAuthentication 123  - ********userprofile ==> User1 [userID=573, affiliateID=0, userTransactionLimit=0, active=true, userRoles=ADMIN, operationUser=true, userFullName=Oluwasakin Tobi, userEmailAdd=ooluwasakin@ecobank.com, userBranch=325, passwordExpiryPolicy=password unique to user, authorisedUserFlag=true, userName=ooluwasakin, serverIP=null, serviceClient=null, affiliateCode=ENG, userProfiles=[], tokenGroup=null, createdBy=null, deleteFlag=null, dateCreated=null, editedFlag=false, editedRoleFlag=false, password=null]    *********
41364 [http-nio-1100-exec-4] INFO   c.p.h.service.UserAdminServiceImpl.performBasicADAuthentication 150  - ***********userinfo***************User [userID=573, affiliate=ENG, limitAmount=0, active=true, userRolesStr=ADMIN, operationUser=true, fullName=Oluwasakin Tobi, firstName=Oluwasakin, lastName=Tobi, email=ooluwasakin@ecobank.com, branchCode=325, passwordExpiryPolicy=password unique to user, authorised=false, adUsername=ooluwasakin, password=null, userProfiles=[], currentLoginIPAddress=0:0:0:0:0:0:0:1, userFullName=null, customActivities=[], dateCreated=null, editedFlag=false, editedRoleFlag=false]
41365 [http-nio-1100-exec-4] INFO   c.p.h.s.CustomUserDetailsService.authenticate 86  - XXXX User before Adding ==> User [userID=573, affiliate=ENG, limitAmount=0, active=true, userRolesStr=ADMIN, operationUser=true, fullName=Oluwasakin Tobi, firstName=Oluwasakin, lastName=Tobi, email=ooluwasakin@ecobank.com, branchCode=325, passwordExpiryPolicy=password unique to user, authorised=false, adUsername=ooluwasakin, password=null, userProfiles=[UserProfileAdmin [roleID=1, type=ADMIN]], currentLoginIPAddress=0:0:0:0:0:0:0:1, userFullName=null, customActivities=[], dateCreated=null, editedFlag=false, editedRoleFlag=false] XXXX
41365 [http-nio-1100-exec-4] INFO   c.p.h.s.CustomUserDetailsService.getGrantedAuthorities 106  - ************ UserProfile : UserProfileAdmin [roleID=1, type=ADMIN] *************
41366 [http-nio-1100-exec-4] INFO   c.p.h.s.CustomUserDetailsService.getGrantedAuthorities 110  - ************ authorities : [ROLE_ADMIN] **************
41373 [http-nio-1100-exec-10] INFO   c.p.homeFellowship.WelcomeController.listUsers 1030  - +++ DASHBOARD ==> 
41421 [http-nio-1100-exec-10] INFO   c.p.h.dao.InquiryDaoImpl.get_user_step_position 204  - returningResultSet user position{r_user_step_position=[]}
41421 [http-nio-1100-exec-10] INFO   c.p.homeFellowship.WelcomeController.listUsers 1034  - responseStepUserStepPositionResp [stepPosition=0, stepid=0, stepName=null]
105378 [Thread-9] INFO   c.p.h.c.JdbcConfiguration.destroy 85  - **********************Application Destroyed...**********************
20581 [restartedMain] INFO   o.s.boot.StartupInfoLogger.logStarting 50  - Starting App on Oluwasakins-MacBook-Pro.local with PID 24340 (/Users/oluwasakinoluwatobi/eclipse-workspace/homeFellowship/target/classes started by oluwasakinoluwatobi in /Users/oluwasakinoluwatobi/eclipse-workspace/homeFellowship)
20584 [restartedMain] DEBUG  o.s.boot.StartupInfoLogger.logStarting 53  - Running with Spring Boot v2.0.2.RELEASE, Spring v5.0.6.RELEASE
20585 [restartedMain] INFO   o.s.boot.SpringApplication.logStartupProfileInfo 659  - No active profile set, falling back to default profiles: default
21946 [restartedMain] INFO   com.portal.homeFellowship.App$1.customizeConnector 56  - Set MaxSwallowSize 50000000
21955 [restartedMain] DEBUG  o.s.b.w.servlet.server.DocumentRoot.getArchiveFileDocumentRoot 82  - Code archive: /Users/oluwasakinoluwatobi/.m2/repository/org/springframework/boot/spring-boot/2.0.2.RELEASE/spring-boot-2.0.2.RELEASE.jar
21956 [restartedMain] DEBUG  o.s.b.w.servlet.server.DocumentRoot.getExplodedWarFileDocumentRoot 126  - Code archive: /Users/oluwasakinoluwatobi/.m2/repository/org/springframework/boot/spring-boot/2.0.2.RELEASE/spring-boot-2.0.2.RELEASE.jar
21956 [restartedMain] DEBUG  o.s.b.w.servlet.server.DocumentRoot.getValidDirectory 70  - Document root: /Users/oluwasakinoluwatobi/eclipse-workspace/homeFellowship/src/main/webapp
22490 [localhost-startStop-1] INFO   c.p.h.c.MyRequestContextListener.startup 19  - ***************************REQUEST CONTEXT LISTENER STARTED******************************
22578 [restartedMain] INFO   c.p.h.c.JdbcConfiguration.startup 29  - ***************************APPLICATION CONTEXT STARTED******************************
24239 [restartedMain] INFO   o.s.boot.StartupInfoLogger.logStarted 59  - Started App in 23.905 seconds (JVM running for 24.476)
28409 [http-nio-1100-exec-2] INFO   c.p.homeFellowship.WelcomeController.loginPage 138  - login here
33473 [http-nio-1100-exec-1] INFO   c.p.h.s.CustomUserDetailsService.authenticate 56  - ********** User top : ooluwasakin *************
33473 [http-nio-1100-exec-1] INFO   c.p.h.s.CustomUserDetailsService.authenticate 57  - ********** IP Address : 0:0:0:0:0:0:0:1 *************
33474 [http-nio-1100-exec-1] INFO   c.p.h.s.CustomUserDetailsService.authenticate 61  - **********credentials jh *************
33489 [http-nio-1100-exec-1] INFO   c.p.h.service.UserAdminServiceImpl.performBasicADAuthentication 49  - ********** The user is:ooluwasakin *********
33490 [http-nio-1100-exec-1] INFO   c.p.h.service.UserAdminServiceImpl.performBasicADAuthentication 62  - ********** isAuthenticated? true *********
39007 [http-nio-1100-exec-1] INFO   c.p.h.service.UserAdminServiceImpl.performBasicADAuthentication 82  - ********Is user Validated: true *********
39008 [http-nio-1100-exec-1] INFO   c.p.h.service.UserAdminServiceImpl.performBasicADAuthentication 90  - ********got here *********
39032 [http-nio-1100-exec-1] INFO   c.p.h.service.UserAdminServiceImpl.performBasicADAuthentication 102  - ********Is user Edited: false *********
39032 [http-nio-1100-exec-1] INFO   c.p.h.service.UserAdminServiceImpl.performBasicADAuthentication 112  - ********Is user Edited: false *********
39032 [http-nio-1100-exec-1] INFO   c.p.h.service.UserAdminServiceImpl.performBasicADAuthentication 123  - ********userprofile ==> User1 [userID=573, affiliateID=0, userTransactionLimit=0, active=true, userRoles=ADMIN, operationUser=true, userFullName=Oluwasakin Tobi, userEmailAdd=ooluwasakin@ecobank.com, userBranch=325, passwordExpiryPolicy=password unique to user, authorisedUserFlag=true, userName=ooluwasakin, serverIP=null, serviceClient=null, affiliateCode=ENG, userProfiles=[], tokenGroup=null, createdBy=null, deleteFlag=null, dateCreated=null, editedFlag=false, editedRoleFlag=false, password=null]    *********
39033 [http-nio-1100-exec-1] INFO   c.p.h.service.UserAdminServiceImpl.performBasicADAuthentication 150  - ***********userinfo***************User [userID=573, affiliate=ENG, limitAmount=0, active=true, userRolesStr=ADMIN, operationUser=true, fullName=Oluwasakin Tobi, firstName=Oluwasakin, lastName=Tobi, email=ooluwasakin@ecobank.com, branchCode=325, passwordExpiryPolicy=password unique to user, authorised=false, adUsername=ooluwasakin, password=null, userProfiles=[], currentLoginIPAddress=0:0:0:0:0:0:0:1, userFullName=null, customActivities=[], dateCreated=null, editedFlag=false, editedRoleFlag=false]
39034 [http-nio-1100-exec-1] INFO   c.p.h.s.CustomUserDetailsService.authenticate 86  - XXXX User before Adding ==> User [userID=573, affiliate=ENG, limitAmount=0, active=true, userRolesStr=ADMIN, operationUser=true, fullName=Oluwasakin Tobi, firstName=Oluwasakin, lastName=Tobi, email=ooluwasakin@ecobank.com, branchCode=325, passwordExpiryPolicy=password unique to user, authorised=false, adUsername=ooluwasakin, password=null, userProfiles=[UserProfileAdmin [roleID=1, type=ADMIN]], currentLoginIPAddress=0:0:0:0:0:0:0:1, userFullName=null, customActivities=[], dateCreated=null, editedFlag=false, editedRoleFlag=false] XXXX
39035 [http-nio-1100-exec-1] INFO   c.p.h.s.CustomUserDetailsService.getGrantedAuthorities 106  - ************ UserProfile : UserProfileAdmin [roleID=1, type=ADMIN] *************
39035 [http-nio-1100-exec-1] INFO   c.p.h.s.CustomUserDetailsService.getGrantedAuthorities 110  - ************ authorities : [ROLE_ADMIN] **************
39043 [http-nio-1100-exec-10] INFO   c.p.homeFellowship.WelcomeController.listUsers 1030  - +++ DASHBOARD ==> 
39102 [http-nio-1100-exec-10] INFO   c.p.h.dao.InquiryDaoImpl.get_user_step_position 204  - returningResultSet user position{r_user_step_position=[]}
39103 [http-nio-1100-exec-10] INFO   c.p.homeFellowship.WelcomeController.listUsers 1034  - responseStepUserStepPositionResp [stepPosition=0, stepid=0, stepName=null]
64603 [Thread-9] INFO   c.p.h.c.JdbcConfiguration.destroy 85  - **********************Application Destroyed...**********************
20600 [restartedMain] INFO   o.s.boot.StartupInfoLogger.logStarting 50  - Starting App on Oluwasakins-MacBook-Pro.local with PID 24342 (/Users/oluwasakinoluwatobi/eclipse-workspace/homeFellowship/target/classes started by oluwasakinoluwatobi in /Users/oluwasakinoluwatobi/eclipse-workspace/homeFellowship)
20603 [restartedMain] DEBUG  o.s.boot.StartupInfoLogger.logStarting 53  - Running with Spring Boot v2.0.2.RELEASE, Spring v5.0.6.RELEASE
20605 [restartedMain] INFO   o.s.boot.SpringApplication.logStartupProfileInfo 659  - No active profile set, falling back to default profiles: default
21967 [restartedMain] INFO   com.portal.homeFellowship.App$1.customizeConnector 56  - Set MaxSwallowSize 50000000
21977 [restartedMain] DEBUG  o.s.b.w.servlet.server.DocumentRoot.getArchiveFileDocumentRoot 82  - Code archive: /Users/oluwasakinoluwatobi/.m2/repository/org/springframework/boot/spring-boot/2.0.2.RELEASE/spring-boot-2.0.2.RELEASE.jar
21977 [restartedMain] DEBUG  o.s.b.w.servlet.server.DocumentRoot.getExplodedWarFileDocumentRoot 126  - Code archive: /Users/oluwasakinoluwatobi/.m2/repository/org/springframework/boot/spring-boot/2.0.2.RELEASE/spring-boot-2.0.2.RELEASE.jar
21977 [restartedMain] DEBUG  o.s.b.w.servlet.server.DocumentRoot.getValidDirectory 70  - Document root: /Users/oluwasakinoluwatobi/eclipse-workspace/homeFellowship/src/main/webapp
22537 [localhost-startStop-1] INFO   c.p.h.c.MyRequestContextListener.startup 19  - ***************************REQUEST CONTEXT LISTENER STARTED******************************
22627 [restartedMain] INFO   c.p.h.c.JdbcConfiguration.startup 29  - ***************************APPLICATION CONTEXT STARTED******************************
24394 [restartedMain] INFO   o.s.boot.StartupInfoLogger.logStarted 59  - Started App in 24.051 seconds (JVM running for 24.618)
28353 [http-nio-1100-exec-2] INFO   c.p.homeFellowship.WelcomeController.loginPage 138  - login here
32894 [http-nio-1100-exec-1] INFO   c.p.h.s.CustomUserDetailsService.authenticate 56  - ********** User top : ooluwasakin *************
32894 [http-nio-1100-exec-1] INFO   c.p.h.s.CustomUserDetailsService.authenticate 57  - ********** IP Address : 0:0:0:0:0:0:0:1 *************
32895 [http-nio-1100-exec-1] INFO   c.p.h.s.CustomUserDetailsService.authenticate 61  - **********credentials jg *************
32911 [http-nio-1100-exec-1] INFO   c.p.h.service.UserAdminServiceImpl.performBasicADAuthentication 49  - ********** The user is:ooluwasakin *********
32911 [http-nio-1100-exec-1] INFO   c.p.h.service.UserAdminServiceImpl.performBasicADAuthentication 62  - ********** isAuthenticated? true *********
38430 [http-nio-1100-exec-1] INFO   c.p.h.service.UserAdminServiceImpl.performBasicADAuthentication 82  - ********Is user Validated: true *********
38431 [http-nio-1100-exec-1] INFO   c.p.h.service.UserAdminServiceImpl.performBasicADAuthentication 90  - ********got here *********
38451 [http-nio-1100-exec-1] INFO   c.p.h.service.UserAdminServiceImpl.performBasicADAuthentication 102  - ********Is user Edited: false *********
38452 [http-nio-1100-exec-1] INFO   c.p.h.service.UserAdminServiceImpl.performBasicADAuthentication 112  - ********Is user Edited: false *********
38452 [http-nio-1100-exec-1] INFO   c.p.h.service.UserAdminServiceImpl.performBasicADAuthentication 123  - ********userprofile ==> User1 [userID=573, affiliateID=0, userTransactionLimit=0, active=true, userRoles=ADMIN, operationUser=true, userFullName=Oluwasakin Tobi, userEmailAdd=ooluwasakin@ecobank.com, userBranch=325, passwordExpiryPolicy=password unique to user, authorisedUserFlag=true, userName=ooluwasakin, serverIP=null, serviceClient=null, affiliateCode=ENG, userProfiles=[], tokenGroup=null, createdBy=null, deleteFlag=null, dateCreated=null, editedFlag=false, editedRoleFlag=false, password=null]    *********
38453 [http-nio-1100-exec-1] INFO   c.p.h.service.UserAdminServiceImpl.performBasicADAuthentication 150  - ***********userinfo***************User [userID=573, affiliate=ENG, limitAmount=0, active=true, userRolesStr=ADMIN, operationUser=true, fullName=Oluwasakin Tobi, firstName=Oluwasakin, lastName=Tobi, email=ooluwasakin@ecobank.com, branchCode=325, passwordExpiryPolicy=password unique to user, authorised=false, adUsername=ooluwasakin, password=null, userProfiles=[], currentLoginIPAddress=0:0:0:0:0:0:0:1, userFullName=null, customActivities=[], dateCreated=null, editedFlag=false, editedRoleFlag=false]
38454 [http-nio-1100-exec-1] INFO   c.p.h.s.CustomUserDetailsService.authenticate 86  - XXXX User before Adding ==> User [userID=573, affiliate=ENG, limitAmount=0, active=true, userRolesStr=ADMIN, operationUser=true, fullName=Oluwasakin Tobi, firstName=Oluwasakin, lastName=Tobi, email=ooluwasakin@ecobank.com, branchCode=325, passwordExpiryPolicy=password unique to user, authorised=false, adUsername=ooluwasakin, password=null, userProfiles=[UserProfileAdmin [roleID=1, type=ADMIN]], currentLoginIPAddress=0:0:0:0:0:0:0:1, userFullName=null, customActivities=[], dateCreated=null, editedFlag=false, editedRoleFlag=false] XXXX
38455 [http-nio-1100-exec-1] INFO   c.p.h.s.CustomUserDetailsService.getGrantedAuthorities 106  - ************ UserProfile : UserProfileAdmin [roleID=1, type=ADMIN] *************
38455 [http-nio-1100-exec-1] INFO   c.p.h.s.CustomUserDetailsService.getGrantedAuthorities 110  - ************ authorities : [ROLE_ADMIN] **************
38464 [http-nio-1100-exec-10] INFO   c.p.homeFellowship.WelcomeController.listUsers 1030  - +++ DASHBOARD ==> 
38506 [http-nio-1100-exec-10] INFO   c.p.h.dao.InquiryDaoImpl.get_user_step_position 204  - returningResultSet user position{r_user_step_position=[]}
38507 [http-nio-1100-exec-10] INFO   c.p.homeFellowship.WelcomeController.listUsers 1034  - responseStepUserStepPositionResp [stepPosition=0, stepid=0, stepName=null]
88524 [Thread-9] INFO   c.p.h.c.JdbcConfiguration.destroy 85  - **********************Application Destroyed...**********************
20579 [restartedMain] INFO   o.s.boot.StartupInfoLogger.logStarting 50  - Starting App on Oluwasakins-MacBook-Pro.local with PID 24351 (/Users/oluwasakinoluwatobi/eclipse-workspace/homeFellowship/target/classes started by oluwasakinoluwatobi in /Users/oluwasakinoluwatobi/eclipse-workspace/homeFellowship)
20583 [restartedMain] DEBUG  o.s.boot.StartupInfoLogger.logStarting 53  - Running with Spring Boot v2.0.2.RELEASE, Spring v5.0.6.RELEASE
20585 [restartedMain] INFO   o.s.boot.SpringApplication.logStartupProfileInfo 659  - No active profile set, falling back to default profiles: default
21952 [restartedMain] INFO   com.portal.homeFellowship.App$1.customizeConnector 56  - Set MaxSwallowSize 50000000
21961 [restartedMain] DEBUG  o.s.b.w.servlet.server.DocumentRoot.getArchiveFileDocumentRoot 82  - Code archive: /Users/oluwasakinoluwatobi/.m2/repository/org/springframework/boot/spring-boot/2.0.2.RELEASE/spring-boot-2.0.2.RELEASE.jar
21962 [restartedMain] DEBUG  o.s.b.w.servlet.server.DocumentRoot.getExplodedWarFileDocumentRoot 126  - Code archive: /Users/oluwasakinoluwatobi/.m2/repository/org/springframework/boot/spring-boot/2.0.2.RELEASE/spring-boot-2.0.2.RELEASE.jar
21962 [restartedMain] DEBUG  o.s.b.w.servlet.server.DocumentRoot.getValidDirectory 70  - Document root: /Users/oluwasakinoluwatobi/eclipse-workspace/homeFellowship/src/main/webapp
22522 [localhost-startStop-1] INFO   c.p.h.c.MyRequestContextListener.startup 19  - ***************************REQUEST CONTEXT LISTENER STARTED******************************
22615 [restartedMain] INFO   c.p.h.c.JdbcConfiguration.startup 29  - ***************************APPLICATION CONTEXT STARTED******************************
24348 [restartedMain] INFO   o.s.boot.StartupInfoLogger.logStarted 59  - Started App in 24.016 seconds (JVM running for 24.575)
39205 [http-nio-1100-exec-2] INFO   c.p.homeFellowship.WelcomeController.loginPage 138  - login here
43893 [http-nio-1100-exec-1] INFO   c.p.h.s.CustomUserDetailsService.authenticate 56  - ********** User top : ooluwasakin *************
43894 [http-nio-1100-exec-1] INFO   c.p.h.s.CustomUserDetailsService.authenticate 57  - ********** IP Address : 0:0:0:0:0:0:0:1 *************
43894 [http-nio-1100-exec-1] INFO   c.p.h.s.CustomUserDetailsService.authenticate 61  - **********credentials jh *************
43911 [http-nio-1100-exec-1] INFO   c.p.h.service.UserAdminServiceImpl.performBasicADAuthentication 49  - ********** The user is:ooluwasakin *********
43911 [http-nio-1100-exec-1] INFO   c.p.h.service.UserAdminServiceImpl.performBasicADAuthentication 62  - ********** isAuthenticated? true *********
49451 [http-nio-1100-exec-1] INFO   c.p.h.service.UserAdminServiceImpl.performBasicADAuthentication 82  - ********Is user Validated: true *********
49452 [http-nio-1100-exec-1] INFO   c.p.h.service.UserAdminServiceImpl.performBasicADAuthentication 90  - ********got here *********
49476 [http-nio-1100-exec-1] INFO   c.p.h.service.UserAdminServiceImpl.performBasicADAuthentication 102  - ********Is user Edited: false *********
49476 [http-nio-1100-exec-1] INFO   c.p.h.service.UserAdminServiceImpl.performBasicADAuthentication 112  - ********Is user Edited: false *********
49477 [http-nio-1100-exec-1] INFO   c.p.h.service.UserAdminServiceImpl.performBasicADAuthentication 123  - ********userprofile ==> User1 [userID=573, affiliateID=0, userTransactionLimit=0, active=true, userRoles=ADMIN, operationUser=true, userFullName=Oluwasakin Tobi, userEmailAdd=ooluwasakin@ecobank.com, userBranch=325, passwordExpiryPolicy=password unique to user, authorisedUserFlag=true, userName=ooluwasakin, serverIP=null, serviceClient=null, affiliateCode=ENG, userProfiles=[], tokenGroup=null, createdBy=null, deleteFlag=null, dateCreated=null, editedFlag=false, editedRoleFlag=false, password=null]    *********
49477 [http-nio-1100-exec-1] INFO   c.p.h.service.UserAdminServiceImpl.performBasicADAuthentication 150  - ***********userinfo***************User [userID=573, affiliate=ENG, limitAmount=0, active=true, userRolesStr=ADMIN, operationUser=true, fullName=Oluwasakin Tobi, firstName=Oluwasakin, lastName=Tobi, email=ooluwasakin@ecobank.com, branchCode=325, passwordExpiryPolicy=password unique to user, authorised=false, adUsername=ooluwasakin, password=null, userProfiles=[], currentLoginIPAddress=0:0:0:0:0:0:0:1, userFullName=null, customActivities=[], dateCreated=null, editedFlag=false, editedRoleFlag=false]
49479 [http-nio-1100-exec-1] INFO   c.p.h.s.CustomUserDetailsService.authenticate 86  - XXXX User before Adding ==> User [userID=573, affiliate=ENG, limitAmount=0, active=true, userRolesStr=ADMIN, operationUser=true, fullName=Oluwasakin Tobi, firstName=Oluwasakin, lastName=Tobi, email=ooluwasakin@ecobank.com, branchCode=325, passwordExpiryPolicy=password unique to user, authorised=false, adUsername=ooluwasakin, password=null, userProfiles=[UserProfileAdmin [roleID=1, type=ADMIN]], currentLoginIPAddress=0:0:0:0:0:0:0:1, userFullName=null, customActivities=[], dateCreated=null, editedFlag=false, editedRoleFlag=false] XXXX
49479 [http-nio-1100-exec-1] INFO   c.p.h.s.CustomUserDetailsService.getGrantedAuthorities 106  - ************ UserProfile : UserProfileAdmin [roleID=1, type=ADMIN] *************
49479 [http-nio-1100-exec-1] INFO   c.p.h.s.CustomUserDetailsService.getGrantedAuthorities 110  - ************ authorities : [ROLE_ADMIN] **************
49486 [http-nio-1100-exec-10] INFO   c.p.homeFellowship.WelcomeController.listUsers 1030  - +++ DASHBOARD ==> 
49532 [http-nio-1100-exec-10] INFO   c.p.h.dao.InquiryDaoImpl.get_user_step_position 204  - returningResultSet user position{r_user_step_position=[]}
49533 [http-nio-1100-exec-10] INFO   c.p.homeFellowship.WelcomeController.listUsers 1034  - responseStepUserStepPositionResp [stepPosition=0, stepid=0, stepName=null]
67533 [http-nio-1100-exec-8] INFO   c.p.homeFellowship.WelcomeController.prayerRequest 1187  - response Response [responseCode=00, responseMessage=SUCCESSFUL]
121121 [Thread-9] INFO   c.p.h.c.JdbcConfiguration.destroy 85  - **********************Application Destroyed...**********************
