20783 [main] INFO   o.s.boot.StartupInfoLogger.logStarting 50  - Starting App on Oluwasakins-MacBook-Pro.local with PID 30221 (/Users/oluwasakinoluwatobi/eclipse-workspace/homeFellowship/target/classes started by oluwasakinoluwatobi in /Users/oluwasakinoluwatobi/eclipse-workspace/homeFellowship)
20787 [main] DEBUG  o.s.boot.StartupInfoLogger.logStarting 53  - Running with Spring Boot v2.0.2.RELEASE, Spring v5.0.6.RELEASE
20790 [main] INFO   o.s.boot.SpringApplication.logStartupProfileInfo 659  - No active profile set, falling back to default profiles: default
21926 [main] INFO   com.portal.homeFellowship.App$1.customizeConnector 56  - Set MaxSwallowSize 50000000
21941 [main] DEBUG  o.s.b.w.servlet.server.DocumentRoot.getArchiveFileDocumentRoot 82  - Code archive: /Users/oluwasakinoluwatobi/.m2/repository/org/springframework/boot/spring-boot/2.0.2.RELEASE/spring-boot-2.0.2.RELEASE.jar
21941 [main] DEBUG  o.s.b.w.servlet.server.DocumentRoot.getExplodedWarFileDocumentRoot 126  - Code archive: /Users/oluwasakinoluwatobi/.m2/repository/org/springframework/boot/spring-boot/2.0.2.RELEASE/spring-boot-2.0.2.RELEASE.jar
21941 [main] DEBUG  o.s.b.w.servlet.server.DocumentRoot.getValidDirectory 70  - Document root: /Users/oluwasakinoluwatobi/eclipse-workspace/homeFellowship/src/main/webapp
22511 [localhost-startStop-1] INFO   c.p.h.c.MyRequestContextListener.startup 19  - ***************************REQUEST CONTEXT LISTENER STARTED******************************
22558 [main] INFO   c.p.h.c.JdbcConfiguration.startup 29  - ***************************APPLICATION CONTEXT STARTED******************************
23820 [main] INFO   o.s.boot.StartupInfoLogger.logStarted 59  - Started App in 23.377 seconds (JVM running for 24.16)
83340 [http-nio-1100-exec-2] INFO   c.p.homeFellowship.WelcomeController.loginPage 127  - login here
89110 [http-nio-1100-exec-9] INFO   c.p.h.s.CustomUserDetailsService.authenticate 56  - ********** User top : ooluwasakin *************
89111 [http-nio-1100-exec-9] INFO   c.p.h.s.CustomUserDetailsService.authenticate 57  - ********** IP Address : 0:0:0:0:0:0:0:1 *************
89111 [http-nio-1100-exec-9] INFO   c.p.h.s.CustomUserDetailsService.authenticate 61  - **********credentials kj *************
89129 [http-nio-1100-exec-9] INFO   c.p.h.service.UserAdminServiceImpl.performBasicADAuthentication 49  - ********** The user is:ooluwasakin *********
89129 [http-nio-1100-exec-9] INFO   c.p.h.service.UserAdminServiceImpl.performBasicADAuthentication 62  - ********** isAuthenticated? true *********
94630 [http-nio-1100-exec-9] INFO   c.p.h.service.UserAdminServiceImpl.performBasicADAuthentication 82  - ********Is user Validated: true *********
94631 [http-nio-1100-exec-9] INFO   c.p.h.service.UserAdminServiceImpl.performBasicADAuthentication 90  - ********got here *********
94657 [http-nio-1100-exec-9] INFO   c.p.h.service.UserAdminServiceImpl.performBasicADAuthentication 102  - ********Is user Edited: false *********
94657 [http-nio-1100-exec-9] INFO   c.p.h.service.UserAdminServiceImpl.performBasicADAuthentication 112  - ********Is user Edited: false *********
94658 [http-nio-1100-exec-9] INFO   c.p.h.service.UserAdminServiceImpl.performBasicADAuthentication 123  - ********userprofile ==> User1 [userID=573, affiliateID=0, userTransactionLimit=0, active=true, userRoles=ADMIN, operationUser=true, userFullName=Oluwasakin Tobi, userEmailAdd=ooluwasakin@ecobank.com, userBranch=325, passwordExpiryPolicy=password unique to user, authorisedUserFlag=true, userName=ooluwasakin, serverIP=null, serviceClient=null, affiliateCode=ENG, userProfiles=[], tokenGroup=null, createdBy=null, deleteFlag=null, dateCreated=null, editedFlag=false, editedRoleFlag=false, password=null]    *********
94659 [http-nio-1100-exec-9] INFO   c.p.h.service.UserAdminServiceImpl.performBasicADAuthentication 150  - ***********userinfo***************User [userID=573, affiliate=ENG, limitAmount=0, active=true, userRolesStr=ADMIN, operationUser=true, fullName=Oluwasakin Tobi, firstName=Oluwasakin, lastName=Tobi, email=ooluwasakin@ecobank.com, branchCode=325, passwordExpiryPolicy=password unique to user, authorised=false, adUsername=ooluwasakin, password=null, userProfiles=[], currentLoginIPAddress=0:0:0:0:0:0:0:1, userFullName=null, customActivities=[], dateCreated=null, editedFlag=false, editedRoleFlag=false]
94660 [http-nio-1100-exec-9] INFO   c.p.h.s.CustomUserDetailsService.authenticate 86  - XXXX User before Adding ==> User [userID=573, affiliate=ENG, limitAmount=0, active=true, userRolesStr=ADMIN, operationUser=true, fullName=Oluwasakin Tobi, firstName=Oluwasakin, lastName=Tobi, email=ooluwasakin@ecobank.com, branchCode=325, passwordExpiryPolicy=password unique to user, authorised=false, adUsername=ooluwasakin, password=null, userProfiles=[UserProfileAdmin [roleID=1, type=ADMIN]], currentLoginIPAddress=0:0:0:0:0:0:0:1, userFullName=null, customActivities=[], dateCreated=null, editedFlag=false, editedRoleFlag=false] XXXX
94660 [http-nio-1100-exec-9] INFO   c.p.h.s.CustomUserDetailsService.getGrantedAuthorities 106  - ************ UserProfile : UserProfileAdmin [roleID=1, type=ADMIN] *************
94661 [http-nio-1100-exec-9] INFO   c.p.h.s.CustomUserDetailsService.getGrantedAuthorities 110  - ************ authorities : [ROLE_ADMIN] **************
94669 [http-nio-1100-exec-10] INFO   c.p.homeFellowship.WelcomeController.listUsers 1016  - +++ DASHBOARD ==> 
94713 [http-nio-1100-exec-10] INFO   c.p.h.dao.InquiryDaoImpl.get_user_step_position 204  - returningResultSet user position{r_user_step_position=[]}
94714 [http-nio-1100-exec-10] INFO   c.p.homeFellowship.WelcomeController.listUsers 1020  - responseStepUserStepPositionResp [stepPosition=0, stepid=0, stepName=null]
99135 [http-nio-1100-exec-8] INFO   c.p.h.service.InquiryServiceImpl.getroles 93  - logg
154270 [http-nio-1100-exec-5] INFO   c.p.homeFellowship.WelcomeController.loadCreateUser 233  - ** loadcreateuser ==> busuyi **
154271 [http-nio-1100-exec-5] INFO   c.p.homeFellowship.WelcomeController.loadCreateUser 234  - ** loadcreateuser ==> UserWithRole [userID=0, affiliateID=0, userTransactionLimit=null, active=false, userRoles=ADMIN, stepName=null, product=null, operationUser=false, userFullName=Adebusuyi Tobi, userEmailAdd=busuyi@gmail.com, userBranch=busuyi, passwordExpiryPolicy=null, authorisedUserFlag=false, userName=busuyi, serverIP=null, serviceClient=null, affiliateCode=null, userProfiles=[], tokenGroup=null, createdBy=null, customerAcNo=null, currency=null, usertoroleID=0, accountNumber=null, glOwner=null, dateCreated=null, password=busuyi] **
154272 [http-nio-1100-exec-5] INFO   c.p.h.service.AdminServiceImpl.createUser 94  - ++user role ==> ADMIN
154326 [http-nio-1100-exec-5] INFO   c.p.homeFellowship.WelcomeController.loadCreateUser 259  - ** creatUserroleresp ==> Response [responseCode=00, responseMessage=41] **
154371 [http-nio-1100-exec-3] INFO   c.p.h.service.InquiryServiceImpl.getroles 93  - logg
163614 [http-nio-1100-exec-6] INFO   c.p.homeFellowship.WelcomeController.loginPage 127  - login here
170397 [http-nio-1100-exec-1] INFO   c.p.h.s.CustomUserDetailsService.authenticate 56  - ********** User top : busuyi *************
170398 [http-nio-1100-exec-1] INFO   c.p.h.s.CustomUserDetailsService.authenticate 57  - ********** IP Address : 0:0:0:0:0:0:0:1 *************
170399 [http-nio-1100-exec-1] INFO   c.p.h.s.CustomUserDetailsService.authenticate 61  - **********credentials fe *************
170399 [http-nio-1100-exec-1] INFO   c.p.h.service.UserAdminServiceImpl.performBasicADAuthentication 49  - ********** The user is:busuyi *********
170399 [http-nio-1100-exec-1] INFO   c.p.h.service.UserAdminServiceImpl.performBasicADAuthentication 62  - ********** isAuthenticated? true *********
170412 [http-nio-1100-exec-1] INFO   c.p.h.service.UserAdminServiceImpl.performBasicADAuthentication 82  - ********Is user Validated: true *********
170413 [http-nio-1100-exec-1] INFO   c.p.h.service.UserAdminServiceImpl.performBasicADAuthentication 90  - ********got here *********
170421 [http-nio-1100-exec-1] INFO   c.p.h.service.UserAdminServiceImpl.performBasicADAuthentication 102  - ********Is user Edited: false *********
170421 [http-nio-1100-exec-1] INFO   c.p.h.service.UserAdminServiceImpl.performBasicADAuthentication 112  - ********Is user Edited: false *********
170421 [http-nio-1100-exec-1] INFO   c.p.h.service.UserAdminServiceImpl.performBasicADAuthentication 123  - ********userprofile ==> User1 [userID=41, affiliateID=0, userTransactionLimit=null, active=true, userRoles=ADMIN, operationUser=false, userFullName=Adebusuyi Tobi, userEmailAdd=busuyi@gmail.com, userBranch=busuyi, passwordExpiryPolicy=null, authorisedUserFlag=true, userName=busuyi, serverIP=null, serviceClient=null, affiliateCode=ENG, userProfiles=[], tokenGroup=null, createdBy=null, deleteFlag=null, dateCreated=null, editedFlag=false, editedRoleFlag=false, password=null]    *********
170422 [http-nio-1100-exec-1] INFO   c.p.h.service.UserAdminServiceImpl.performBasicADAuthentication 150  - ***********userinfo***************User [userID=41, affiliate=ENG, limitAmount=null, active=true, userRolesStr=ADMIN, operationUser=false, fullName=Adebusuyi Tobi, firstName=Adebusuyi, lastName=Tobi, email=busuyi@gmail.com, branchCode=busuyi, passwordExpiryPolicy=null, authorised=false, adUsername=busuyi, password=null, userProfiles=[], currentLoginIPAddress=0:0:0:0:0:0:0:1, userFullName=null, customActivities=[], dateCreated=null, editedFlag=false, editedRoleFlag=false]
170422 [http-nio-1100-exec-1] INFO   c.p.h.s.CustomUserDetailsService.authenticate 86  - XXXX User before Adding ==> User [userID=41, affiliate=ENG, limitAmount=null, active=true, userRolesStr=ADMIN, operationUser=false, fullName=Adebusuyi Tobi, firstName=Adebusuyi, lastName=Tobi, email=busuyi@gmail.com, branchCode=busuyi, passwordExpiryPolicy=null, authorised=false, adUsername=busuyi, password=null, userProfiles=[UserProfileAdmin [roleID=1, type=ADMIN]], currentLoginIPAddress=0:0:0:0:0:0:0:1, userFullName=null, customActivities=[], dateCreated=null, editedFlag=false, editedRoleFlag=false] XXXX
170422 [http-nio-1100-exec-1] INFO   c.p.h.s.CustomUserDetailsService.getGrantedAuthorities 106  - ************ UserProfile : UserProfileAdmin [roleID=1, type=ADMIN] *************
170422 [http-nio-1100-exec-1] INFO   c.p.h.s.CustomUserDetailsService.getGrantedAuthorities 110  - ************ authorities : [ROLE_ADMIN] **************
170428 [http-nio-1100-exec-8] INFO   c.p.homeFellowship.WelcomeController.listUsers 1016  - +++ DASHBOARD ==> 
170468 [http-nio-1100-exec-8] INFO   c.p.h.dao.InquiryDaoImpl.get_user_step_position 204  - returningResultSet user position{r_user_step_position=[]}
170469 [http-nio-1100-exec-8] INFO   c.p.homeFellowship.WelcomeController.listUsers 1020  - responseStepUserStepPositionResp [stepPosition=0, stepid=0, stepName=null]
228972 [http-nio-1100-exec-10] INFO   c.p.homeFellowship.WelcomeController.loginPage 127  - login here
235168 [http-nio-1100-exec-7] INFO   c.p.h.s.CustomUserDetailsService.authenticate 56  - ********** User top : ooluwasakin *************
235169 [http-nio-1100-exec-7] INFO   c.p.h.s.CustomUserDetailsService.authenticate 57  - ********** IP Address : 0:0:0:0:0:0:0:1 *************
235169 [http-nio-1100-exec-7] INFO   c.p.h.s.CustomUserDetailsService.authenticate 61  - **********credentials re *************
235169 [http-nio-1100-exec-7] INFO   c.p.h.service.UserAdminServiceImpl.performBasicADAuthentication 49  - ********** The user is:ooluwasakin *********
235169 [http-nio-1100-exec-7] INFO   c.p.h.service.UserAdminServiceImpl.performBasicADAuthentication 62  - ********** isAuthenticated? true *********
235178 [http-nio-1100-exec-7] INFO   c.p.h.service.UserAdminServiceImpl.performBasicADAuthentication 82  - ********Is user Validated: true *********
235179 [http-nio-1100-exec-7] INFO   c.p.h.service.UserAdminServiceImpl.performBasicADAuthentication 90  - ********got here *********
235186 [http-nio-1100-exec-7] INFO   c.p.h.service.UserAdminServiceImpl.performBasicADAuthentication 102  - ********Is user Edited: false *********
235186 [http-nio-1100-exec-7] INFO   c.p.h.service.UserAdminServiceImpl.performBasicADAuthentication 112  - ********Is user Edited: false *********
235186 [http-nio-1100-exec-7] INFO   c.p.h.service.UserAdminServiceImpl.performBasicADAuthentication 123  - ********userprofile ==> User1 [userID=573, affiliateID=0, userTransactionLimit=0, active=true, userRoles=ADMIN, operationUser=true, userFullName=Oluwasakin Tobi, userEmailAdd=ooluwasakin@ecobank.com, userBranch=325, passwordExpiryPolicy=password unique to user, authorisedUserFlag=true, userName=ooluwasakin, serverIP=null, serviceClient=null, affiliateCode=ENG, userProfiles=[], tokenGroup=null, createdBy=null, deleteFlag=null, dateCreated=null, editedFlag=false, editedRoleFlag=false, password=null]    *********
235187 [http-nio-1100-exec-7] INFO   c.p.h.service.UserAdminServiceImpl.performBasicADAuthentication 150  - ***********userinfo***************User [userID=573, affiliate=ENG, limitAmount=0, active=true, userRolesStr=ADMIN, operationUser=true, fullName=Oluwasakin Tobi, firstName=Oluwasakin, lastName=Tobi, email=ooluwasakin@ecobank.com, branchCode=325, passwordExpiryPolicy=password unique to user, authorised=false, adUsername=ooluwasakin, password=null, userProfiles=[], currentLoginIPAddress=0:0:0:0:0:0:0:1, userFullName=null, customActivities=[], dateCreated=null, editedFlag=false, editedRoleFlag=false]
235187 [http-nio-1100-exec-7] INFO   c.p.h.s.CustomUserDetailsService.authenticate 86  - XXXX User before Adding ==> User [userID=573, affiliate=ENG, limitAmount=0, active=true, userRolesStr=ADMIN, operationUser=true, fullName=Oluwasakin Tobi, firstName=Oluwasakin, lastName=Tobi, email=ooluwasakin@ecobank.com, branchCode=325, passwordExpiryPolicy=password unique to user, authorised=false, adUsername=ooluwasakin, password=null, userProfiles=[UserProfileAdmin [roleID=1, type=ADMIN]], currentLoginIPAddress=0:0:0:0:0:0:0:1, userFullName=null, customActivities=[], dateCreated=null, editedFlag=false, editedRoleFlag=false] XXXX
235187 [http-nio-1100-exec-7] INFO   c.p.h.s.CustomUserDetailsService.getGrantedAuthorities 106  - ************ UserProfile : UserProfileAdmin [roleID=1, type=ADMIN] *************
235187 [http-nio-1100-exec-7] INFO   c.p.h.s.CustomUserDetailsService.getGrantedAuthorities 110  - ************ authorities : [ROLE_ADMIN] **************
235193 [http-nio-1100-exec-8] INFO   c.p.homeFellowship.WelcomeController.listUsers 1016  - +++ DASHBOARD ==> 
235229 [http-nio-1100-exec-8] INFO   c.p.h.dao.InquiryDaoImpl.get_user_step_position 204  - returningResultSet user position{r_user_step_position=[]}
235229 [http-nio-1100-exec-8] INFO   c.p.homeFellowship.WelcomeController.listUsers 1020  - responseStepUserStepPositionResp [stepPosition=0, stepid=0, stepName=null]
247170 [http-nio-1100-exec-1] INFO   c.p.homeFellowship.WelcomeController.edituserdetails 821  - ++EditUserDetails ==> false
247171 [http-nio-1100-exec-1] INFO   c.p.homeFellowship.WelcomeController.edituserdetails 826  - +++ userID ==> 41
247181 [http-nio-1100-exec-1] INFO   c.p.homeFellowship.WelcomeController.edituserdetails 829  - +++ user ==> User [userID=41, affiliateID=0, userTransactionLimit=null, active=true, userRoles=ADMIN, operationUser=false, userFullName=Adebusuyi Tobi, userEmailAdd=busuyi@gmail.com, userBranch=busuyi, passwordExpiryPolicy=null, authorisedUserFlag=true, userName=BUSUYI, serverIP=null, serviceClient=null, affiliateCode=ENG, tokenGroup=null, createdBy=null, deleteFlag=0, dateCreated=null, editedFlag=false, editedRoleFlag=false, password=null]
247182 [http-nio-1100-exec-1] INFO   c.p.h.service.InquiryServiceImpl.getroles 93  - logg
1178690 [Thread-3] INFO   c.p.h.c.JdbcConfiguration.destroy 85  - **********************Application Destroyed...**********************
20538 [main] INFO   o.s.boot.StartupInfoLogger.logStarting 50  - Starting App on Oluwasakins-MacBook-Pro.local with PID 30387 (/Users/oluwasakinoluwatobi/eclipse-workspace/homeFellowship/target/classes started by oluwasakinoluwatobi in /Users/oluwasakinoluwatobi/eclipse-workspace/homeFellowship)
20541 [main] DEBUG  o.s.boot.StartupInfoLogger.logStarting 53  - Running with Spring Boot v2.0.2.RELEASE, Spring v5.0.6.RELEASE
20543 [main] INFO   o.s.boot.SpringApplication.logStartupProfileInfo 659  - No active profile set, falling back to default profiles: default
21498 [main] INFO   com.portal.homeFellowship.App$1.customizeConnector 56  - Set MaxSwallowSize 50000000
21510 [main] DEBUG  o.s.b.w.servlet.server.DocumentRoot.getArchiveFileDocumentRoot 82  - Code archive: /Users/oluwasakinoluwatobi/.m2/repository/org/springframework/boot/spring-boot/2.0.2.RELEASE/spring-boot-2.0.2.RELEASE.jar
21510 [main] DEBUG  o.s.b.w.servlet.server.DocumentRoot.getExplodedWarFileDocumentRoot 126  - Code archive: /Users/oluwasakinoluwatobi/.m2/repository/org/springframework/boot/spring-boot/2.0.2.RELEASE/spring-boot-2.0.2.RELEASE.jar
21510 [main] DEBUG  o.s.b.w.servlet.server.DocumentRoot.getValidDirectory 70  - Document root: /Users/oluwasakinoluwatobi/eclipse-workspace/homeFellowship/src/main/webapp
22032 [localhost-startStop-1] INFO   c.p.h.c.MyRequestContextListener.startup 19  - ***************************REQUEST CONTEXT LISTENER STARTED******************************
22082 [main] INFO   c.p.h.c.JdbcConfiguration.startup 29  - ***************************APPLICATION CONTEXT STARTED******************************
23218 [main] INFO   o.s.boot.StartupInfoLogger.logStarted 59  - Started App in 22.903 seconds (JVM running for 23.439)
33259 [http-nio-1100-exec-2] INFO   c.p.homeFellowship.WelcomeController.loginPage 127  - login here
39729 [http-nio-1100-exec-1] INFO   c.p.h.s.CustomUserDetailsService.authenticate 56  - ********** User top : ooluwasakin *************
39729 [http-nio-1100-exec-1] INFO   c.p.h.s.CustomUserDetailsService.authenticate 57  - ********** IP Address : 0:0:0:0:0:0:0:1 *************
39729 [http-nio-1100-exec-1] INFO   c.p.h.s.CustomUserDetailsService.authenticate 61  - **********credentials jh *************
39745 [http-nio-1100-exec-1] INFO   c.p.h.service.UserAdminServiceImpl.performBasicADAuthentication 49  - ********** The user is:ooluwasakin *********
39746 [http-nio-1100-exec-1] INFO   c.p.h.service.UserAdminServiceImpl.performBasicADAuthentication 62  - ********** isAuthenticated? true *********
45169 [http-nio-1100-exec-1] INFO   c.p.h.service.UserAdminServiceImpl.performBasicADAuthentication 82  - ********Is user Validated: true *********
45169 [http-nio-1100-exec-1] INFO   c.p.h.service.UserAdminServiceImpl.performBasicADAuthentication 90  - ********got here *********
45189 [http-nio-1100-exec-1] INFO   c.p.h.service.UserAdminServiceImpl.performBasicADAuthentication 102  - ********Is user Edited: false *********
45190 [http-nio-1100-exec-1] INFO   c.p.h.service.UserAdminServiceImpl.performBasicADAuthentication 112  - ********Is user Edited: false *********
45190 [http-nio-1100-exec-1] INFO   c.p.h.service.UserAdminServiceImpl.performBasicADAuthentication 123  - ********userprofile ==> User1 [userID=573, affiliateID=0, userTransactionLimit=0, active=true, userRoles=ADMIN, operationUser=true, userFullName=Oluwasakin Tobi, userEmailAdd=ooluwasakin@ecobank.com, userBranch=325, passwordExpiryPolicy=password unique to user, authorisedUserFlag=true, userName=ooluwasakin, serverIP=null, serviceClient=null, affiliateCode=ENG, userProfiles=[], tokenGroup=null, createdBy=null, deleteFlag=null, dateCreated=null, editedFlag=false, editedRoleFlag=false, password=null]    *********
45191 [http-nio-1100-exec-1] INFO   c.p.h.service.UserAdminServiceImpl.performBasicADAuthentication 150  - ***********userinfo***************User [userID=573, affiliate=ENG, limitAmount=0, active=true, userRolesStr=ADMIN, operationUser=true, fullName=Oluwasakin Tobi, firstName=Oluwasakin, lastName=Tobi, email=ooluwasakin@ecobank.com, branchCode=325, passwordExpiryPolicy=password unique to user, authorised=false, adUsername=ooluwasakin, password=null, userProfiles=[], currentLoginIPAddress=0:0:0:0:0:0:0:1, userFullName=null, customActivities=[], dateCreated=null, editedFlag=false, editedRoleFlag=false]
45192 [http-nio-1100-exec-1] INFO   c.p.h.s.CustomUserDetailsService.authenticate 86  - XXXX User before Adding ==> User [userID=573, affiliate=ENG, limitAmount=0, active=true, userRolesStr=ADMIN, operationUser=true, fullName=Oluwasakin Tobi, firstName=Oluwasakin, lastName=Tobi, email=ooluwasakin@ecobank.com, branchCode=325, passwordExpiryPolicy=password unique to user, authorised=false, adUsername=ooluwasakin, password=null, userProfiles=[UserProfileAdmin [roleID=1, type=ADMIN]], currentLoginIPAddress=0:0:0:0:0:0:0:1, userFullName=null, customActivities=[], dateCreated=null, editedFlag=false, editedRoleFlag=false] XXXX
45193 [http-nio-1100-exec-1] INFO   c.p.h.s.CustomUserDetailsService.getGrantedAuthorities 106  - ************ UserProfile : UserProfileAdmin [roleID=1, type=ADMIN] *************
45193 [http-nio-1100-exec-1] INFO   c.p.h.s.CustomUserDetailsService.getGrantedAuthorities 110  - ************ authorities : [ROLE_ADMIN] **************
45200 [http-nio-1100-exec-10] INFO   c.p.homeFellowship.WelcomeController.listUsers 1016  - +++ DASHBOARD ==> 
45249 [http-nio-1100-exec-10] INFO   c.p.h.dao.InquiryDaoImpl.get_user_step_position 204  - returningResultSet user position{r_user_step_position=[]}
45249 [http-nio-1100-exec-10] INFO   c.p.homeFellowship.WelcomeController.listUsers 1020  - responseStepUserStepPositionResp [stepPosition=0, stepid=0, stepName=null]
63924 [http-nio-1100-exec-6] INFO   c.p.homeFellowship.WelcomeController.edituserdetails 821  - ++EditUserDetails ==> false
63925 [http-nio-1100-exec-6] INFO   c.p.homeFellowship.WelcomeController.edituserdetails 826  - +++ userID ==> 41
63936 [http-nio-1100-exec-6] INFO   c.p.homeFellowship.WelcomeController.edituserdetails 829  - +++ user ==> User [userID=41, affiliateID=0, userTransactionLimit=null, active=true, userRoles=ADMIN, operationUser=false, userFullName=Adebusuyi Tobi, userEmailAdd=busuyi@gmail.com, userBranch=busuyi, passwordExpiryPolicy=null, authorisedUserFlag=true, userName=BUSUYI, serverIP=null, serviceClient=null, affiliateCode=ENG, tokenGroup=null, createdBy=null, deleteFlag=0, dateCreated=null, editedFlag=false, editedRoleFlag=false, password=null]
63936 [http-nio-1100-exec-6] INFO   c.p.h.service.InquiryServiceImpl.getroles 93  - logg
97555 [http-nio-1100-exec-10] INFO   c.p.homeFellowship.WelcomeController.edituserdetails 856  - ++i  got here ==> EditUserDetails [userID=41, userName=BUSUYI, userRoles=ADMIN, serverIP=null, serviceClient=null, affiliateCode=null, product=null, productId=0, stepId=0, stepName=null]
97569 [http-nio-1100-exec-10] INFO   c.p.homeFellowship.utility.BasicUtil.validateEmail 113  - SPlit-->busuyi
97570 [http-nio-1100-exec-10] INFO   c.p.homeFellowship.utility.BasicUtil.validateEmail 119  - **NoNo==> busuyi@hotmail.com **
97584 [http-nio-1100-exec-7] INFO   c.p.homeFellowship.WelcomeController.edituserdetails 821  - ++EditUserDetails ==> false
97585 [http-nio-1100-exec-7] INFO   c.p.homeFellowship.WelcomeController.edituserdetails 826  - +++ userID ==> 41
97592 [http-nio-1100-exec-7] INFO   c.p.homeFellowship.WelcomeController.edituserdetails 829  - +++ user ==> User [userID=41, affiliateID=0, userTransactionLimit=null, active=true, userRoles=ADMIN, operationUser=false, userFullName=Adebusuyi Tobi, userEmailAdd=busuyi@gmail.com, userBranch=busuyi, passwordExpiryPolicy=null, authorisedUserFlag=true, userName=BUSUYI, serverIP=null, serviceClient=null, affiliateCode=ENG, tokenGroup=null, createdBy=null, deleteFlag=0, dateCreated=null, editedFlag=false, editedRoleFlag=false, password=null]
97593 [http-nio-1100-exec-7] INFO   c.p.h.service.InquiryServiceImpl.getroles 93  - logg
128930 [http-nio-1100-exec-6] INFO   c.p.homeFellowship.WelcomeController.edituserdetails 856  - ++i  got here ==> EditUserDetails [userID=41, userName=BUSUYI, userRoles=AREA SUPERVISOR, serverIP=null, serviceClient=null, affiliateCode=null, product=null, productId=0, stepId=0, stepName=null]
128940 [http-nio-1100-exec-6] INFO   c.p.homeFellowship.utility.BasicUtil.validateEmail 113  - SPlit-->busuyi
128941 [http-nio-1100-exec-6] INFO   c.p.homeFellowship.utility.BasicUtil.validateEmail 116  - **Yes==> busuyi@yahoo.com **
128986 [http-nio-1100-exec-4] INFO   c.p.homeFellowship.WelcomeController.edituserdetails 821  - ++EditUserDetails ==> false
128987 [http-nio-1100-exec-4] INFO   c.p.homeFellowship.WelcomeController.edituserdetails 826  - +++ userID ==> 41
128996 [http-nio-1100-exec-4] INFO   c.p.homeFellowship.WelcomeController.edituserdetails 829  - +++ user ==> User [userID=41, affiliateID=0, userTransactionLimit=null, active=true, userRoles=AREA SUPERVISOR, operationUser=false, userFullName=Adebusuyi Seun, userEmailAdd=busuyi@yahoo.com, userBranch=busuyi, passwordExpiryPolicy=null, authorisedUserFlag=true, userName=BUSUYI, serverIP=null, serviceClient=null, affiliateCode=ENG, tokenGroup=null, createdBy=null, deleteFlag=0, dateCreated=null, editedFlag=false, editedRoleFlag=false, password=null]
128997 [http-nio-1100-exec-4] INFO   c.p.h.service.InquiryServiceImpl.getroles 93  - logg
23071073 [Thread-3] INFO   c.p.h.c.JdbcConfiguration.destroy 85  - **********************Application Destroyed...**********************
20595 [main] INFO   o.s.boot.StartupInfoLogger.logStarting 50  - Starting App on Oluwasakins-MacBook-Pro.local with PID 30864 (/Users/oluwasakinoluwatobi/eclipse-workspace/homeFellowship/target/classes started by oluwasakinoluwatobi in /Users/oluwasakinoluwatobi/eclipse-workspace/homeFellowship)
20598 [main] DEBUG  o.s.boot.StartupInfoLogger.logStarting 53  - Running with Spring Boot v2.0.2.RELEASE, Spring v5.0.6.RELEASE
20599 [main] INFO   o.s.boot.SpringApplication.logStartupProfileInfo 659  - No active profile set, falling back to default profiles: default
21598 [main] INFO   com.portal.homeFellowship.App$1.customizeConnector 56  - Set MaxSwallowSize 50000000
21609 [main] DEBUG  o.s.b.w.servlet.server.DocumentRoot.getArchiveFileDocumentRoot 82  - Code archive: /Users/oluwasakinoluwatobi/.m2/repository/org/springframework/boot/spring-boot/2.0.2.RELEASE/spring-boot-2.0.2.RELEASE.jar
21610 [main] DEBUG  o.s.b.w.servlet.server.DocumentRoot.getExplodedWarFileDocumentRoot 126  - Code archive: /Users/oluwasakinoluwatobi/.m2/repository/org/springframework/boot/spring-boot/2.0.2.RELEASE/spring-boot-2.0.2.RELEASE.jar
21610 [main] DEBUG  o.s.b.w.servlet.server.DocumentRoot.getValidDirectory 70  - Document root: /Users/oluwasakinoluwatobi/eclipse-workspace/homeFellowship/src/main/webapp
22042 [localhost-startStop-1] INFO   c.p.h.c.MyRequestContextListener.startup 19  - ***************************REQUEST CONTEXT LISTENER STARTED******************************
22091 [main] INFO   c.p.h.c.JdbcConfiguration.startup 29  - ***************************APPLICATION CONTEXT STARTED******************************
23259 [main] INFO   o.s.boot.StartupInfoLogger.logStarted 59  - Started App in 22.904 seconds (JVM running for 23.474)
29389 [http-nio-1100-exec-2] INFO   c.p.homeFellowship.WelcomeController.loginPage 137  - login here
35603 [http-nio-1100-exec-1] INFO   c.p.h.s.CustomUserDetailsService.authenticate 56  - ********** User top : ooluwasakin *************
35603 [http-nio-1100-exec-1] INFO   c.p.h.s.CustomUserDetailsService.authenticate 57  - ********** IP Address : 0:0:0:0:0:0:0:1 *************
35603 [http-nio-1100-exec-1] INFO   c.p.h.s.CustomUserDetailsService.authenticate 61  - **********credentials ds *************
35620 [http-nio-1100-exec-1] INFO   c.p.h.service.UserAdminServiceImpl.performBasicADAuthentication 49  - ********** The user is:ooluwasakin *********
35621 [http-nio-1100-exec-1] INFO   c.p.h.service.UserAdminServiceImpl.performBasicADAuthentication 62  - ********** isAuthenticated? true *********
41022 [http-nio-1100-exec-1] INFO   c.p.h.service.UserAdminServiceImpl.performBasicADAuthentication 82  - ********Is user Validated: true *********
41023 [http-nio-1100-exec-1] INFO   c.p.h.service.UserAdminServiceImpl.performBasicADAuthentication 90  - ********got here *********
41043 [http-nio-1100-exec-1] INFO   c.p.h.service.UserAdminServiceImpl.performBasicADAuthentication 102  - ********Is user Edited: false *********
41043 [http-nio-1100-exec-1] INFO   c.p.h.service.UserAdminServiceImpl.performBasicADAuthentication 112  - ********Is user Edited: false *********
41044 [http-nio-1100-exec-1] INFO   c.p.h.service.UserAdminServiceImpl.performBasicADAuthentication 123  - ********userprofile ==> User1 [userID=573, affiliateID=0, userTransactionLimit=0, active=true, userRoles=ADMIN, operationUser=true, userFullName=Oluwasakin Tobi, userEmailAdd=ooluwasakin@ecobank.com, userBranch=325, passwordExpiryPolicy=password unique to user, authorisedUserFlag=true, userName=ooluwasakin, serverIP=null, serviceClient=null, affiliateCode=ENG, userProfiles=[], tokenGroup=null, createdBy=null, deleteFlag=null, dateCreated=null, editedFlag=false, editedRoleFlag=false, password=null]    *********
41045 [http-nio-1100-exec-1] INFO   c.p.h.service.UserAdminServiceImpl.performBasicADAuthentication 150  - ***********userinfo***************User [userID=573, affiliate=ENG, limitAmount=0, active=true, userRolesStr=ADMIN, operationUser=true, fullName=Oluwasakin Tobi, firstName=Oluwasakin, lastName=Tobi, email=ooluwasakin@ecobank.com, branchCode=325, passwordExpiryPolicy=password unique to user, authorised=false, adUsername=ooluwasakin, password=null, userProfiles=[], currentLoginIPAddress=0:0:0:0:0:0:0:1, userFullName=null, customActivities=[], dateCreated=null, editedFlag=false, editedRoleFlag=false]
41046 [http-nio-1100-exec-1] INFO   c.p.h.s.CustomUserDetailsService.authenticate 86  - XXXX User before Adding ==> User [userID=573, affiliate=ENG, limitAmount=0, active=true, userRolesStr=ADMIN, operationUser=true, fullName=Oluwasakin Tobi, firstName=Oluwasakin, lastName=Tobi, email=ooluwasakin@ecobank.com, branchCode=325, passwordExpiryPolicy=password unique to user, authorised=false, adUsername=ooluwasakin, password=null, userProfiles=[UserProfileAdmin [roleID=1, type=ADMIN]], currentLoginIPAddress=0:0:0:0:0:0:0:1, userFullName=null, customActivities=[], dateCreated=null, editedFlag=false, editedRoleFlag=false] XXXX
41046 [http-nio-1100-exec-1] INFO   c.p.h.s.CustomUserDetailsService.getGrantedAuthorities 106  - ************ UserProfile : UserProfileAdmin [roleID=1, type=ADMIN] *************
41046 [http-nio-1100-exec-1] INFO   c.p.h.s.CustomUserDetailsService.getGrantedAuthorities 110  - ************ authorities : [ROLE_ADMIN] **************
41055 [http-nio-1100-exec-10] INFO   c.p.homeFellowship.WelcomeController.listUsers 1026  - +++ DASHBOARD ==> 
41120 [http-nio-1100-exec-10] INFO   c.p.h.dao.InquiryDaoImpl.get_user_step_position 204  - returningResultSet user position{r_user_step_position=[]}
41121 [http-nio-1100-exec-10] INFO   c.p.homeFellowship.WelcomeController.listUsers 1030  - responseStepUserStepPositionResp [stepPosition=0, stepid=0, stepName=null]
47859 [http-nio-1100-exec-10] INFO   c.p.h.service.InquiryServiceImpl.getroles 93  - logg
